<?xml version="1.0" encoding="UTF-8"?>
<!-- Generated by org.testng.reporters.JUnitXMLReporter -->
<testsuite hostname="DESKTOP-4C220HH" ignored="6" name="Command line test" tests="158" failures="64" timestamp="2020-08-13T19:45:45 IST" time="2872.296" errors="0">
  <testcase name="@AfterMethod getmethodstatus" time="0.127" classname="testcases.UserLoginPage_Test">
    <failure type="java.lang.NullPointerException">
      <![CDATA[java.lang.NullPointerException
at reusefunctions.ReuseFunctions.takeScreenshotAtEndOfTest(ReuseFunctions.java:57)
at webeventlistner.WebEventListener.onException(WebEventListener.java:63)
at org.openqa.selenium.support.events.EventFiringWebDriver.lambda$new$0(EventFiringWebDriver.java:84)
at com.sun.proxy.$Proxy9.onException(Unknown Source)
at org.openqa.selenium.support.events.EventFiringWebDriver.lambda$new$1(EventFiringWebDriver.java:107)
at com.sun.proxy.$Proxy10.getScreenshotAs(Unknown Source)
at org.openqa.selenium.support.events.EventFiringWebDriver.getScreenshotAs(EventFiringWebDriver.java:302)
at reusefunctions.ReuseFunctions.getScreenshot(ReuseFunctions.java:101)
at webpages.BaseTest.getResult(BaseTest.java:100)
at testcases.UserLoginPage_Test.getmethodstatus(UserLoginPage_Test.java:47)
at java.util.ArrayList.forEach(Unknown Source)
... Removed 45 stack frames]]>
    </failure>
  </testcase> <!-- @AfterMethod getmethodstatus -->
  <testcase name="@AfterClass teardown" time="4.011" classname="testcases.UserQueuesPage_Test">
    <failure type="java.lang.NullPointerException">
      <![CDATA[java.lang.NullPointerException
at reusefunctions.ReuseFunctions.takeScreenshotAtEndOfTest(ReuseFunctions.java:57)
at webeventlistner.WebEventListener.onException(WebEventListener.java:63)
at org.openqa.selenium.support.events.EventFiringWebDriver.lambda$new$0(EventFiringWebDriver.java:84)
at com.sun.proxy.$Proxy9.onException(Unknown Source)
at org.openqa.selenium.support.events.EventFiringWebDriver.lambda$new$1(EventFiringWebDriver.java:107)
at com.sun.proxy.$Proxy10.close(Unknown Source)
at org.openqa.selenium.support.events.EventFiringWebDriver.close(EventFiringWebDriver.java:206)
at testcases.UserQueuesPage_Test.teardown(UserQueuesPage_Test.java:73)
at java.util.ArrayList.forEach(Unknown Source)
... Removed 38 stack frames]]>
    </failure>
  </testcase> <!-- @AfterClass teardown -->
  <testcase name="@AfterClass teardown" time="0.008" classname="testcases.SystemRecordingPage_Test">
    <failure type="java.lang.NullPointerException">
      <![CDATA[java.lang.NullPointerException
at reusefunctions.ReuseFunctions.takeScreenshotAtEndOfTest(ReuseFunctions.java:57)
at webeventlistner.WebEventListener.onException(WebEventListener.java:63)
at org.openqa.selenium.support.events.EventFiringWebDriver.lambda$new$0(EventFiringWebDriver.java:84)
at com.sun.proxy.$Proxy9.onException(Unknown Source)
at org.openqa.selenium.support.events.EventFiringWebDriver.lambda$new$1(EventFiringWebDriver.java:107)
at com.sun.proxy.$Proxy10.close(Unknown Source)
at org.openqa.selenium.support.events.EventFiringWebDriver.close(EventFiringWebDriver.java:206)
at testcases.SystemRecordingPage_Test.teardown(SystemRecordingPage_Test.java:97)
at java.util.ArrayList.forEach(Unknown Source)
... Removed 38 stack frames]]>
    </failure>
  </testcase> <!-- @AfterClass teardown -->
  <testcase name="@AfterClass teardown" time="0.004" classname="testcases.ListofExtensionsSipPage_Test">
    <failure type="java.lang.NullPointerException">
      <![CDATA[java.lang.NullPointerException
at reusefunctions.ReuseFunctions.takeScreenshotAtEndOfTest(ReuseFunctions.java:57)
at webeventlistner.WebEventListener.onException(WebEventListener.java:63)
at org.openqa.selenium.support.events.EventFiringWebDriver.lambda$new$0(EventFiringWebDriver.java:84)
at com.sun.proxy.$Proxy9.onException(Unknown Source)
at org.openqa.selenium.support.events.EventFiringWebDriver.lambda$new$1(EventFiringWebDriver.java:107)
at com.sun.proxy.$Proxy10.close(Unknown Source)
at org.openqa.selenium.support.events.EventFiringWebDriver.close(EventFiringWebDriver.java:206)
at testcases.ListofExtensionsSipPage_Test.teardown(ListofExtensionsSipPage_Test.java:93)
at java.util.ArrayList.forEach(Unknown Source)
... Removed 38 stack frames]]>
    </failure>
  </testcase> <!-- @AfterClass teardown -->
  <testcase name="@AfterMethod getmethodstatus" time="0.005" classname="testcases.LoginPage_Test">
    <failure type="java.lang.NullPointerException">
      <![CDATA[java.lang.NullPointerException
at reusefunctions.ReuseFunctions.takeScreenshotAtEndOfTest(ReuseFunctions.java:57)
at webeventlistner.WebEventListener.onException(WebEventListener.java:63)
at org.openqa.selenium.support.events.EventFiringWebDriver.lambda$new$0(EventFiringWebDriver.java:84)
at com.sun.proxy.$Proxy9.onException(Unknown Source)
at org.openqa.selenium.support.events.EventFiringWebDriver.lambda$new$1(EventFiringWebDriver.java:107)
at com.sun.proxy.$Proxy10.getScreenshotAs(Unknown Source)
at org.openqa.selenium.support.events.EventFiringWebDriver.getScreenshotAs(EventFiringWebDriver.java:302)
at reusefunctions.ReuseFunctions.getScreenshot(ReuseFunctions.java:101)
at webpages.BaseTest.getResult(BaseTest.java:100)
at testcases.LoginPage_Test.getmethodstatus(LoginPage_Test.java:46)
at java.util.ArrayList.forEach(Unknown Source)
... Removed 45 stack frames]]>
    </failure>
  </testcase> <!-- @AfterMethod getmethodstatus -->
  <testcase name="add_customerpjsip" time="16.134" classname="testcases.AddCustomerPage_Test"/>
  <testcase name="directory_validation" time="28.051" classname="testcases.UserDirectoryPage_Test">
    <failure type="java.lang.NullPointerException">
      <![CDATA[java.lang.NullPointerException
at reusefunctions.ReuseFunctions.takeScreenshotAtEndOfTest(ReuseFunctions.java:57)
at webeventlistner.WebEventListener.onException(WebEventListener.java:63)
at org.openqa.selenium.support.events.EventFiringWebDriver.lambda$new$0(EventFiringWebDriver.java:84)
at com.sun.proxy.$Proxy9.onException(Unknown Source)
at org.openqa.selenium.support.events.EventFiringWebDriver.lambda$new$1(EventFiringWebDriver.java:107)
at com.sun.proxy.$Proxy10.findElement(Unknown Source)
at org.openqa.selenium.support.events.EventFiringWebDriver.findElement(EventFiringWebDriver.java:194)
at org.openqa.selenium.support.pagefactory.DefaultElementLocator.findElement(DefaultElementLocator.java:69)
at org.openqa.selenium.support.pagefactory.internal.LocatingElementHandler.invoke(LocatingElementHandler.java:38)
at com.sun.proxy.$Proxy14.click(Unknown Source)
at webpages.UserDirectoryPage.directory_validation(UserDirectoryPage.java:57)
at testcases.UserDirectoryPage_Test.directory_validation(UserDirectoryPage_Test.java:39)
at java.util.ArrayList.forEach(Unknown Source)
... Removed 41 stack frames]]>
    </failure>
  </testcase> <!-- directory_validation -->
  <testcase name="musiconhold_validation" time="6.541" classname="testcases.MusiconHoldPage_Test"/>
  <testcase name="add_customersip" time="17.029" classname="testcases.AddCustomerPage_Test">
    <failure type="java.lang.NullPointerException">
      <![CDATA[java.lang.NullPointerException
at reusefunctions.ReuseFunctions.takeScreenshotAtEndOfTest(ReuseFunctions.java:57)
at webeventlistner.WebEventListener.onException(WebEventListener.java:63)
at org.openqa.selenium.support.events.EventFiringWebDriver.lambda$new$0(EventFiringWebDriver.java:84)
at com.sun.proxy.$Proxy9.onException(Unknown Source)
at org.openqa.selenium.support.events.EventFiringWebDriver.lambda$new$1(EventFiringWebDriver.java:107)
at com.sun.proxy.$Proxy10.findElement(Unknown Source)
at org.openqa.selenium.support.events.EventFiringWebDriver.findElement(EventFiringWebDriver.java:194)
at org.openqa.selenium.support.pagefactory.DefaultElementLocator.findElement(DefaultElementLocator.java:69)
at org.openqa.selenium.support.pagefactory.internal.LocatingElementHandler.invoke(LocatingElementHandler.java:38)
at com.sun.proxy.$Proxy14.sendKeys(Unknown Source)
at webpages.AddCustomerPage.add_customersip(AddCustomerPage.java:86)
at testcases.AddCustomerPage_Test.add_customersip(AddCustomerPage_Test.java:44)
at java.util.ArrayList.forEach(Unknown Source)
... Removed 41 stack frames]]>
    </failure>
  </testcase> <!-- add_customersip -->
  <testcase name="add_directroy" time="21.071" classname="testcases.UserDirectoryPage_Test">
    <failure type="java.lang.NullPointerException">
      <![CDATA[java.lang.NullPointerException
at reusefunctions.ReuseFunctions.takeScreenshotAtEndOfTest(ReuseFunctions.java:57)
at webeventlistner.WebEventListener.onException(WebEventListener.java:63)
at org.openqa.selenium.support.events.EventFiringWebDriver.lambda$new$0(EventFiringWebDriver.java:84)
at com.sun.proxy.$Proxy9.onException(Unknown Source)
at org.openqa.selenium.support.events.EventFiringWebDriver.lambda$new$1(EventFiringWebDriver.java:107)
at com.sun.proxy.$Proxy10.findElement(Unknown Source)
at org.openqa.selenium.support.events.EventFiringWebDriver.findElement(EventFiringWebDriver.java:194)
at org.openqa.selenium.support.pagefactory.DefaultElementLocator.findElement(DefaultElementLocator.java:69)
at org.openqa.selenium.support.pagefactory.internal.LocatingElementHandler.invoke(LocatingElementHandler.java:38)
at com.sun.proxy.$Proxy14.click(Unknown Source)
at webpages.UserDirectoryPage.add_directroy(UserDirectoryPage.java:73)
at testcases.UserDirectoryPage_Test.add_directroy(UserDirectoryPage_Test.java:48)
at java.util.ArrayList.forEach(Unknown Source)
... Removed 41 stack frames]]>
    </failure>
  </testcase> <!-- add_directroy -->
  <testcase name="add_musichold" time="23.117" classname="testcases.MusiconHoldPage_Test">
    <failure type="java.lang.NullPointerException">
      <![CDATA[java.lang.NullPointerException
at reusefunctions.ReuseFunctions.takeScreenshotAtEndOfTest(ReuseFunctions.java:57)
at webeventlistner.WebEventListener.onException(WebEventListener.java:63)
at org.openqa.selenium.support.events.EventFiringWebDriver.lambda$new$0(EventFiringWebDriver.java:84)
at com.sun.proxy.$Proxy9.onException(Unknown Source)
at org.openqa.selenium.support.events.EventFiringWebDriver.lambda$new$1(EventFiringWebDriver.java:107)
at com.sun.proxy.$Proxy10.findElement(Unknown Source)
at org.openqa.selenium.support.events.EventFiringWebDriver.findElement(EventFiringWebDriver.java:194)
at org.openqa.selenium.support.pagefactory.DefaultElementLocator.findElement(DefaultElementLocator.java:69)
at org.openqa.selenium.support.pagefactory.internal.LocatingElementHandler.invoke(LocatingElementHandler.java:38)
at com.sun.proxy.$Proxy14.getText(Unknown Source)
at webpages.MusiconHoldPage.add_musichold(MusiconHoldPage.java:83)
at testcases.MusiconHoldPage_Test.add_musichold(MusiconHoldPage_Test.java:42)
at java.util.ArrayList.forEach(Unknown Source)
... Removed 41 stack frames]]>
    </failure>
  </testcase> <!-- add_musichold -->
  <testcase name="add_customerUserDevice" time="17.031" classname="testcases.AddCustomerPage_Test">
    <failure type="java.lang.NullPointerException">
      <![CDATA[java.lang.NullPointerException
at reusefunctions.ReuseFunctions.takeScreenshotAtEndOfTest(ReuseFunctions.java:57)
at webeventlistner.WebEventListener.onException(WebEventListener.java:63)
at org.openqa.selenium.support.events.EventFiringWebDriver.lambda$new$0(EventFiringWebDriver.java:84)
at com.sun.proxy.$Proxy9.onException(Unknown Source)
at org.openqa.selenium.support.events.EventFiringWebDriver.lambda$new$1(EventFiringWebDriver.java:107)
at com.sun.proxy.$Proxy10.findElement(Unknown Source)
at org.openqa.selenium.support.events.EventFiringWebDriver.findElement(EventFiringWebDriver.java:194)
at org.openqa.selenium.support.pagefactory.DefaultElementLocator.findElement(DefaultElementLocator.java:69)
at org.openqa.selenium.support.pagefactory.internal.LocatingElementHandler.invoke(LocatingElementHandler.java:38)
at com.sun.proxy.$Proxy14.sendKeys(Unknown Source)
at webpages.AddCustomerPage.add_customerUserDevice(AddCustomerPage.java:119)
at testcases.AddCustomerPage_Test.add_customerUserDevice(AddCustomerPage_Test.java:50)
at java.util.ArrayList.forEach(Unknown Source)
... Removed 41 stack frames]]>
    </failure>
  </testcase> <!-- add_customerUserDevice -->
  <testcase name="announcement_validation" time="8.671" classname="testcases.AnnouncementsPage_Test"/>
  <testcase name="add_announcement" time="11.429" classname="testcases.AnnouncementsPage_Test"/>
  <testcase name="assign_directroy" time="25.048" classname="testcases.UserDirectoryPage_Test">
    <failure type="java.lang.NullPointerException">
      <![CDATA[java.lang.NullPointerException
at reusefunctions.ReuseFunctions.takeScreenshotAtEndOfTest(ReuseFunctions.java:57)
at webeventlistner.WebEventListener.onException(WebEventListener.java:63)
at org.openqa.selenium.support.events.EventFiringWebDriver.lambda$new$0(EventFiringWebDriver.java:84)
at com.sun.proxy.$Proxy9.onException(Unknown Source)
at org.openqa.selenium.support.events.EventFiringWebDriver.lambda$new$1(EventFiringWebDriver.java:107)
at com.sun.proxy.$Proxy10.findElement(Unknown Source)
at org.openqa.selenium.support.events.EventFiringWebDriver.findElement(EventFiringWebDriver.java:194)
at org.openqa.selenium.support.pagefactory.DefaultElementLocator.findElement(DefaultElementLocator.java:69)
at org.openqa.selenium.support.pagefactory.internal.LocatingElementHandler.invoke(LocatingElementHandler.java:38)
at com.sun.proxy.$Proxy14.click(Unknown Source)
at webpages.UserDirectoryPage.assign_directory(UserDirectoryPage.java:101)
at testcases.UserDirectoryPage_Test.assign_directroy(UserDirectoryPage_Test.java:64)
at java.util.ArrayList.forEach(Unknown Source)
... Removed 41 stack frames]]>
    </failure>
  </testcase> <!-- assign_directroy -->
  <testcase name="edit_announcement" time="9.534" classname="testcases.AnnouncementsPage_Test"/>
  <testcase name="edit_musichold" time="25.125" classname="testcases.MusiconHoldPage_Test">
    <failure type="java.lang.NullPointerException">
      <![CDATA[java.lang.NullPointerException
at reusefunctions.ReuseFunctions.takeScreenshotAtEndOfTest(ReuseFunctions.java:57)
at webeventlistner.WebEventListener.onException(WebEventListener.java:63)
at org.openqa.selenium.support.events.EventFiringWebDriver.lambda$new$0(EventFiringWebDriver.java:84)
at com.sun.proxy.$Proxy9.onException(Unknown Source)
at org.openqa.selenium.support.events.EventFiringWebDriver$EventFiringWebElement.lambda$new$0(EventFiringWebDriver.java:406)
at com.sun.proxy.$Proxy15.click(Unknown Source)
at org.openqa.selenium.support.events.EventFiringWebDriver$EventFiringWebElement.click(EventFiringWebDriver.java:417)
at org.openqa.selenium.support.pagefactory.internal.LocatingElementHandler.invoke(LocatingElementHandler.java:51)
at com.sun.proxy.$Proxy14.click(Unknown Source)
at webpages.MusiconHoldPage.edit_musichold(MusiconHoldPage.java:90)
at testcases.MusiconHoldPage_Test.edit_musichold(MusiconHoldPage_Test.java:49)
at java.util.ArrayList.forEach(Unknown Source)
... Removed 44 stack frames]]>
    </failure>
  </testcase> <!-- edit_musichold -->
  <testcase name="delete_announcement" time="25.033" classname="testcases.AnnouncementsPage_Test">
    <failure type="java.lang.NullPointerException">
      <![CDATA[java.lang.NullPointerException
at reusefunctions.ReuseFunctions.takeScreenshotAtEndOfTest(ReuseFunctions.java:57)
at webeventlistner.WebEventListener.onException(WebEventListener.java:63)
at org.openqa.selenium.support.events.EventFiringWebDriver.lambda$new$0(EventFiringWebDriver.java:84)
at com.sun.proxy.$Proxy9.onException(Unknown Source)
at org.openqa.selenium.support.events.EventFiringWebDriver.lambda$new$1(EventFiringWebDriver.java:107)
at com.sun.proxy.$Proxy10.findElement(Unknown Source)
at org.openqa.selenium.support.events.EventFiringWebDriver.findElement(EventFiringWebDriver.java:194)
at org.openqa.selenium.support.pagefactory.DefaultElementLocator.findElement(DefaultElementLocator.java:69)
at org.openqa.selenium.support.pagefactory.internal.LocatingElementHandler.invoke(LocatingElementHandler.java:38)
at com.sun.proxy.$Proxy14.click(Unknown Source)
at webpages.AnnouncementsPage.delete_announcement(AnnouncementsPage.java:132)
at testcases.AnnouncementsPage_Test.delete_announcement(AnnouncementsPage_Test.java:61)
at java.util.ArrayList.forEach(Unknown Source)
... Removed 41 stack frames]]>
    </failure>
  </testcase> <!-- delete_announcement -->
  <testcase name="announcement_validation" time="9.135" classname="testcases.AnnouncementsPjsipPage_Test"/>
  <testcase name="add_announcement" time="6.456" classname="testcases.AnnouncementsPjsipPage_Test"/>
  <testcase name="edit_announcement" time="9.554" classname="testcases.AnnouncementsPjsipPage_Test"/>
  <testcase name="delete_announcement" time="7.357" classname="testcases.AnnouncementsPjsipPage_Test"/>
  <testcase name="conferencepage_validation" time="11.996" classname="testcases.ConferencePage_Test"/>
  <testcase name="add_conferencepage" time="7.479" classname="testcases.ConferencePage_Test"/>
  <testcase name="delete_musichold" time="25.067" classname="testcases.MusiconHoldPage_Test">
    <failure type="java.lang.NullPointerException">
      <![CDATA[java.lang.NullPointerException
at reusefunctions.ReuseFunctions.takeScreenshotAtEndOfTest(ReuseFunctions.java:57)
at webeventlistner.WebEventListener.onException(WebEventListener.java:63)
at org.openqa.selenium.support.events.EventFiringWebDriver.lambda$new$0(EventFiringWebDriver.java:84)
at com.sun.proxy.$Proxy9.onException(Unknown Source)
at org.openqa.selenium.support.events.EventFiringWebDriver.lambda$new$1(EventFiringWebDriver.java:107)
at com.sun.proxy.$Proxy10.findElement(Unknown Source)
at org.openqa.selenium.support.events.EventFiringWebDriver.findElement(EventFiringWebDriver.java:194)
at org.openqa.selenium.support.pagefactory.DefaultElementLocator.findElement(DefaultElementLocator.java:69)
at org.openqa.selenium.support.pagefactory.internal.LocatingElementHandler.invoke(LocatingElementHandler.java:38)
at com.sun.proxy.$Proxy14.click(Unknown Source)
at webpages.MusiconHoldPage.delete_musichold(MusiconHoldPage.java:111)
at testcases.MusiconHoldPage_Test.delete_musichold(MusiconHoldPage_Test.java:56)
at java.util.ArrayList.forEach(Unknown Source)
... Removed 41 stack frames]]>
    </failure>
  </testcase> <!-- delete_musichold -->
  <testcase name="edit_conferencepage" time="14.002" classname="testcases.ConferencePage_Test"/>
  <testcase name="edit_directroy" time="25.04" classname="testcases.UserDirectoryPage_Test">
    <failure type="java.lang.NullPointerException">
      <![CDATA[java.lang.NullPointerException
at reusefunctions.ReuseFunctions.takeScreenshotAtEndOfTest(ReuseFunctions.java:57)
at webeventlistner.WebEventListener.onException(WebEventListener.java:63)
at org.openqa.selenium.support.events.EventFiringWebDriver.lambda$new$0(EventFiringWebDriver.java:84)
at com.sun.proxy.$Proxy9.onException(Unknown Source)
at org.openqa.selenium.support.events.EventFiringWebDriver.lambda$new$1(EventFiringWebDriver.java:107)
at com.sun.proxy.$Proxy10.findElement(Unknown Source)
at org.openqa.selenium.support.events.EventFiringWebDriver.findElement(EventFiringWebDriver.java:194)
at org.openqa.selenium.support.pagefactory.DefaultElementLocator.findElement(DefaultElementLocator.java:69)
at org.openqa.selenium.support.pagefactory.internal.LocatingElementHandler.invoke(LocatingElementHandler.java:38)
at com.sun.proxy.$Proxy14.click(Unknown Source)
at webpages.UserDirectoryPage.edit_directory(UserDirectoryPage.java:84)
at testcases.UserDirectoryPage_Test.edit_directroy(UserDirectoryPage_Test.java:56)
at java.util.ArrayList.forEach(Unknown Source)
... Removed 41 stack frames]]>
    </failure>
  </testcase> <!-- edit_directroy -->
  <testcase name="delete_directroy" time="25.088" classname="testcases.UserDirectoryPage_Test">
    <failure type="java.lang.NullPointerException">
      <![CDATA[java.lang.NullPointerException
at reusefunctions.ReuseFunctions.takeScreenshotAtEndOfTest(ReuseFunctions.java:57)
at webeventlistner.WebEventListener.onException(WebEventListener.java:63)
at org.openqa.selenium.support.events.EventFiringWebDriver.lambda$new$0(EventFiringWebDriver.java:84)
at com.sun.proxy.$Proxy9.onException(Unknown Source)
at org.openqa.selenium.support.events.EventFiringWebDriver.lambda$new$1(EventFiringWebDriver.java:107)
at com.sun.proxy.$Proxy10.findElement(Unknown Source)
at org.openqa.selenium.support.events.EventFiringWebDriver.findElement(EventFiringWebDriver.java:194)
at org.openqa.selenium.support.pagefactory.DefaultElementLocator.findElement(DefaultElementLocator.java:69)
at org.openqa.selenium.support.pagefactory.internal.LocatingElementHandler.invoke(LocatingElementHandler.java:38)
at com.sun.proxy.$Proxy14.click(Unknown Source)
at webpages.UserDirectoryPage.delete_directory(UserDirectoryPage.java:114)
at testcases.UserDirectoryPage_Test.delete_directroy(UserDirectoryPage_Test.java:72)
at java.util.ArrayList.forEach(Unknown Source)
... Removed 41 stack frames]]>
    </failure>
  </testcase> <!-- delete_directroy -->
  <testcase name="field_validation" time="25.144" classname="testcases.MusiconHoldPage_Test">
    <failure type="java.lang.NullPointerException">
      <![CDATA[java.lang.NullPointerException
at reusefunctions.ReuseFunctions.takeScreenshotAtEndOfTest(ReuseFunctions.java:57)
at webeventlistner.WebEventListener.onException(WebEventListener.java:63)
at org.openqa.selenium.support.events.EventFiringWebDriver.lambda$new$0(EventFiringWebDriver.java:84)
at com.sun.proxy.$Proxy9.onException(Unknown Source)
at org.openqa.selenium.support.events.EventFiringWebDriver$EventFiringWebElement.lambda$new$0(EventFiringWebDriver.java:406)
at com.sun.proxy.$Proxy15.click(Unknown Source)
at org.openqa.selenium.support.events.EventFiringWebDriver$EventFiringWebElement.click(EventFiringWebDriver.java:417)
at org.openqa.selenium.support.pagefactory.internal.LocatingElementHandler.invoke(LocatingElementHandler.java:51)
at com.sun.proxy.$Proxy14.click(Unknown Source)
at webpages.MusiconHoldPage.field_validation(MusiconHoldPage.java:124)
at testcases.MusiconHoldPage_Test.field_validation(MusiconHoldPage_Test.java:63)
at java.util.ArrayList.forEach(Unknown Source)
... Removed 44 stack frames]]>
    </failure>
  </testcase> <!-- field_validation -->
  <testcase name="radiodelete_conferencepage" time="0.001" classname="testcases.ConferencePage_Test"/>
  <testcase name="delete_conferencepage" time="5.584" classname="testcases.ConferencePage_Test"/>
  <testcase name="conferencepage_validation" time="11.993" classname="testcases.ConferencePjsipPage_Test"/>
  <testcase name="add_conferencepage" time="7.258" classname="testcases.ConferencePjsipPage_Test"/>
  <testcase name="edit_conferencepage" time="33.871" classname="testcases.ConferencePjsipPage_Test">
    <failure type="java.lang.NullPointerException">
      <![CDATA[java.lang.NullPointerException
at reusefunctions.ReuseFunctions.takeScreenshotAtEndOfTest(ReuseFunctions.java:57)
at webeventlistner.WebEventListener.onException(WebEventListener.java:63)
at org.openqa.selenium.support.events.EventFiringWebDriver.lambda$new$0(EventFiringWebDriver.java:84)
at com.sun.proxy.$Proxy9.onException(Unknown Source)
at org.openqa.selenium.support.events.EventFiringWebDriver.lambda$new$1(EventFiringWebDriver.java:107)
at com.sun.proxy.$Proxy10.findElement(Unknown Source)
at org.openqa.selenium.support.events.EventFiringWebDriver.findElement(EventFiringWebDriver.java:194)
at org.openqa.selenium.support.pagefactory.DefaultElementLocator.findElement(DefaultElementLocator.java:69)
at org.openqa.selenium.support.pagefactory.internal.LocatingElementHandler.invoke(LocatingElementHandler.java:38)
at com.sun.proxy.$Proxy14.getText(Unknown Source)
at webpages.ConferencePjsipPage.edit_conferencepage(ConferencePjsipPage.java:106)
at testcases.ConferencePjsipPage_Test.edit_conferencepage(ConferencePjsipPage_Test.java:50)
at java.util.ArrayList.forEach(Unknown Source)
... Removed 41 stack frames]]>
    </failure>
  </testcase> <!-- edit_conferencepage -->
  <testcase name="delete_conferencepage" time="25.151" classname="testcases.ConferencePjsipPage_Test">
    <failure type="java.lang.NullPointerException">
      <![CDATA[java.lang.NullPointerException
at reusefunctions.ReuseFunctions.takeScreenshotAtEndOfTest(ReuseFunctions.java:57)
at webeventlistner.WebEventListener.onException(WebEventListener.java:63)
at org.openqa.selenium.support.events.EventFiringWebDriver.lambda$new$0(EventFiringWebDriver.java:84)
at com.sun.proxy.$Proxy9.onException(Unknown Source)
at org.openqa.selenium.support.events.EventFiringWebDriver$EventFiringWebElement.lambda$new$0(EventFiringWebDriver.java:406)
at com.sun.proxy.$Proxy15.click(Unknown Source)
at org.openqa.selenium.support.events.EventFiringWebDriver$EventFiringWebElement.click(EventFiringWebDriver.java:417)
at org.openqa.selenium.support.pagefactory.internal.LocatingElementHandler.invoke(LocatingElementHandler.java:51)
at com.sun.proxy.$Proxy14.click(Unknown Source)
at webpages.ConferencePjsipPage.delete_conferencepage(ConferencePjsipPage.java:114)
at testcases.ConferencePjsipPage_Test.delete_conferencepage(ConferencePjsipPage_Test.java:56)
at java.util.ArrayList.forEach(Unknown Source)
... Removed 44 stack frames]]>
    </failure>
  </testcase> <!-- delete_conferencepage -->
  <testcase name="Addcustomer" time="53.741" classname="testcases.CustomerPage_Test"/>
  <testcase name="directory_validation" time="9.607" classname="testcases.DirectoryPage_Test"/>
  <testcase name="add_directroy" time="1.744" classname="testcases.DirectoryPage_Test"/>
  <testcase name="assign_directroy" time="25.359" classname="testcases.DirectoryPage_Test">
    <failure type="java.lang.NullPointerException">
      <![CDATA[java.lang.NullPointerException
at reusefunctions.ReuseFunctions.takeScreenshotAtEndOfTest(ReuseFunctions.java:57)
at webeventlistner.WebEventListener.onException(WebEventListener.java:63)
at org.openqa.selenium.support.events.EventFiringWebDriver.lambda$new$0(EventFiringWebDriver.java:84)
at com.sun.proxy.$Proxy9.onException(Unknown Source)
at org.openqa.selenium.support.events.EventFiringWebDriver$EventFiringWebElement.lambda$new$0(EventFiringWebDriver.java:406)
at com.sun.proxy.$Proxy15.click(Unknown Source)
at org.openqa.selenium.support.events.EventFiringWebDriver$EventFiringWebElement.click(EventFiringWebDriver.java:417)
at org.openqa.selenium.support.pagefactory.internal.LocatingElementHandler.invoke(LocatingElementHandler.java:51)
at com.sun.proxy.$Proxy14.click(Unknown Source)
at webpages.DirectoryPage.assign_directory(DirectoryPage.java:112)
at testcases.DirectoryPage_Test.assign_directroy(DirectoryPage_Test.java:64)
at java.util.ArrayList.forEach(Unknown Source)
... Removed 44 stack frames]]>
    </failure>
  </testcase> <!-- assign_directroy -->
  <testcase name="edit_directroy" time="6.138" classname="testcases.DirectoryPage_Test">
    <failure type="java.lang.NullPointerException">
      <![CDATA[java.lang.NullPointerException
at reusefunctions.ReuseFunctions.takeScreenshotAtEndOfTest(ReuseFunctions.java:57)
at webeventlistner.WebEventListener.onException(WebEventListener.java:63)
at org.openqa.selenium.support.events.EventFiringWebDriver.lambda$new$0(EventFiringWebDriver.java:84)
at com.sun.proxy.$Proxy9.onException(Unknown Source)
at org.openqa.selenium.support.events.EventFiringWebDriver$EventFiringWebElement.lambda$new$0(EventFiringWebDriver.java:406)
at com.sun.proxy.$Proxy15.click(Unknown Source)
at org.openqa.selenium.support.events.EventFiringWebDriver$EventFiringWebElement.click(EventFiringWebDriver.java:417)
at org.openqa.selenium.support.pagefactory.internal.LocatingElementHandler.invoke(LocatingElementHandler.java:51)
at com.sun.proxy.$Proxy14.click(Unknown Source)
at webpages.DirectoryPage.edit_directory(DirectoryPage.java:91)
at testcases.DirectoryPage_Test.edit_directroy(DirectoryPage_Test.java:56)
at java.util.ArrayList.forEach(Unknown Source)
... Removed 44 stack frames]]>
    </failure>
  </testcase> <!-- edit_directroy -->
  <testcase name="delete_directroy" time="25.072" classname="testcases.DirectoryPage_Test">
    <failure type="java.lang.NullPointerException">
      <![CDATA[java.lang.NullPointerException
at reusefunctions.ReuseFunctions.takeScreenshotAtEndOfTest(ReuseFunctions.java:57)
at webeventlistner.WebEventListener.onException(WebEventListener.java:63)
at org.openqa.selenium.support.events.EventFiringWebDriver.lambda$new$0(EventFiringWebDriver.java:84)
at com.sun.proxy.$Proxy9.onException(Unknown Source)
at org.openqa.selenium.support.events.EventFiringWebDriver.lambda$new$1(EventFiringWebDriver.java:107)
at com.sun.proxy.$Proxy10.findElement(Unknown Source)
at org.openqa.selenium.support.events.EventFiringWebDriver.findElement(EventFiringWebDriver.java:194)
at org.openqa.selenium.support.pagefactory.DefaultElementLocator.findElement(DefaultElementLocator.java:69)
at org.openqa.selenium.support.pagefactory.internal.LocatingElementHandler.invoke(LocatingElementHandler.java:38)
at com.sun.proxy.$Proxy14.click(Unknown Source)
at webpages.DirectoryPage.delete_directory(DirectoryPage.java:123)
at testcases.DirectoryPage_Test.delete_directroy(DirectoryPage_Test.java:72)
at java.util.ArrayList.forEach(Unknown Source)
... Removed 40 stack frames]]>
    </failure>
  </testcase> <!-- delete_directroy -->
  <testcase name="file_field_validation" time="25.172" classname="testcases.MusiconHoldPage_Test">
    <failure type="java.lang.NullPointerException">
      <![CDATA[java.lang.NullPointerException
at reusefunctions.ReuseFunctions.takeScreenshotAtEndOfTest(ReuseFunctions.java:57)
at webeventlistner.WebEventListener.onException(WebEventListener.java:63)
at org.openqa.selenium.support.events.EventFiringWebDriver.lambda$new$0(EventFiringWebDriver.java:84)
at com.sun.proxy.$Proxy9.onException(Unknown Source)
at org.openqa.selenium.support.events.EventFiringWebDriver$EventFiringWebElement.lambda$new$0(EventFiringWebDriver.java:406)
at com.sun.proxy.$Proxy15.click(Unknown Source)
at org.openqa.selenium.support.events.EventFiringWebDriver$EventFiringWebElement.click(EventFiringWebDriver.java:417)
at org.openqa.selenium.support.pagefactory.internal.LocatingElementHandler.invoke(LocatingElementHandler.java:51)
at com.sun.proxy.$Proxy14.click(Unknown Source)
at webpages.MusiconHoldPage.file_field_validation(MusiconHoldPage.java:136)
at testcases.MusiconHoldPage_Test.file_field_validation(MusiconHoldPage_Test.java:70)
at java.util.ArrayList.forEach(Unknown Source)
... Removed 43 stack frames]]>
    </failure>
  </testcase> <!-- file_field_validation -->
  <testcase name="musiconhold_validation" time="6.92" classname="testcases.MusiconHoldPjsipPage_Test"/>
  <testcase name="add_musichold" time="5.952" classname="testcases.MusiconHoldPjsipPage_Test"/>
  <testcase name="edit_musichold" time="16.057" classname="testcases.MusiconHoldPjsipPage_Test"/>
  <testcase name="delete_musichold" time="7.434" classname="testcases.MusiconHoldPjsipPage_Test"/>
  <testcase name="field_validation" time="7.849" classname="testcases.MusiconHoldPjsipPage_Test"/>
  <testcase name="paging_validation" time="6.597" classname="testcases.PagingIntercomPage_Test"/>
  <testcase name="add_paging" time="6.917" classname="testcases.PagingIntercomPage_Test"/>
  <testcase name="edit_paging" time="9.751" classname="testcases.PagingIntercomPage_Test"/>
  <testcase name="delete_paging" time="7.341" classname="testcases.PagingIntercomPage_Test"/>
  <testcase name="paging_validation" time="6.474" classname="testcases.PagingIntercomPjsipPage_Test"/>
  <testcase name="add_paging" time="6.862" classname="testcases.PagingIntercomPjsipPage_Test"/>
  <testcase name="edit_paging" time="9.725" classname="testcases.PagingIntercomPjsipPage_Test"/>
  <testcase name="delete_paging" time="7.333" classname="testcases.PagingIntercomPjsipPage_Test"/>
  <testcase name="queues_validation" time="6.533" classname="testcases.QueuesPage_Test"/>
  <testcase name="add_queues" time="29.076" classname="testcases.QueuesPage_Test"/>
  <testcase name="edit_queues" time="21.183" classname="testcases.QueuesPage_Test"/>
  <testcase name="delete_queues" time="7.317" classname="testcases.QueuesPage_Test"/>
  <testcase name="queues_validation" time="7.187" classname="testcases.QueuesPjsipPage_Test"/>
  <testcase name="add_queues" time="28.06" classname="testcases.QueuesPjsipPage_Test"/>
  <testcase name="edit_queues" time="21.381" classname="testcases.QueuesPjsipPage_Test"/>
  <testcase name="delete_queues" time="8.776" classname="testcases.QueuesPjsipPage_Test"/>
  <testcase name="ringgroup_validation" time="8.791" classname="testcases.RingGroupsPage_Test"/>
  <testcase name="add_ringgroup" time="7.451" classname="testcases.RingGroupsPage_Test"/>
  <testcase name="edit_ringgroup" time="17.95" classname="testcases.RingGroupsPage_Test"/>
  <testcase name="delete_ringgroup" time="7.366" classname="testcases.RingGroupsPage_Test"/>
  <testcase name="ringgroup_validation" time="6.917" classname="testcases.RingGroupsPjsipPage_Test"/>
  <testcase name="add_ringgroup" time="7.176" classname="testcases.RingGroupsPjsipPage_Test"/>
  <testcase name="edit_ringgroup" time="23.339" classname="testcases.RingGroupsPjsipPage_Test"/>
  <testcase name="delete_ringgroup" time="7.381" classname="testcases.RingGroupsPjsipPage_Test"/>
  <testcase name="systemrecord_validation" time="9.074" classname="testcases.SystemRecordingPage_Test"/>
  <testcase name="add_systemrecord" time="8.475" classname="testcases.SystemRecordingPage_Test"/>
  <testcase name="edit_systemrecord" time="7.905" classname="testcases.SystemRecordingPage_Test"/>
  <testcase name="delete_systemrecord" time="8.395" classname="testcases.SystemRecordingPage_Test"/>
  <testcase name="withoutselectradioedit" time="5.156" classname="testcases.SystemRecordingPage_Test"/>
  <testcase name="withoutradiodelete" time="5.016" classname="testcases.DirectoryPage_Test">
    <failure type="java.lang.NullPointerException">
      <![CDATA[java.lang.NullPointerException
at reusefunctions.ReuseFunctions.takeScreenshotAtEndOfTest(ReuseFunctions.java:57)
at webeventlistner.WebEventListener.onException(WebEventListener.java:63)
at org.openqa.selenium.support.events.EventFiringWebDriver.lambda$new$0(EventFiringWebDriver.java:84)
at com.sun.proxy.$Proxy9.onException(Unknown Source)
at org.openqa.selenium.support.events.EventFiringWebDriver.lambda$new$1(EventFiringWebDriver.java:107)
at com.sun.proxy.$Proxy10.findElement(Unknown Source)
at org.openqa.selenium.support.events.EventFiringWebDriver.findElement(EventFiringWebDriver.java:194)
at org.openqa.selenium.support.pagefactory.DefaultElementLocator.findElement(DefaultElementLocator.java:69)
at org.openqa.selenium.support.pagefactory.internal.LocatingElementHandler.invoke(LocatingElementHandler.java:38)
at com.sun.proxy.$Proxy14.click(Unknown Source)
at webpages.DirectoryPage.withoutradioedit(DirectoryPage.java:138)
at testcases.DirectoryPage_Test.withoutradiodelete(DirectoryPage_Test.java:89)
at java.util.ArrayList.forEach(Unknown Source)
... Removed 40 stack frames]]>
    </failure>
  </testcase> <!-- withoutradiodelete -->
  <testcase name="withoutradiodelete" time="25.031" classname="testcases.UserDirectoryPage_Test">
    <failure type="java.lang.NullPointerException">
      <![CDATA[java.lang.NullPointerException
at reusefunctions.ReuseFunctions.takeScreenshotAtEndOfTest(ReuseFunctions.java:57)
at webeventlistner.WebEventListener.onException(WebEventListener.java:63)
at org.openqa.selenium.support.events.EventFiringWebDriver.lambda$new$0(EventFiringWebDriver.java:84)
at com.sun.proxy.$Proxy9.onException(Unknown Source)
at org.openqa.selenium.support.events.EventFiringWebDriver.lambda$new$1(EventFiringWebDriver.java:107)
at com.sun.proxy.$Proxy10.findElement(Unknown Source)
at org.openqa.selenium.support.events.EventFiringWebDriver.findElement(EventFiringWebDriver.java:194)
at org.openqa.selenium.support.pagefactory.DefaultElementLocator.findElement(DefaultElementLocator.java:69)
at org.openqa.selenium.support.pagefactory.internal.LocatingElementHandler.invoke(LocatingElementHandler.java:38)
at com.sun.proxy.$Proxy14.click(Unknown Source)
at webpages.UserDirectoryPage.withoutradioedit(UserDirectoryPage.java:125)
at testcases.UserDirectoryPage_Test.withoutradiodelete(UserDirectoryPage_Test.java:89)
at java.util.ArrayList.forEach(Unknown Source)
... Removed 40 stack frames]]>
    </failure>
  </testcase> <!-- withoutradiodelete -->
  <testcase name="withoutradioedit" time="5.009" classname="testcases.DirectoryPage_Test">
    <failure type="java.lang.NullPointerException">
      <![CDATA[java.lang.NullPointerException
at reusefunctions.ReuseFunctions.takeScreenshotAtEndOfTest(ReuseFunctions.java:57)
at webeventlistner.WebEventListener.onException(WebEventListener.java:63)
at org.openqa.selenium.support.events.EventFiringWebDriver.lambda$new$0(EventFiringWebDriver.java:84)
at com.sun.proxy.$Proxy9.onException(Unknown Source)
at org.openqa.selenium.support.events.EventFiringWebDriver.lambda$new$1(EventFiringWebDriver.java:107)
at com.sun.proxy.$Proxy10.findElement(Unknown Source)
at org.openqa.selenium.support.events.EventFiringWebDriver.findElement(EventFiringWebDriver.java:194)
at org.openqa.selenium.support.pagefactory.DefaultElementLocator.findElement(DefaultElementLocator.java:69)
at org.openqa.selenium.support.pagefactory.internal.LocatingElementHandler.invoke(LocatingElementHandler.java:38)
at com.sun.proxy.$Proxy14.click(Unknown Source)
at webpages.DirectoryPage.withoutradioedit(DirectoryPage.java:138)
at testcases.DirectoryPage_Test.withoutradioedit(DirectoryPage_Test.java:80)
at java.util.ArrayList.forEach(Unknown Source)
... Removed 40 stack frames]]>
    </failure>
  </testcase> <!-- withoutradioedit -->
  <testcase name="directory_validation" time="8.887" classname="testcases.DirectoryPjsipPage_Test"/>
  <testcase name="add_directroy" time="1.678" classname="testcases.DirectoryPjsipPage_Test"/>
  <testcase name="assign_directroy" time="6.035" classname="testcases.DirectoryPjsipPage_Test"/>
  <testcase name="edit_directroy" time="9.983" classname="testcases.DirectoryPjsipPage_Test"/>
  <testcase name="delete_directroy" time="7.319" classname="testcases.DirectoryPjsipPage_Test"/>
  <testcase name="withoutradiodelete" time="5.181" classname="testcases.DirectoryPjsipPage_Test"/>
  <testcase name="withoutradioedit" time="5.25" classname="testcases.DirectoryPjsipPage_Test"/>
  <testcase name="featurecode_validation" time="7.043" classname="testcases.FeatureCodePage_Test"/>
  <testcase name="deactive_validation" time="21.237" classname="testcases.FeatureCodePage_Test">
    <failure type="java.lang.NullPointerException">
      <![CDATA[java.lang.NullPointerException
at reusefunctions.ReuseFunctions.takeScreenshotAtEndOfTest(ReuseFunctions.java:57)
at webeventlistner.WebEventListener.onException(WebEventListener.java:63)
at org.openqa.selenium.support.events.EventFiringWebDriver.lambda$new$0(EventFiringWebDriver.java:84)
at com.sun.proxy.$Proxy9.onException(Unknown Source)
at org.openqa.selenium.support.events.EventFiringWebDriver$EventFiringWebElement.lambda$new$0(EventFiringWebDriver.java:406)
at com.sun.proxy.$Proxy15.click(Unknown Source)
at org.openqa.selenium.support.events.EventFiringWebDriver$EventFiringWebElement.click(EventFiringWebDriver.java:417)
at org.openqa.selenium.support.pagefactory.internal.LocatingElementHandler.invoke(LocatingElementHandler.java:51)
at com.sun.proxy.$Proxy14.click(Unknown Source)
at webpages.FeatureCodePage.deactive_validation(FeatureCodePage.java:59)
at testcases.FeatureCodePage_Test.deactive_validation(FeatureCodePage_Test.java:41)
at java.util.ArrayList.forEach(Unknown Source)
... Removed 43 stack frames]]>
    </failure>
  </testcase> <!-- deactive_validation -->
  <testcase name="timecondition_validation" time="7.154" classname="testcases.IvrOptionsPage_Test"/>
  <testcase name="add_ivroption" time="16.421" classname="testcases.IvrOptionsPage_Test"/>
  <testcase name="edit_ivroption" time="23.519" classname="testcases.IvrOptionsPage_Test"/>
  <testcase name="delete_ivroption" time="7.395" classname="testcases.IvrOptionsPage_Test"/>
  <testcase name="view" time="10.055" classname="testcases.ListofCustomersPage_Test">
    <failure type="java.lang.NullPointerException">
      <![CDATA[java.lang.NullPointerException
at reusefunctions.ReuseFunctions.takeScreenshotAtEndOfTest(ReuseFunctions.java:57)
at webeventlistner.WebEventListener.onException(WebEventListener.java:63)
at org.openqa.selenium.support.events.EventFiringWebDriver.lambda$new$0(EventFiringWebDriver.java:84)
at com.sun.proxy.$Proxy9.onException(Unknown Source)
at org.openqa.selenium.support.events.EventFiringWebDriver$EventFiringWebElement.lambda$new$0(EventFiringWebDriver.java:406)
at com.sun.proxy.$Proxy15.click(Unknown Source)
at org.openqa.selenium.support.events.EventFiringWebDriver$EventFiringWebElement.click(EventFiringWebDriver.java:417)
at org.openqa.selenium.support.pagefactory.internal.LocatingElementHandler.invoke(LocatingElementHandler.java:51)
at com.sun.proxy.$Proxy14.click(Unknown Source)
at webpages.ListofCustomersPage.view(ListofCustomersPage.java:77)
at testcases.ListofCustomersPage_Test.view(ListofCustomersPage_Test.java:45)
at java.util.ArrayList.forEach(Unknown Source)
... Removed 43 stack frames]]>
    </failure>
  </testcase> <!-- view -->
  <testcase name="ListofCustomerdata" time="92.753" classname="testcases.ListofCustomer_Test"/>
  <testcase name="listofdid_validation" time="18.038" classname="testcases.ListofDidsPage_Test"/>
  <testcase name="add_listofdid" time="7.4" classname="testcases.ListofDidsPage_Test">
    <failure type="java.lang.NullPointerException">
      <![CDATA[java.lang.NullPointerException
at reusefunctions.ReuseFunctions.takeScreenshotAtEndOfTest(ReuseFunctions.java:57)
at webeventlistner.WebEventListener.onException(WebEventListener.java:63)
at org.openqa.selenium.support.events.EventFiringWebDriver.lambda$new$0(EventFiringWebDriver.java:84)
at com.sun.proxy.$Proxy9.onException(Unknown Source)
at org.openqa.selenium.support.events.EventFiringWebDriver$EventFiringWebElement.lambda$new$0(EventFiringWebDriver.java:406)
at com.sun.proxy.$Proxy15.click(Unknown Source)
at org.openqa.selenium.support.events.EventFiringWebDriver$EventFiringWebElement.click(EventFiringWebDriver.java:417)
at org.openqa.selenium.support.pagefactory.internal.LocatingElementHandler.invoke(LocatingElementHandler.java:51)
at com.sun.proxy.$Proxy14.click(Unknown Source)
at webpages.ListofDidsPage.add_listofdid(ListofDidsPage.java:98)
at testcases.ListofDidsPage_Test.add_listofdid(ListofDidsPage_Test.java:48)
at java.util.ArrayList.forEach(Unknown Source)
... Removed 43 stack frames]]>
    </failure>
  </testcase> <!-- add_listofdid -->
  <testcase name="add_callforwardfield" time="25.11" classname="testcases.ListofDidsPage_Test">
    <failure type="java.lang.NullPointerException">
      <![CDATA[java.lang.NullPointerException
at reusefunctions.ReuseFunctions.takeScreenshotAtEndOfTest(ReuseFunctions.java:57)
at webeventlistner.WebEventListener.onException(WebEventListener.java:63)
at org.openqa.selenium.support.events.EventFiringWebDriver.lambda$new$0(EventFiringWebDriver.java:84)
at com.sun.proxy.$Proxy9.onException(Unknown Source)
at org.openqa.selenium.support.events.EventFiringWebDriver$EventFiringWebElement.lambda$new$0(EventFiringWebDriver.java:406)
at com.sun.proxy.$Proxy15.click(Unknown Source)
at org.openqa.selenium.support.events.EventFiringWebDriver$EventFiringWebElement.click(EventFiringWebDriver.java:417)
at org.openqa.selenium.support.pagefactory.internal.LocatingElementHandler.invoke(LocatingElementHandler.java:51)
at com.sun.proxy.$Proxy14.click(Unknown Source)
at webpages.ListofDidsPage.add_callforwardfield(ListofDidsPage.java:106)
at testcases.ListofDidsPage_Test.add_callforwardfield(ListofDidsPage_Test.java:55)
at java.util.ArrayList.forEach(Unknown Source)
... Removed 43 stack frames]]>
    </failure>
  </testcase> <!-- add_callforwardfield -->
  <testcase name="edit_listdid" time="25.08" classname="testcases.ListofDidsPage_Test">
    <failure type="java.lang.NullPointerException">
      <![CDATA[java.lang.NullPointerException
at reusefunctions.ReuseFunctions.takeScreenshotAtEndOfTest(ReuseFunctions.java:57)
at webeventlistner.WebEventListener.onException(WebEventListener.java:63)
at org.openqa.selenium.support.events.EventFiringWebDriver.lambda$new$0(EventFiringWebDriver.java:84)
at com.sun.proxy.$Proxy9.onException(Unknown Source)
at org.openqa.selenium.support.events.EventFiringWebDriver.lambda$new$1(EventFiringWebDriver.java:107)
at com.sun.proxy.$Proxy10.findElement(Unknown Source)
at org.openqa.selenium.support.events.EventFiringWebDriver.findElement(EventFiringWebDriver.java:194)
at org.openqa.selenium.support.pagefactory.DefaultElementLocator.findElement(DefaultElementLocator.java:69)
at org.openqa.selenium.support.pagefactory.internal.LocatingElementHandler.invoke(LocatingElementHandler.java:38)
at com.sun.proxy.$Proxy14.click(Unknown Source)
at webpages.ListofDidsPage.edit_listdid(ListofDidsPage.java:156)
at testcases.ListofDidsPage_Test.edit_listdid(ListofDidsPage_Test.java:62)
at java.util.ArrayList.forEach(Unknown Source)
... Removed 40 stack frames]]>
    </failure>
  </testcase> <!-- edit_listdid -->
  <testcase name="addsamedid_listofdid" time="25.553" classname="testcases.ListofDidsPage_Test">
    <failure type="java.lang.NullPointerException">
      <![CDATA[java.lang.NullPointerException
at reusefunctions.ReuseFunctions.takeScreenshotAtEndOfTest(ReuseFunctions.java:57)
at webeventlistner.WebEventListener.onException(WebEventListener.java:63)
at org.openqa.selenium.support.events.EventFiringWebDriver.lambda$new$0(EventFiringWebDriver.java:84)
at com.sun.proxy.$Proxy9.onException(Unknown Source)
at org.openqa.selenium.support.events.EventFiringWebDriver.lambda$new$1(EventFiringWebDriver.java:107)
at com.sun.proxy.$Proxy10.findElement(Unknown Source)
at org.openqa.selenium.support.events.EventFiringWebDriver.findElement(EventFiringWebDriver.java:194)
at org.openqa.selenium.support.pagefactory.DefaultElementLocator.findElement(DefaultElementLocator.java:69)
at org.openqa.selenium.support.pagefactory.internal.LocatingElementHandler.invoke(LocatingElementHandler.java:38)
at com.sun.proxy.$Proxy14.getText(Unknown Source)
at webpages.ListofDidsPage.addsamedid_listofdid(ListofDidsPage.java:148)
at testcases.ListofDidsPage_Test.addsamedid_listofdid(ListofDidsPage_Test.java:69)
at java.util.ArrayList.forEach(Unknown Source)
... Removed 40 stack frames]]>
    </failure>
  </testcase> <!-- addsamedid_listofdid -->
  <testcase name="extension_validation" time="7.475" classname="testcases.ListofExtensionsSipPage_Test"/>
  <testcase name="add_extension" time="7.373" classname="testcases.ListofExtensionsSipPage_Test">
    <failure type="java.lang.NullPointerException">
      <![CDATA[java.lang.NullPointerException
at reusefunctions.ReuseFunctions.takeScreenshotAtEndOfTest(ReuseFunctions.java:57)
at webeventlistner.WebEventListener.onException(WebEventListener.java:63)
at org.openqa.selenium.support.events.EventFiringWebDriver.lambda$new$0(EventFiringWebDriver.java:84)
at com.sun.proxy.$Proxy9.onException(Unknown Source)
at org.openqa.selenium.support.events.EventFiringWebDriver$EventFiringWebElement.lambda$new$0(EventFiringWebDriver.java:406)
at com.sun.proxy.$Proxy15.click(Unknown Source)
at org.openqa.selenium.support.events.EventFiringWebDriver$EventFiringWebElement.click(EventFiringWebDriver.java:417)
at org.openqa.selenium.support.pagefactory.internal.LocatingElementHandler.invoke(LocatingElementHandler.java:51)
at com.sun.proxy.$Proxy14.click(Unknown Source)
at webpages.ListofExtensionsSipPage.add_extension(ListofExtensionsSipPage.java:131)
at testcases.ListofExtensionsSipPage_Test.add_extension(ListofExtensionsSipPage_Test.java:44)
at java.util.ArrayList.forEach(Unknown Source)
... Removed 43 stack frames]]>
    </failure>
  </testcase> <!-- add_extension -->
  <testcase name="edit_extension" time="25.02" classname="testcases.ListofExtensionsSipPage_Test">
    <failure type="java.lang.NullPointerException">
      <![CDATA[java.lang.NullPointerException
at reusefunctions.ReuseFunctions.takeScreenshotAtEndOfTest(ReuseFunctions.java:57)
at webeventlistner.WebEventListener.onException(WebEventListener.java:63)
at org.openqa.selenium.support.events.EventFiringWebDriver.lambda$new$0(EventFiringWebDriver.java:84)
at com.sun.proxy.$Proxy9.onException(Unknown Source)
at org.openqa.selenium.support.events.EventFiringWebDriver.lambda$new$1(EventFiringWebDriver.java:107)
at com.sun.proxy.$Proxy10.findElement(Unknown Source)
at org.openqa.selenium.support.events.EventFiringWebDriver.findElement(EventFiringWebDriver.java:194)
at org.openqa.selenium.support.pagefactory.DefaultElementLocator.findElement(DefaultElementLocator.java:69)
at org.openqa.selenium.support.pagefactory.internal.LocatingElementHandler.invoke(LocatingElementHandler.java:38)
at com.sun.proxy.$Proxy14.click(Unknown Source)
at webpages.ListofExtensionsSipPage.edit_extension(ListofExtensionsSipPage.java:154)
at testcases.ListofExtensionsSipPage_Test.edit_extension(ListofExtensionsSipPage_Test.java:52)
at java.util.ArrayList.forEach(Unknown Source)
... Removed 40 stack frames]]>
    </failure>
  </testcase> <!-- edit_extension -->
  <testcase name="followme_extension" time="25.08" classname="testcases.ListofExtensionsSipPage_Test">
    <failure type="java.lang.NullPointerException">
      <![CDATA[java.lang.NullPointerException
at reusefunctions.ReuseFunctions.takeScreenshotAtEndOfTest(ReuseFunctions.java:57)
at webeventlistner.WebEventListener.onException(WebEventListener.java:63)
at org.openqa.selenium.support.events.EventFiringWebDriver.lambda$new$0(EventFiringWebDriver.java:84)
at com.sun.proxy.$Proxy9.onException(Unknown Source)
at org.openqa.selenium.support.events.EventFiringWebDriver.lambda$new$1(EventFiringWebDriver.java:107)
at com.sun.proxy.$Proxy10.findElement(Unknown Source)
at org.openqa.selenium.support.events.EventFiringWebDriver.findElement(EventFiringWebDriver.java:194)
at org.openqa.selenium.support.pagefactory.DefaultElementLocator.findElement(DefaultElementLocator.java:69)
at org.openqa.selenium.support.pagefactory.internal.LocatingElementHandler.invoke(LocatingElementHandler.java:38)
at com.sun.proxy.$Proxy14.click(Unknown Source)
at webpages.ListofExtensionsSipPage.followme_extension(ListofExtensionsSipPage.java:169)
at testcases.ListofExtensionsSipPage_Test.followme_extension(ListofExtensionsSipPage_Test.java:60)
at java.util.ArrayList.forEach(Unknown Source)
... Removed 40 stack frames]]>
    </failure>
  </testcase> <!-- followme_extension -->
  <testcase name="edit_follow_extension" time="25.083" classname="testcases.ListofExtensionsSipPage_Test">
    <failure type="java.lang.NullPointerException">
      <![CDATA[java.lang.NullPointerException
at reusefunctions.ReuseFunctions.takeScreenshotAtEndOfTest(ReuseFunctions.java:57)
at webeventlistner.WebEventListener.onException(WebEventListener.java:63)
at org.openqa.selenium.support.events.EventFiringWebDriver.lambda$new$0(EventFiringWebDriver.java:84)
at com.sun.proxy.$Proxy9.onException(Unknown Source)
at org.openqa.selenium.support.events.EventFiringWebDriver.lambda$new$1(EventFiringWebDriver.java:107)
at com.sun.proxy.$Proxy10.findElement(Unknown Source)
at org.openqa.selenium.support.events.EventFiringWebDriver.findElement(EventFiringWebDriver.java:194)
at org.openqa.selenium.support.pagefactory.DefaultElementLocator.findElement(DefaultElementLocator.java:69)
at org.openqa.selenium.support.pagefactory.internal.LocatingElementHandler.invoke(LocatingElementHandler.java:38)
at com.sun.proxy.$Proxy14.click(Unknown Source)
at webpages.ListofExtensionsSipPage.edit_follow_extension(ListofExtensionsSipPage.java:199)
at testcases.ListofExtensionsSipPage_Test.edit_follow_extension(ListofExtensionsSipPage_Test.java:69)
at java.util.ArrayList.forEach(Unknown Source)
... Removed 40 stack frames]]>
    </failure>
  </testcase> <!-- edit_follow_extension -->
  <testcase name="check_bulk_extension" time="25.083" classname="testcases.ListofExtensionsSipPage_Test">
    <failure type="java.lang.NullPointerException">
      <![CDATA[java.lang.NullPointerException
at reusefunctions.ReuseFunctions.takeScreenshotAtEndOfTest(ReuseFunctions.java:57)
at webeventlistner.WebEventListener.onException(WebEventListener.java:63)
at org.openqa.selenium.support.events.EventFiringWebDriver.lambda$new$0(EventFiringWebDriver.java:84)
at com.sun.proxy.$Proxy9.onException(Unknown Source)
at org.openqa.selenium.support.events.EventFiringWebDriver.lambda$new$1(EventFiringWebDriver.java:107)
at com.sun.proxy.$Proxy10.findElement(Unknown Source)
at org.openqa.selenium.support.events.EventFiringWebDriver.findElement(EventFiringWebDriver.java:194)
at org.openqa.selenium.support.pagefactory.DefaultElementLocator.findElement(DefaultElementLocator.java:69)
at org.openqa.selenium.support.pagefactory.internal.LocatingElementHandler.invoke(LocatingElementHandler.java:38)
at com.sun.proxy.$Proxy14.click(Unknown Source)
at webpages.ListofExtensionsSipPage.check_bulk_extension(ListofExtensionsSipPage.java:222)
at testcases.ListofExtensionsSipPage_Test.check_bulk_extension(ListofExtensionsSipPage_Test.java:78)
at java.util.ArrayList.forEach(Unknown Source)
... Removed 40 stack frames]]>
    </failure>
  </testcase> <!-- check_bulk_extension -->
  <testcase name="withoutradioedit" time="25.042" classname="testcases.UserDirectoryPage_Test">
    <failure type="java.lang.NullPointerException">
      <![CDATA[java.lang.NullPointerException
at reusefunctions.ReuseFunctions.takeScreenshotAtEndOfTest(ReuseFunctions.java:57)
at webeventlistner.WebEventListener.onException(WebEventListener.java:63)
at org.openqa.selenium.support.events.EventFiringWebDriver.lambda$new$0(EventFiringWebDriver.java:84)
at com.sun.proxy.$Proxy9.onException(Unknown Source)
at org.openqa.selenium.support.events.EventFiringWebDriver.lambda$new$1(EventFiringWebDriver.java:107)
at com.sun.proxy.$Proxy10.findElement(Unknown Source)
at org.openqa.selenium.support.events.EventFiringWebDriver.findElement(EventFiringWebDriver.java:194)
at org.openqa.selenium.support.pagefactory.DefaultElementLocator.findElement(DefaultElementLocator.java:69)
at org.openqa.selenium.support.pagefactory.internal.LocatingElementHandler.invoke(LocatingElementHandler.java:38)
at com.sun.proxy.$Proxy14.click(Unknown Source)
at webpages.UserDirectoryPage.withoutradioedit(UserDirectoryPage.java:125)
at testcases.UserDirectoryPage_Test.withoutradioedit(UserDirectoryPage_Test.java:80)
at java.util.ArrayList.forEach(Unknown Source)
... Removed 40 stack frames]]>
    </failure>
  </testcase> <!-- withoutradioedit -->
  <testcase name="loginTest" time="14.052" classname="testcases.UserLoginPage_Test">
    <failure type="java.lang.NullPointerException">
      <![CDATA[java.lang.NullPointerException
at reusefunctions.ReuseFunctions.takeScreenshotAtEndOfTest(ReuseFunctions.java:57)
at webeventlistner.WebEventListener.onException(WebEventListener.java:63)
at org.openqa.selenium.support.events.EventFiringWebDriver.lambda$new$0(EventFiringWebDriver.java:84)
at com.sun.proxy.$Proxy9.onException(Unknown Source)
at org.openqa.selenium.support.events.EventFiringWebDriver.lambda$new$1(EventFiringWebDriver.java:107)
at com.sun.proxy.$Proxy10.findElement(Unknown Source)
at org.openqa.selenium.support.events.EventFiringWebDriver.findElement(EventFiringWebDriver.java:194)
at org.openqa.selenium.support.pagefactory.DefaultElementLocator.findElement(DefaultElementLocator.java:69)
at org.openqa.selenium.support.pagefactory.internal.LocatingElementHandler.invoke(LocatingElementHandler.java:38)
at com.sun.proxy.$Proxy14.sendKeys(Unknown Source)
at webpages.UserLoginPage.login(UserLoginPage.java:27)
at testcases.UserLoginPage_Test.loginTest(UserLoginPage_Test.java:40)
at java.util.ArrayList.forEach(Unknown Source)
... Removed 40 stack frames]]>
    </failure>
  </testcase> <!-- loginTest -->
  <testcase name="musiconhold_validation" time="20.069" classname="testcases.UserMusiconHoldPage_Test">
    <failure type="java.lang.NullPointerException">
      <![CDATA[java.lang.NullPointerException
at reusefunctions.ReuseFunctions.takeScreenshotAtEndOfTest(ReuseFunctions.java:57)
at webeventlistner.WebEventListener.onException(WebEventListener.java:63)
at org.openqa.selenium.support.events.EventFiringWebDriver.lambda$new$0(EventFiringWebDriver.java:84)
at com.sun.proxy.$Proxy9.onException(Unknown Source)
at org.openqa.selenium.support.events.EventFiringWebDriver.lambda$new$1(EventFiringWebDriver.java:107)
at com.sun.proxy.$Proxy10.findElement(Unknown Source)
at org.openqa.selenium.support.events.EventFiringWebDriver.findElement(EventFiringWebDriver.java:194)
at org.openqa.selenium.support.pagefactory.DefaultElementLocator.findElement(DefaultElementLocator.java:69)
at org.openqa.selenium.support.pagefactory.internal.LocatingElementHandler.invoke(LocatingElementHandler.java:38)
at com.sun.proxy.$Proxy14.click(Unknown Source)
at webpages.UserMusiconHoldPage.musiconhold_validation(UserMusiconHoldPage.java:49)
at testcases.UserMusiconHoldPage_Test.musiconhold_validation(UserMusiconHoldPage_Test.java:36)
at java.util.ArrayList.forEach(Unknown Source)
... Removed 40 stack frames]]>
    </failure>
  </testcase> <!-- musiconhold_validation -->
  <testcase name="add_musichold" time="21.06" classname="testcases.UserMusiconHoldPage_Test">
    <failure type="java.lang.NullPointerException">
      <![CDATA[java.lang.NullPointerException
at reusefunctions.ReuseFunctions.takeScreenshotAtEndOfTest(ReuseFunctions.java:57)
at webeventlistner.WebEventListener.onException(WebEventListener.java:63)
at org.openqa.selenium.support.events.EventFiringWebDriver.lambda$new$0(EventFiringWebDriver.java:84)
at com.sun.proxy.$Proxy9.onException(Unknown Source)
at org.openqa.selenium.support.events.EventFiringWebDriver.lambda$new$1(EventFiringWebDriver.java:107)
at com.sun.proxy.$Proxy10.findElement(Unknown Source)
at org.openqa.selenium.support.events.EventFiringWebDriver.findElement(EventFiringWebDriver.java:194)
at org.openqa.selenium.support.pagefactory.DefaultElementLocator.findElement(DefaultElementLocator.java:69)
at org.openqa.selenium.support.pagefactory.internal.LocatingElementHandler.invoke(LocatingElementHandler.java:38)
at com.sun.proxy.$Proxy14.click(Unknown Source)
at webpages.UserMusiconHoldPage.add_musichold(UserMusiconHoldPage.java:62)
at testcases.UserMusiconHoldPage_Test.add_musichold(UserMusiconHoldPage_Test.java:44)
at java.util.ArrayList.forEach(Unknown Source)
... Removed 40 stack frames]]>
    </failure>
  </testcase> <!-- add_musichold -->
  <testcase name="edit_musichold" time="25.026" classname="testcases.UserMusiconHoldPage_Test">
    <failure type="java.lang.NullPointerException">
      <![CDATA[java.lang.NullPointerException
at reusefunctions.ReuseFunctions.takeScreenshotAtEndOfTest(ReuseFunctions.java:57)
at webeventlistner.WebEventListener.onException(WebEventListener.java:63)
at org.openqa.selenium.support.events.EventFiringWebDriver.lambda$new$0(EventFiringWebDriver.java:84)
at com.sun.proxy.$Proxy9.onException(Unknown Source)
at org.openqa.selenium.support.events.EventFiringWebDriver.lambda$new$1(EventFiringWebDriver.java:107)
at com.sun.proxy.$Proxy10.findElement(Unknown Source)
at org.openqa.selenium.support.events.EventFiringWebDriver.findElement(EventFiringWebDriver.java:194)
at org.openqa.selenium.support.pagefactory.DefaultElementLocator.findElement(DefaultElementLocator.java:69)
at org.openqa.selenium.support.pagefactory.internal.LocatingElementHandler.invoke(LocatingElementHandler.java:38)
at com.sun.proxy.$Proxy14.click(Unknown Source)
at webpages.UserMusiconHoldPage.edit_musichold(UserMusiconHoldPage.java:75)
at testcases.UserMusiconHoldPage_Test.edit_musichold(UserMusiconHoldPage_Test.java:52)
at java.util.ArrayList.forEach(Unknown Source)
... Removed 40 stack frames]]>
    </failure>
  </testcase> <!-- edit_musichold -->
  <testcase name="field_validation" time="25.037" classname="testcases.UserMusiconHoldPage_Test">
    <failure type="java.lang.NullPointerException">
      <![CDATA[java.lang.NullPointerException
at reusefunctions.ReuseFunctions.takeScreenshotAtEndOfTest(ReuseFunctions.java:57)
at webeventlistner.WebEventListener.onException(WebEventListener.java:63)
at org.openqa.selenium.support.events.EventFiringWebDriver.lambda$new$0(EventFiringWebDriver.java:84)
at com.sun.proxy.$Proxy9.onException(Unknown Source)
at org.openqa.selenium.support.events.EventFiringWebDriver.lambda$new$1(EventFiringWebDriver.java:107)
at com.sun.proxy.$Proxy10.findElement(Unknown Source)
at org.openqa.selenium.support.events.EventFiringWebDriver.findElement(EventFiringWebDriver.java:194)
at org.openqa.selenium.support.pagefactory.DefaultElementLocator.findElement(DefaultElementLocator.java:69)
at org.openqa.selenium.support.pagefactory.internal.LocatingElementHandler.invoke(LocatingElementHandler.java:38)
at com.sun.proxy.$Proxy14.click(Unknown Source)
at webpages.UserMusiconHoldPage.field_validation(UserMusiconHoldPage.java:108)
at testcases.UserMusiconHoldPage_Test.field_validation(UserMusiconHoldPage_Test.java:60)
at java.util.ArrayList.forEach(Unknown Source)
... Removed 40 stack frames]]>
    </failure>
  </testcase> <!-- field_validation -->
  <testcase name="queues_validation" time="20.071" classname="testcases.UserQueuesPage_Test">
    <failure type="java.lang.NullPointerException">
      <![CDATA[java.lang.NullPointerException
at reusefunctions.ReuseFunctions.takeScreenshotAtEndOfTest(ReuseFunctions.java:57)
at webeventlistner.WebEventListener.onException(WebEventListener.java:63)
at org.openqa.selenium.support.events.EventFiringWebDriver.lambda$new$0(EventFiringWebDriver.java:84)
at com.sun.proxy.$Proxy9.onException(Unknown Source)
at org.openqa.selenium.support.events.EventFiringWebDriver.lambda$new$1(EventFiringWebDriver.java:107)
at com.sun.proxy.$Proxy10.findElement(Unknown Source)
at org.openqa.selenium.support.events.EventFiringWebDriver.findElement(EventFiringWebDriver.java:194)
at org.openqa.selenium.support.pagefactory.DefaultElementLocator.findElement(DefaultElementLocator.java:69)
at org.openqa.selenium.support.pagefactory.internal.LocatingElementHandler.invoke(LocatingElementHandler.java:38)
at com.sun.proxy.$Proxy14.click(Unknown Source)
at webpages.UserQueuesPage.queues_validation(UserQueuesPage.java:70)
at testcases.UserQueuesPage_Test.queues_validation(UserQueuesPage_Test.java:39)
at java.util.ArrayList.forEach(Unknown Source)
... Removed 40 stack frames]]>
    </failure>
  </testcase> <!-- queues_validation -->
  <testcase name="add_queues" time="7.55" classname="testcases.UserQueuesPage_Test">
    <failure type="java.lang.NullPointerException">
      <![CDATA[java.lang.NullPointerException
at reusefunctions.ReuseFunctions.takeScreenshotAtEndOfTest(ReuseFunctions.java:57)
at webeventlistner.WebEventListener.onException(WebEventListener.java:63)
at org.openqa.selenium.support.events.EventFiringWebDriver.lambda$new$0(EventFiringWebDriver.java:84)
at com.sun.proxy.$Proxy9.onException(Unknown Source)
at org.openqa.selenium.support.events.EventFiringWebDriver.lambda$new$1(EventFiringWebDriver.java:107)
at com.sun.proxy.$Proxy10.findElement(Unknown Source)
at org.openqa.selenium.support.events.EventFiringWebDriver.findElement(EventFiringWebDriver.java:194)
at org.openqa.selenium.support.pagefactory.DefaultElementLocator.findElement(DefaultElementLocator.java:69)
at org.openqa.selenium.support.pagefactory.internal.LocatingElementHandler.invoke(LocatingElementHandler.java:38)
at com.sun.proxy.$Proxy14.click(Unknown Source)
at webpages.UserQueuesPage.add_queues(UserQueuesPage.java:85)
at testcases.UserQueuesPage_Test.add_queues(UserQueuesPage_Test.java:48)
at java.util.ArrayList.forEach(Unknown Source)
... Removed 40 stack frames]]>
    </failure>
  </testcase> <!-- add_queues -->
  <testcase name="edit_queues" time="5.006" classname="testcases.UserQueuesPage_Test">
    <failure type="java.lang.NullPointerException">
      <![CDATA[java.lang.NullPointerException
at reusefunctions.ReuseFunctions.takeScreenshotAtEndOfTest(ReuseFunctions.java:57)
at webeventlistner.WebEventListener.onException(WebEventListener.java:63)
at org.openqa.selenium.support.events.EventFiringWebDriver.lambda$new$0(EventFiringWebDriver.java:84)
at com.sun.proxy.$Proxy9.onException(Unknown Source)
at org.openqa.selenium.support.events.EventFiringWebDriver.lambda$new$1(EventFiringWebDriver.java:107)
at com.sun.proxy.$Proxy10.findElement(Unknown Source)
at org.openqa.selenium.support.events.EventFiringWebDriver.findElement(EventFiringWebDriver.java:194)
at org.openqa.selenium.support.pagefactory.DefaultElementLocator.findElement(DefaultElementLocator.java:69)
at org.openqa.selenium.support.pagefactory.internal.LocatingElementHandler.invoke(LocatingElementHandler.java:38)
at com.sun.proxy.$Proxy14.click(Unknown Source)
at webpages.UserQueuesPage.edit_queues(UserQueuesPage.java:153)
at testcases.UserQueuesPage_Test.edit_queues(UserQueuesPage_Test.java:58)
at java.util.ArrayList.forEach(Unknown Source)
... Removed 40 stack frames]]>
    </failure>
  </testcase> <!-- edit_queues -->
  <testcase name="delete_queues" time="5.007" classname="testcases.UserQueuesPage_Test">
    <failure type="java.lang.NullPointerException">
      <![CDATA[java.lang.NullPointerException
at reusefunctions.ReuseFunctions.takeScreenshotAtEndOfTest(ReuseFunctions.java:57)
at webeventlistner.WebEventListener.onException(WebEventListener.java:63)
at org.openqa.selenium.support.events.EventFiringWebDriver.lambda$new$0(EventFiringWebDriver.java:84)
at com.sun.proxy.$Proxy9.onException(Unknown Source)
at org.openqa.selenium.support.events.EventFiringWebDriver.lambda$new$1(EventFiringWebDriver.java:107)
at com.sun.proxy.$Proxy10.findElement(Unknown Source)
at org.openqa.selenium.support.events.EventFiringWebDriver.findElement(EventFiringWebDriver.java:194)
at org.openqa.selenium.support.pagefactory.DefaultElementLocator.findElement(DefaultElementLocator.java:69)
at org.openqa.selenium.support.pagefactory.internal.LocatingElementHandler.invoke(LocatingElementHandler.java:38)
at com.sun.proxy.$Proxy14.click(Unknown Source)
at webpages.UserQueuesPage.delete_queues(UserQueuesPage.java:179)
at testcases.UserQueuesPage_Test.delete_queues(UserQueuesPage_Test.java:66)
at java.util.ArrayList.forEach(Unknown Source)
... Removed 40 stack frames]]>
    </failure>
  </testcase> <!-- delete_queues -->
  <testcase name="ringgroup_validation" time="20.029" classname="testcases.UserRingGroupsPage_Test">
    <failure type="java.lang.NullPointerException">
      <![CDATA[java.lang.NullPointerException
at reusefunctions.ReuseFunctions.takeScreenshotAtEndOfTest(ReuseFunctions.java:57)
at webeventlistner.WebEventListener.onException(WebEventListener.java:63)
at org.openqa.selenium.support.events.EventFiringWebDriver.lambda$new$0(EventFiringWebDriver.java:84)
at com.sun.proxy.$Proxy9.onException(Unknown Source)
at org.openqa.selenium.support.events.EventFiringWebDriver.lambda$new$1(EventFiringWebDriver.java:107)
at com.sun.proxy.$Proxy10.findElement(Unknown Source)
at org.openqa.selenium.support.events.EventFiringWebDriver.findElement(EventFiringWebDriver.java:194)
at org.openqa.selenium.support.pagefactory.DefaultElementLocator.findElement(DefaultElementLocator.java:69)
at org.openqa.selenium.support.pagefactory.internal.LocatingElementHandler.invoke(LocatingElementHandler.java:38)
at com.sun.proxy.$Proxy14.click(Unknown Source)
at webpages.UserRingGroupsPage.ringgroup_validation(UserRingGroupsPage.java:71)
at testcases.UserRingGroupsPage_Test.ringgroup_validation(UserRingGroupsPage_Test.java:39)
at java.util.ArrayList.forEach(Unknown Source)
... Removed 40 stack frames]]>
    </failure>
  </testcase> <!-- ringgroup_validation -->
  <testcase name="add_ringgroup" time="20.059" classname="testcases.UserRingGroupsPage_Test">
    <failure type="java.lang.NullPointerException">
      <![CDATA[java.lang.NullPointerException
at reusefunctions.ReuseFunctions.takeScreenshotAtEndOfTest(ReuseFunctions.java:57)
at webeventlistner.WebEventListener.onException(WebEventListener.java:63)
at org.openqa.selenium.support.events.EventFiringWebDriver.lambda$new$0(EventFiringWebDriver.java:84)
at com.sun.proxy.$Proxy9.onException(Unknown Source)
at org.openqa.selenium.support.events.EventFiringWebDriver.lambda$new$1(EventFiringWebDriver.java:107)
at com.sun.proxy.$Proxy10.findElement(Unknown Source)
at org.openqa.selenium.support.events.EventFiringWebDriver.findElement(EventFiringWebDriver.java:194)
at org.openqa.selenium.support.pagefactory.DefaultElementLocator.findElement(DefaultElementLocator.java:69)
at org.openqa.selenium.support.pagefactory.internal.LocatingElementHandler.invoke(LocatingElementHandler.java:38)
at com.sun.proxy.$Proxy14.click(Unknown Source)
at webpages.UserRingGroupsPage.add_ringgroup(UserRingGroupsPage.java:85)
at testcases.UserRingGroupsPage_Test.add_ringgroup(UserRingGroupsPage_Test.java:47)
at java.util.ArrayList.forEach(Unknown Source)
... Removed 40 stack frames]]>
    </failure>
  </testcase> <!-- add_ringgroup -->
  <testcase name="edit_ringgroup" time="25.046" classname="testcases.UserRingGroupsPage_Test">
    <failure type="java.lang.NullPointerException">
      <![CDATA[java.lang.NullPointerException
at reusefunctions.ReuseFunctions.takeScreenshotAtEndOfTest(ReuseFunctions.java:57)
at webeventlistner.WebEventListener.onException(WebEventListener.java:63)
at org.openqa.selenium.support.events.EventFiringWebDriver.lambda$new$0(EventFiringWebDriver.java:84)
at com.sun.proxy.$Proxy9.onException(Unknown Source)
at org.openqa.selenium.support.events.EventFiringWebDriver.lambda$new$1(EventFiringWebDriver.java:107)
at com.sun.proxy.$Proxy10.findElement(Unknown Source)
at org.openqa.selenium.support.events.EventFiringWebDriver.findElement(EventFiringWebDriver.java:194)
at org.openqa.selenium.support.pagefactory.DefaultElementLocator.findElement(DefaultElementLocator.java:69)
at org.openqa.selenium.support.pagefactory.internal.LocatingElementHandler.invoke(LocatingElementHandler.java:38)
at com.sun.proxy.$Proxy14.click(Unknown Source)
at webpages.UserRingGroupsPage.edit_ringgroup(UserRingGroupsPage.java:122)
at testcases.UserRingGroupsPage_Test.edit_ringgroup(UserRingGroupsPage_Test.java:55)
at java.util.ArrayList.forEach(Unknown Source)
... Removed 40 stack frames]]>
    </failure>
  </testcase> <!-- edit_ringgroup -->
  <testcase name="delete_ringgroup" time="25.026" classname="testcases.UserRingGroupsPage_Test">
    <failure type="java.lang.NullPointerException">
      <![CDATA[java.lang.NullPointerException
at reusefunctions.ReuseFunctions.takeScreenshotAtEndOfTest(ReuseFunctions.java:57)
at webeventlistner.WebEventListener.onException(WebEventListener.java:63)
at org.openqa.selenium.support.events.EventFiringWebDriver.lambda$new$0(EventFiringWebDriver.java:84)
at com.sun.proxy.$Proxy9.onException(Unknown Source)
at org.openqa.selenium.support.events.EventFiringWebDriver.lambda$new$1(EventFiringWebDriver.java:107)
at com.sun.proxy.$Proxy10.findElement(Unknown Source)
at org.openqa.selenium.support.events.EventFiringWebDriver.findElement(EventFiringWebDriver.java:194)
at org.openqa.selenium.support.pagefactory.DefaultElementLocator.findElement(DefaultElementLocator.java:69)
at org.openqa.selenium.support.pagefactory.internal.LocatingElementHandler.invoke(LocatingElementHandler.java:38)
at com.sun.proxy.$Proxy14.click(Unknown Source)
at webpages.UserRingGroupsPage.delete_ringgroup(UserRingGroupsPage.java:143)
at testcases.UserRingGroupsPage_Test.delete_ringgroup(UserRingGroupsPage_Test.java:63)
at java.util.ArrayList.forEach(Unknown Source)
... Removed 40 stack frames]]>
    </failure>
  </testcase> <!-- delete_ringgroup -->
  <testcase name="add_systemrecord" time="20.034" classname="testcases.UserSystemRecordingPage_Test">
    <failure type="java.lang.NullPointerException">
      <![CDATA[java.lang.NullPointerException
at reusefunctions.ReuseFunctions.takeScreenshotAtEndOfTest(ReuseFunctions.java:57)
at webeventlistner.WebEventListener.onException(WebEventListener.java:63)
at org.openqa.selenium.support.events.EventFiringWebDriver.lambda$new$0(EventFiringWebDriver.java:84)
at com.sun.proxy.$Proxy9.onException(Unknown Source)
at org.openqa.selenium.support.events.EventFiringWebDriver.lambda$new$1(EventFiringWebDriver.java:107)
at com.sun.proxy.$Proxy10.findElement(Unknown Source)
at org.openqa.selenium.support.events.EventFiringWebDriver.findElement(EventFiringWebDriver.java:194)
at org.openqa.selenium.support.pagefactory.DefaultElementLocator.findElement(DefaultElementLocator.java:69)
at org.openqa.selenium.support.pagefactory.internal.LocatingElementHandler.invoke(LocatingElementHandler.java:38)
at com.sun.proxy.$Proxy14.click(Unknown Source)
at webpages.UserSystemRecordingPage.add_systemrecord(UserSystemRecordingPage.java:49)
at testcases.UserSystemRecordingPage_Test.add_systemrecord(UserSystemRecordingPage_Test.java:36)
at java.util.ArrayList.forEach(Unknown Source)
... Removed 40 stack frames]]>
    </failure>
  </testcase> <!-- add_systemrecord -->
  <testcase name="edit_systemrecord" time="19.877" classname="testcases.UserSystemRecordingPage_Test">
    <failure type="java.lang.NullPointerException">
      <![CDATA[java.lang.NullPointerException
at reusefunctions.ReuseFunctions.takeScreenshotAtEndOfTest(ReuseFunctions.java:57)
at webeventlistner.WebEventListener.onException(WebEventListener.java:63)
at org.openqa.selenium.support.events.EventFiringWebDriver.lambda$new$0(EventFiringWebDriver.java:84)
at com.sun.proxy.$Proxy9.onException(Unknown Source)
at org.openqa.selenium.support.events.EventFiringWebDriver.lambda$new$1(EventFiringWebDriver.java:107)
at com.sun.proxy.$Proxy10.findElement(Unknown Source)
at org.openqa.selenium.support.events.EventFiringWebDriver.findElement(EventFiringWebDriver.java:194)
at org.openqa.selenium.support.pagefactory.DefaultElementLocator.findElement(DefaultElementLocator.java:69)
at org.openqa.selenium.support.pagefactory.internal.LocatingElementHandler.invoke(LocatingElementHandler.java:38)
at com.sun.proxy.$Proxy14.click(Unknown Source)
at webpages.UserSystemRecordingPage.edit_systemrecord(UserSystemRecordingPage.java:69)
at testcases.UserSystemRecordingPage_Test.edit_systemrecord(UserSystemRecordingPage_Test.java:44)
at java.util.ArrayList.forEach(Unknown Source)
... Removed 40 stack frames]]>
    </failure>
  </testcase> <!-- edit_systemrecord -->
  <testcase name="delete_systemrecord" time="5.006" classname="testcases.UserSystemRecordingPage_Test">
    <failure type="java.lang.NullPointerException">
      <![CDATA[java.lang.NullPointerException
at reusefunctions.ReuseFunctions.takeScreenshotAtEndOfTest(ReuseFunctions.java:57)
at webeventlistner.WebEventListener.onException(WebEventListener.java:63)
at org.openqa.selenium.support.events.EventFiringWebDriver.lambda$new$0(EventFiringWebDriver.java:84)
at com.sun.proxy.$Proxy9.onException(Unknown Source)
at org.openqa.selenium.support.events.EventFiringWebDriver.lambda$new$1(EventFiringWebDriver.java:107)
at com.sun.proxy.$Proxy10.findElement(Unknown Source)
at org.openqa.selenium.support.events.EventFiringWebDriver.findElement(EventFiringWebDriver.java:194)
at org.openqa.selenium.support.pagefactory.DefaultElementLocator.findElement(DefaultElementLocator.java:69)
at org.openqa.selenium.support.pagefactory.internal.LocatingElementHandler.invoke(LocatingElementHandler.java:38)
at com.sun.proxy.$Proxy14.click(Unknown Source)
at webpages.UserSystemRecordingPage.delete_systemrecord(UserSystemRecordingPage.java:83)
at testcases.UserSystemRecordingPage_Test.delete_systemrecord(UserSystemRecordingPage_Test.java:52)
at java.util.ArrayList.forEach(Unknown Source)
... Removed 40 stack frames]]>
    </failure>
  </testcase> <!-- delete_systemrecord -->
  <testcase name="timezone_validation" time="20.078" classname="testcases.UserTimezonePage_Test">
    <failure type="java.lang.NullPointerException">
      <![CDATA[java.lang.NullPointerException
at reusefunctions.ReuseFunctions.takeScreenshotAtEndOfTest(ReuseFunctions.java:57)
at webeventlistner.WebEventListener.onException(WebEventListener.java:63)
at org.openqa.selenium.support.events.EventFiringWebDriver.lambda$new$0(EventFiringWebDriver.java:84)
at com.sun.proxy.$Proxy9.onException(Unknown Source)
at org.openqa.selenium.support.events.EventFiringWebDriver.lambda$new$1(EventFiringWebDriver.java:107)
at com.sun.proxy.$Proxy10.findElement(Unknown Source)
at org.openqa.selenium.support.events.EventFiringWebDriver.findElement(EventFiringWebDriver.java:194)
at org.openqa.selenium.support.pagefactory.DefaultElementLocator.findElement(DefaultElementLocator.java:69)
at org.openqa.selenium.support.pagefactory.internal.LocatingElementHandler.invoke(LocatingElementHandler.java:38)
at com.sun.proxy.$Proxy14.click(Unknown Source)
at webpages.UserTimezonePage.timezone_validation(UserTimezonePage.java:28)
at testcases.UserTimezonePage_Test.timezone_validation(UserTimezonePage_Test.java:37)
at java.util.ArrayList.forEach(Unknown Source)
... Removed 40 stack frames]]>
    </failure>
  </testcase> <!-- timezone_validation -->
  <testcase name="add_timezone" time="22.054" classname="testcases.UserTimezonePage_Test">
    <failure type="java.lang.NullPointerException">
      <![CDATA[java.lang.NullPointerException
at reusefunctions.ReuseFunctions.takeScreenshotAtEndOfTest(ReuseFunctions.java:57)
at webeventlistner.WebEventListener.onException(WebEventListener.java:63)
at org.openqa.selenium.support.events.EventFiringWebDriver.lambda$new$0(EventFiringWebDriver.java:84)
at com.sun.proxy.$Proxy9.onException(Unknown Source)
at org.openqa.selenium.support.events.EventFiringWebDriver.lambda$new$1(EventFiringWebDriver.java:107)
at com.sun.proxy.$Proxy10.findElement(Unknown Source)
at org.openqa.selenium.support.events.EventFiringWebDriver.findElement(EventFiringWebDriver.java:194)
at org.openqa.selenium.support.pagefactory.DefaultElementLocator.findElement(DefaultElementLocator.java:69)
at org.openqa.selenium.support.pagefactory.internal.LocatingElementHandler.invoke(LocatingElementHandler.java:38)
at com.sun.proxy.$Proxy14.getTagName(Unknown Source)
at org.openqa.selenium.support.ui.Select.<init>(Select.java:44)
at webpages.UserTimezonePage.add_timezone(UserTimezonePage.java:41)
at testcases.UserTimezonePage_Test.add_timezone(UserTimezonePage_Test.java:45)
at java.util.ArrayList.forEach(Unknown Source)
... Removed 40 stack frames]]>
    </failure>
  </testcase> <!-- add_timezone -->
  <testcase name="edit_timezone" time="22.037" classname="testcases.UserTimezonePage_Test">
    <failure type="java.lang.NullPointerException">
      <![CDATA[java.lang.NullPointerException
at reusefunctions.ReuseFunctions.takeScreenshotAtEndOfTest(ReuseFunctions.java:57)
at webeventlistner.WebEventListener.onException(WebEventListener.java:63)
at org.openqa.selenium.support.events.EventFiringWebDriver.lambda$new$0(EventFiringWebDriver.java:84)
at com.sun.proxy.$Proxy9.onException(Unknown Source)
at org.openqa.selenium.support.events.EventFiringWebDriver.lambda$new$1(EventFiringWebDriver.java:107)
at com.sun.proxy.$Proxy10.findElement(Unknown Source)
at org.openqa.selenium.support.events.EventFiringWebDriver.findElement(EventFiringWebDriver.java:194)
at org.openqa.selenium.support.pagefactory.DefaultElementLocator.findElement(DefaultElementLocator.java:69)
at org.openqa.selenium.support.pagefactory.internal.LocatingElementHandler.invoke(LocatingElementHandler.java:38)
at com.sun.proxy.$Proxy14.getTagName(Unknown Source)
at org.openqa.selenium.support.ui.Select.<init>(Select.java:44)
at webpages.UserTimezonePage.add_timezone(UserTimezonePage.java:41)
at testcases.UserTimezonePage_Test.edit_timezone(UserTimezonePage_Test.java:53)
at java.util.ArrayList.forEach(Unknown Source)
... Removed 40 stack frames]]>
    </failure>
  </testcase> <!-- edit_timezone -->
  <testcase name="withoutselectradiodelete" time="5.012" classname="testcases.SystemRecordingPage_Test">
    <failure type="java.lang.NullPointerException">
      <![CDATA[java.lang.NullPointerException
at reusefunctions.ReuseFunctions.takeScreenshotAtEndOfTest(ReuseFunctions.java:57)
at webeventlistner.WebEventListener.onException(WebEventListener.java:63)
at org.openqa.selenium.support.events.EventFiringWebDriver.lambda$new$0(EventFiringWebDriver.java:84)
at com.sun.proxy.$Proxy9.onException(Unknown Source)
at org.openqa.selenium.support.events.EventFiringWebDriver.lambda$new$1(EventFiringWebDriver.java:107)
at com.sun.proxy.$Proxy10.findElement(Unknown Source)
at org.openqa.selenium.support.events.EventFiringWebDriver.findElement(EventFiringWebDriver.java:194)
at org.openqa.selenium.support.pagefactory.DefaultElementLocator.findElement(DefaultElementLocator.java:69)
at org.openqa.selenium.support.pagefactory.internal.LocatingElementHandler.invoke(LocatingElementHandler.java:38)
at com.sun.proxy.$Proxy14.click(Unknown Source)
at webpages.SystemRecordingPage.withoutselectradiodelete(SystemRecordingPage.java:133)
at testcases.SystemRecordingPage_Test.withoutselectradiodelete(SystemRecordingPage_Test.java:82)
at java.util.ArrayList.forEach(Unknown Source)
... Removed 40 stack frames]]>
    </failure>
  </testcase> <!-- withoutselectradiodelete -->
  <testcase name="systemrecord_validation" time="8.391" classname="testcases.SystemRecordingPjsipPage_Test"/>
  <testcase name="add_systemrecord" time="9.096" classname="testcases.SystemRecordingPjsipPage_Test"/>
  <testcase name="edit_systemrecord" time="7.966" classname="testcases.SystemRecordingPjsipPage_Test"/>
  <testcase name="delete_systemrecord" time="8.361" classname="testcases.SystemRecordingPjsipPage_Test"/>
  <testcase name="withoutselectradioedit" time="5.181" classname="testcases.SystemRecordingPjsipPage_Test"/>
  <testcase name="withoutselectradiodelete" time="7.227" classname="testcases.SystemRecordingPjsipPage_Test"/>
  <testcase name="timecondition_validation" time="7.008" classname="testcases.TimeConditionsPage_Test"/>
  <testcase name="add_timecondition" time="2.677" classname="testcases.TimeConditionsPage_Test"/>
  <testcase name="edit_timecondition" time="11.565" classname="testcases.TimeConditionsPage_Test"/>
  <testcase name="delete_timecondition" time="7.373" classname="testcases.TimeConditionsPage_Test"/>
  <testcase name="timegroup_validation" time="6.52" classname="testcases.TimeGroupsPage_Test"/>
  <testcase name="add_timegroup" time="24.549" classname="testcases.TimeGroupsPage_Test"/>
  <testcase name="add1_timegroup" time="72.474" classname="testcases.TimeGroupsPage_Test">
    <failure type="java.lang.NullPointerException">
      <![CDATA[java.lang.NullPointerException
at reusefunctions.ReuseFunctions.takeScreenshotAtEndOfTest(ReuseFunctions.java:57)
at webeventlistner.WebEventListener.onException(WebEventListener.java:63)
at org.openqa.selenium.support.events.EventFiringWebDriver.lambda$new$0(EventFiringWebDriver.java:84)
at com.sun.proxy.$Proxy9.onException(Unknown Source)
at org.openqa.selenium.support.events.EventFiringWebDriver.lambda$new$1(EventFiringWebDriver.java:107)
at com.sun.proxy.$Proxy10.findElement(Unknown Source)
at org.openqa.selenium.support.events.EventFiringWebDriver.findElement(EventFiringWebDriver.java:194)
at org.openqa.selenium.support.pagefactory.DefaultElementLocator.findElement(DefaultElementLocator.java:69)
at org.openqa.selenium.support.pagefactory.internal.LocatingElementHandler.invoke(LocatingElementHandler.java:38)
at com.sun.proxy.$Proxy14.getText(Unknown Source)
at webpages.TimeGroupsPage.add1_timegroup(TimeGroupsPage.java:271)
at testcases.TimeGroupsPage_Test.add1_timegroup(TimeGroupsPage_Test.java:57)
at java.util.ArrayList.forEach(Unknown Source)
... Removed 40 stack frames]]>
    </failure>
  </testcase> <!-- add1_timegroup -->
  <testcase name="edit_timegroup" time="25.085" classname="testcases.TimeGroupsPage_Test">
    <failure type="java.lang.NullPointerException">
      <![CDATA[java.lang.NullPointerException
at reusefunctions.ReuseFunctions.takeScreenshotAtEndOfTest(ReuseFunctions.java:57)
at webeventlistner.WebEventListener.onException(WebEventListener.java:63)
at org.openqa.selenium.support.events.EventFiringWebDriver.lambda$new$0(EventFiringWebDriver.java:84)
at com.sun.proxy.$Proxy9.onException(Unknown Source)
at org.openqa.selenium.support.events.EventFiringWebDriver$EventFiringWebElement.lambda$new$0(EventFiringWebDriver.java:406)
at com.sun.proxy.$Proxy15.click(Unknown Source)
at org.openqa.selenium.support.events.EventFiringWebDriver$EventFiringWebElement.click(EventFiringWebDriver.java:417)
at org.openqa.selenium.support.pagefactory.internal.LocatingElementHandler.invoke(LocatingElementHandler.java:51)
at com.sun.proxy.$Proxy14.click(Unknown Source)
at webpages.TimeGroupsPage.edit_timegroup(TimeGroupsPage.java:155)
at testcases.TimeGroupsPage_Test.edit_timegroup(TimeGroupsPage_Test.java:50)
at java.util.ArrayList.forEach(Unknown Source)
... Removed 43 stack frames]]>
    </failure>
  </testcase> <!-- edit_timegroup -->
  <testcase name="timegroup_validation" time="15.255" classname="testcases.TimeGroupsPjsipPage_Test"/>
  <testcase name="add_timegroup" time="24.725" classname="testcases.TimeGroupsPjsipPage_Test"/>
  <testcase name="edit_timegroup" time="47.208" classname="testcases.TimeGroupsPjsipPage_Test">
    <failure type="java.lang.NullPointerException">
      <![CDATA[java.lang.NullPointerException
at reusefunctions.ReuseFunctions.takeScreenshotAtEndOfTest(ReuseFunctions.java:57)
at webeventlistner.WebEventListener.onException(WebEventListener.java:63)
at org.openqa.selenium.support.events.EventFiringWebDriver.lambda$new$0(EventFiringWebDriver.java:84)
at com.sun.proxy.$Proxy9.onException(Unknown Source)
at org.openqa.selenium.support.events.EventFiringWebDriver.lambda$new$1(EventFiringWebDriver.java:107)
at com.sun.proxy.$Proxy10.findElement(Unknown Source)
at org.openqa.selenium.support.events.EventFiringWebDriver.findElement(EventFiringWebDriver.java:194)
at org.openqa.selenium.support.pagefactory.DefaultElementLocator.findElement(DefaultElementLocator.java:69)
at org.openqa.selenium.support.pagefactory.internal.LocatingElementHandler.invoke(LocatingElementHandler.java:38)
at com.sun.proxy.$Proxy14.getText(Unknown Source)
at webpages.TimeGroupsPjsipPage.edit_timegroup(TimeGroupsPjsipPage.java:189)
at testcases.TimeGroupsPjsipPage_Test.edit_timegroup(TimeGroupsPjsipPage_Test.java:51)
at java.util.ArrayList.forEach(Unknown Source)
... Removed 40 stack frames]]>
    </failure>
  </testcase> <!-- edit_timegroup -->
  <testcase name="add1_timegroup" time="25.1" classname="testcases.TimeGroupsPjsipPage_Test">
    <failure type="java.lang.NullPointerException">
      <![CDATA[java.lang.NullPointerException
at reusefunctions.ReuseFunctions.takeScreenshotAtEndOfTest(ReuseFunctions.java:57)
at webeventlistner.WebEventListener.onException(WebEventListener.java:63)
at org.openqa.selenium.support.events.EventFiringWebDriver.lambda$new$0(EventFiringWebDriver.java:84)
at com.sun.proxy.$Proxy9.onException(Unknown Source)
at org.openqa.selenium.support.events.EventFiringWebDriver$EventFiringWebElement.lambda$new$0(EventFiringWebDriver.java:406)
at com.sun.proxy.$Proxy15.click(Unknown Source)
at org.openqa.selenium.support.events.EventFiringWebDriver$EventFiringWebElement.click(EventFiringWebDriver.java:417)
at org.openqa.selenium.support.pagefactory.internal.LocatingElementHandler.invoke(LocatingElementHandler.java:51)
at com.sun.proxy.$Proxy14.click(Unknown Source)
at webpages.TimeGroupsPjsipPage.add1_timegroup(TimeGroupsPjsipPage.java:198)
at testcases.TimeGroupsPjsipPage_Test.add1_timegroup(TimeGroupsPjsipPage_Test.java:65)
at java.util.ArrayList.forEach(Unknown Source)
... Removed 43 stack frames]]>
    </failure>
  </testcase> <!-- add1_timegroup -->
  <testcase name="delete_timegroup" time="25.046" classname="testcases.TimeGroupsPjsipPage_Test">
    <failure type="java.lang.NullPointerException">
      <![CDATA[java.lang.NullPointerException
at reusefunctions.ReuseFunctions.takeScreenshotAtEndOfTest(ReuseFunctions.java:57)
at webeventlistner.WebEventListener.onException(WebEventListener.java:63)
at org.openqa.selenium.support.events.EventFiringWebDriver.lambda$new$0(EventFiringWebDriver.java:84)
at com.sun.proxy.$Proxy9.onException(Unknown Source)
at org.openqa.selenium.support.events.EventFiringWebDriver$EventFiringWebElement.lambda$new$0(EventFiringWebDriver.java:406)
at com.sun.proxy.$Proxy15.click(Unknown Source)
at org.openqa.selenium.support.events.EventFiringWebDriver$EventFiringWebElement.click(EventFiringWebDriver.java:417)
at org.openqa.selenium.support.pagefactory.internal.LocatingElementHandler.invoke(LocatingElementHandler.java:51)
at com.sun.proxy.$Proxy14.click(Unknown Source)
at webpages.TimeGroupsPjsipPage.delete_timegroup(TimeGroupsPjsipPage.java:275)
at testcases.TimeGroupsPjsipPage_Test.delete_timegroup(TimeGroupsPjsipPage_Test.java:58)
at java.util.ArrayList.forEach(Unknown Source)
... Removed 43 stack frames]]>
    </failure>
  </testcase> <!-- delete_timegroup -->
  <testcase name="timezone_validation" time="8.971" classname="testcases.TimeZonePage_Test"/>
  <testcase name="add_timezone" time="11.069" classname="testcases.TimeZonePage_Test"/>
  <testcase name="timezone_validation" time="6.838" classname="testcases.TimeZonePjsip_Test"/>
  <testcase name="add_timezone" time="11.078" classname="testcases.TimeZonePjsip_Test"/>
  <testcase name="edit_timezone" time="10.773" classname="testcases.TimeZonePjsip_Test"/>
  <testcase name="announcement_validation" time="20.009" classname="testcases.UserAnnouncementPage_Test">
    <failure type="java.lang.NullPointerException">
      <![CDATA[java.lang.NullPointerException
at reusefunctions.ReuseFunctions.takeScreenshotAtEndOfTest(ReuseFunctions.java:57)
at webeventlistner.WebEventListener.onException(WebEventListener.java:63)
at org.openqa.selenium.support.events.EventFiringWebDriver.lambda$new$0(EventFiringWebDriver.java:84)
at com.sun.proxy.$Proxy9.onException(Unknown Source)
at org.openqa.selenium.support.events.EventFiringWebDriver.lambda$new$1(EventFiringWebDriver.java:107)
at com.sun.proxy.$Proxy10.findElement(Unknown Source)
at org.openqa.selenium.support.events.EventFiringWebDriver.findElement(EventFiringWebDriver.java:194)
at org.openqa.selenium.support.pagefactory.DefaultElementLocator.findElement(DefaultElementLocator.java:69)
at org.openqa.selenium.support.pagefactory.internal.LocatingElementHandler.invoke(LocatingElementHandler.java:38)
at com.sun.proxy.$Proxy14.click(Unknown Source)
at webpages.UserAnnouncementPage.announcement_validation(UserAnnouncementPage.java:56)
at testcases.UserAnnouncementPage_Test.announcement_validation(UserAnnouncementPage_Test.java:42)
at java.util.ArrayList.forEach(Unknown Source)
... Removed 40 stack frames]]>
    </failure>
  </testcase> <!-- announcement_validation -->
  <testcase name="add_announcement" time="22.027" classname="testcases.UserAnnouncementPage_Test">
    <failure type="java.lang.NullPointerException">
      <![CDATA[java.lang.NullPointerException
at reusefunctions.ReuseFunctions.takeScreenshotAtEndOfTest(ReuseFunctions.java:57)
at webeventlistner.WebEventListener.onException(WebEventListener.java:63)
at org.openqa.selenium.support.events.EventFiringWebDriver.lambda$new$0(EventFiringWebDriver.java:84)
at com.sun.proxy.$Proxy9.onException(Unknown Source)
at org.openqa.selenium.support.events.EventFiringWebDriver.lambda$new$1(EventFiringWebDriver.java:107)
at com.sun.proxy.$Proxy10.findElement(Unknown Source)
at org.openqa.selenium.support.events.EventFiringWebDriver.findElement(EventFiringWebDriver.java:194)
at org.openqa.selenium.support.pagefactory.DefaultElementLocator.findElement(DefaultElementLocator.java:69)
at org.openqa.selenium.support.pagefactory.internal.LocatingElementHandler.invoke(LocatingElementHandler.java:38)
at com.sun.proxy.$Proxy14.click(Unknown Source)
at webpages.UserAnnouncementPage.add_announcement(UserAnnouncementPage.java:70)
at testcases.UserAnnouncementPage_Test.add_announcement(UserAnnouncementPage_Test.java:50)
at java.util.ArrayList.forEach(Unknown Source)
... Removed 40 stack frames]]>
    </failure>
  </testcase> <!-- add_announcement -->
  <testcase name="edit_announcement" time="25.062" classname="testcases.UserAnnouncementPage_Test">
    <failure type="java.lang.NullPointerException">
      <![CDATA[java.lang.NullPointerException
at reusefunctions.ReuseFunctions.takeScreenshotAtEndOfTest(ReuseFunctions.java:57)
at webeventlistner.WebEventListener.onException(WebEventListener.java:63)
at org.openqa.selenium.support.events.EventFiringWebDriver.lambda$new$0(EventFiringWebDriver.java:84)
at com.sun.proxy.$Proxy9.onException(Unknown Source)
at org.openqa.selenium.support.events.EventFiringWebDriver.lambda$new$1(EventFiringWebDriver.java:107)
at com.sun.proxy.$Proxy10.findElement(Unknown Source)
at org.openqa.selenium.support.events.EventFiringWebDriver.findElement(EventFiringWebDriver.java:194)
at org.openqa.selenium.support.pagefactory.DefaultElementLocator.findElement(DefaultElementLocator.java:69)
at org.openqa.selenium.support.pagefactory.internal.LocatingElementHandler.invoke(LocatingElementHandler.java:38)
at com.sun.proxy.$Proxy14.click(Unknown Source)
at webpages.UserAnnouncementPage.edit_announcement(UserAnnouncementPage.java:92)
at testcases.UserAnnouncementPage_Test.edit_announcement(UserAnnouncementPage_Test.java:58)
at java.util.ArrayList.forEach(Unknown Source)
... Removed 40 stack frames]]>
    </failure>
  </testcase> <!-- edit_announcement -->
  <testcase name="delete_announcement" time="25.061" classname="testcases.UserAnnouncementPage_Test">
    <failure type="java.lang.NullPointerException">
      <![CDATA[java.lang.NullPointerException
at reusefunctions.ReuseFunctions.takeScreenshotAtEndOfTest(ReuseFunctions.java:57)
at webeventlistner.WebEventListener.onException(WebEventListener.java:63)
at org.openqa.selenium.support.events.EventFiringWebDriver.lambda$new$0(EventFiringWebDriver.java:84)
at com.sun.proxy.$Proxy9.onException(Unknown Source)
at org.openqa.selenium.support.events.EventFiringWebDriver.lambda$new$1(EventFiringWebDriver.java:107)
at com.sun.proxy.$Proxy10.findElement(Unknown Source)
at org.openqa.selenium.support.events.EventFiringWebDriver.findElement(EventFiringWebDriver.java:194)
at org.openqa.selenium.support.pagefactory.DefaultElementLocator.findElement(DefaultElementLocator.java:69)
at org.openqa.selenium.support.pagefactory.internal.LocatingElementHandler.invoke(LocatingElementHandler.java:38)
at com.sun.proxy.$Proxy14.click(Unknown Source)
at webpages.UserAnnouncementPage.delete_announcement(UserAnnouncementPage.java:109)
at testcases.UserAnnouncementPage_Test.delete_announcement(UserAnnouncementPage_Test.java:66)
at java.util.ArrayList.forEach(Unknown Source)
... Removed 40 stack frames]]>
    </failure>
  </testcase> <!-- delete_announcement -->
  <testcase name="delete_extension" time="5.016" classname="testcases.ListofExtensionsSipPage_Test">
    <failure type="java.lang.NullPointerException">
      <![CDATA[java.lang.NullPointerException
at reusefunctions.ReuseFunctions.takeScreenshotAtEndOfTest(ReuseFunctions.java:57)
at webeventlistner.WebEventListener.onException(WebEventListener.java:63)
at org.openqa.selenium.support.events.EventFiringWebDriver.lambda$new$0(EventFiringWebDriver.java:84)
at com.sun.proxy.$Proxy9.onException(Unknown Source)
at org.openqa.selenium.support.events.EventFiringWebDriver.lambda$new$1(EventFiringWebDriver.java:107)
at com.sun.proxy.$Proxy10.findElement(Unknown Source)
at org.openqa.selenium.support.events.EventFiringWebDriver.findElement(EventFiringWebDriver.java:194)
at org.openqa.selenium.support.pagefactory.DefaultElementLocator.findElement(DefaultElementLocator.java:69)
at org.openqa.selenium.support.pagefactory.internal.LocatingElementHandler.invoke(LocatingElementHandler.java:38)
at com.sun.proxy.$Proxy14.click(Unknown Source)
at webpages.ListofExtensionsSipPage.delete_extension(ListofExtensionsSipPage.java:239)
at testcases.ListofExtensionsSipPage_Test.delete_extension(ListofExtensionsSipPage_Test.java:86)
at java.util.ArrayList.forEach(Unknown Source)
... Removed 40 stack frames]]>
    </failure>
  </testcase> <!-- delete_extension -->
  <testcase name="extension_validation" time="6.782" classname="testcases.ListofExtensionsUserDevice_Test"/>
  <testcase name="add_extension" time="6.44" classname="testcases.ListofExtensionsUserDevice_Test"/>
  <testcase name="edit_extension" time="9.868" classname="testcases.ListofExtensionsUserDevice_Test"/>
  <testcase name="followme_extension" time="10.902" classname="testcases.ListofExtensionsUserDevice_Test"/>
  <testcase name="edit_follow_extension" time="12.198" classname="testcases.ListofExtensionsUserDevice_Test"/>
  <testcase name="check_bulk_extension" time="8.021" classname="testcases.ListofExtensionsUserDevice_Test"/>
  <testcase name="delete_extension" time="7.35" classname="testcases.ListofExtensionsUserDevice_Test"/>
  <testcase name="loginTest" time="13.063" classname="testcases.LoginPage_Test">
    <failure type="java.lang.NullPointerException">
      <![CDATA[java.lang.NullPointerException
at reusefunctions.ReuseFunctions.takeScreenshotAtEndOfTest(ReuseFunctions.java:57)
at webeventlistner.WebEventListener.onException(WebEventListener.java:63)
at org.openqa.selenium.support.events.EventFiringWebDriver.lambda$new$0(EventFiringWebDriver.java:84)
at com.sun.proxy.$Proxy9.onException(Unknown Source)
at org.openqa.selenium.support.events.EventFiringWebDriver.lambda$new$1(EventFiringWebDriver.java:107)
at com.sun.proxy.$Proxy10.findElement(Unknown Source)
at org.openqa.selenium.support.events.EventFiringWebDriver.findElement(EventFiringWebDriver.java:194)
at org.openqa.selenium.support.pagefactory.DefaultElementLocator.findElement(DefaultElementLocator.java:69)
at org.openqa.selenium.support.pagefactory.internal.LocatingElementHandler.invoke(LocatingElementHandler.java:38)
at com.sun.proxy.$Proxy14.sendKeys(Unknown Source)
at webpages.LoginPage.login(LoginPage.java:31)
at testcases.LoginPage_Test.loginTest(LoginPage_Test.java:39)
at java.util.ArrayList.forEach(Unknown Source)
... Removed 40 stack frames]]>
    </failure>
  </testcase> <!-- loginTest -->
  <testcase name="wronginputs" time="0.0" classname="testcases.SystemRecordingPage_Test">
    <ignored/>
  </testcase> <!-- wronginputs -->
  <testcase name="radioedit_confrencepage" time="0.0" classname="testcases.ConferencePage_Test">
    <ignored/>
  </testcase> <!-- radioedit_confrencepage -->
  <testcase name="wronginputs" time="0.0" classname="testcases.SystemRecordingPjsipPage_Test">
    <ignored/>
  </testcase> <!-- wronginputs -->
  <testcase name="listcustomer" time="0.0" classname="testcases.ListofCustomersPage_Test">
    <ignored/>
  </testcase> <!-- listcustomer -->
  <testcase name="file_field_validation" time="0.0" classname="testcases.MusiconHoldPjsipPage_Test">
    <ignored/>
  </testcase> <!-- file_field_validation -->
  <testcase name="play_audio" time="0.0" classname="testcases.SystemRecordingPjsipPage_Test">
    <ignored/>
  </testcase> <!-- play_audio -->
</testsuite> <!-- Command line test -->
