<?xml version="1.0" encoding="UTF-8"?>
<!-- Generated by org.testng.reporters.JUnitXMLReporter -->
<testsuite hostname="DESKTOP-4C220HH" ignored="2" name="Test" tests="6" failures="0" timestamp="25 Jul 2020 15:22:48 GMT" time="113.556" errors="0">
  <testcase name="loginTest" time="4.479" classname="testcases.LoginPage_Test"/>
  <testcase name="systemrecord_validation" time="10.955" classname="testcases.SystemRecordingPage_Test"/>
  <testcase name="extension_validation" time="7.895" classname="testcases.ListofExtensionsPage_test"/>
  <testcase name="queues_validation" time="9.348" classname="testcases.QueuesPage_Test"/>
  <testcase name="ringgroup_validation" time="8.2" classname="testcases.RingGroupsPage_Test"/>
  <testcase name="paging_validation" time="13.363" classname="testcases.PagingIntercomPage_Test"/>
  <testcase name="wronginputs" time="0.0" classname="testcases.SystemRecordingPage_Test">
    <ignored/>
  </testcase> <!-- wronginputs -->
  <testcase name="delete_systemrecord" time="0.0" classname="testcases.SystemRecordingPage_Test">
    <ignored/>
  </testcase> <!-- delete_systemrecord -->
</testsuite> <!-- Test -->
