<?xml version="1.0" encoding="UTF-8" ?>
<testsuite tests="165" failures="69" name="TestSuite" time="2,482.736" errors="0" skipped="2">
  <properties>
[...]
</properties>
  <testcase classname="testcases.AddCustomerPage_Test" name="add_customerpjsip" time="16.137"/>
  <testcase classname="testcases.UserDirectoryPage_Test" name="directory_validation" time="29.585">
    <failure type="java.lang.NullPointerException">java.lang.NullPointerException
	at reusefunctions.ReuseFunctions.takeScreenshotAtEndOfTest(ReuseFunctions.java:57)
	at webeventlistner.WebEventListener.onException(WebEventListener.java:63)
	at sun.reflect.NativeMethodAccessorImpl.invoke0(Native Method)
	at sun.reflect.NativeMethodAccessorImpl.invoke(Unknown Source)
	at sun.reflect.DelegatingMethodAccessorImpl.invoke(Unknown Source)
	at java.lang.reflect.Method.invoke(Unknown Source)
	at org.openqa.selenium.support.events.EventFiringWebDriver.lambda$new$0(EventFiringWebDriver.java:84)
	at com.sun.proxy.$Proxy9.onException(Unknown Source)
	at org.openqa.selenium.support.events.EventFiringWebDriver.lambda$new$1(EventFiringWebDriver.java:107)
	at com.sun.proxy.$Proxy10.findElement(Unknown Source)
	at org.openqa.selenium.support.events.EventFiringWebDriver.findElement(EventFiringWebDriver.java:194)
	at org.openqa.selenium.support.pagefactory.DefaultElementLocator.findElement(DefaultElementLocator.java:69)
	at org.openqa.selenium.support.pagefactory.internal.LocatingElementHandler.invoke(LocatingElementHandler.java:38)
	at com.sun.proxy.$Proxy14.click(Unknown Source)
	at webpages.UserDirectoryPage.directory_validation(UserDirectoryPage.java:57)
	at testcases.UserDirectoryPage_Test.directory_validation(UserDirectoryPage_Test.java:39)
</failure>
    <system-out>Before navigating to: &apos;http://123.108.80.102/multitenant&apos;
Navigated to:&apos;http://123.108.80.102/multitenant&apos;
Trying to find Element By : By.xpath: //input[contains(@ng-model,&apos;formdata.username&apos;)]
Found Element By : By.xpath: //input[contains(@ng-model,&apos;formdata.username&apos;)]
Trying to find Element By : By.xpath: //input[@type=&apos;password&apos;]
Found Element By : By.xpath: //input[@type=&apos;password&apos;]
Trying to find Element By : By.xpath: (//button[@type=&apos;submit&apos;])[1]
Found Element By : By.xpath: (//button[@type=&apos;submit&apos;])[1]
Trying to click on: [[ChromeDriver: chrome on WINDOWS (d83e1e71684a6cd0346165cd6579df41)] -&gt; xpath: (//button[@type=&apos;submit&apos;])[1]]
Clicked on: [[ChromeDriver: chrome on WINDOWS (d83e1e71684a6cd0346165cd6579df41)] -&gt; xpath: (//button[@type=&apos;submit&apos;])[1]]
Trying to find Element By : By.xpath: //a[contains(.,&apos;PBX Setting&apos;)]
Exception occured: org.openqa.selenium.NoSuchElementException: no such element: Unable to locate element: {&quot;method&quot;:&quot;xpath&quot;,&quot;selector&quot;:&quot;//a[contains(.,&apos;PBX Setting&apos;)]&quot;}
  (Session info: chrome=84.0.4147.125)
For documentation on this error, please visit: http://seleniumhq.org/exceptions/no_such_element.html
Build info: version: &apos;3.141.5&apos;, revision: &apos;d54ebd709a&apos;, time: &apos;2018-11-06T11:42:16&apos;
System info: host: &apos;DESKTOP-4C220HH&apos;, ip: &apos;192.168.29.189&apos;, os.name: &apos;Windows 10&apos;, os.arch: &apos;amd64&apos;, os.version: &apos;10.0&apos;, java.version: &apos;1.8.0_251&apos;
Driver info: org.openqa.selenium.chrome.ChromeDriver
Capabilities {acceptInsecureCerts: false, browserName: chrome, browserVersion: 84.0.4147.125, chrome: {chromedriverVersion: 83.0.4103.14 (be04594a2b841..., userDataDir: C:\Users\Surendra\AppData\L...}, goog:chromeOptions: {debuggerAddress: localhost:51866}, javascriptEnabled: true, networkConnectionEnabled: false, pageLoadStrategy: normal, platform: WINDOWS, platformName: WINDOWS, proxy: Proxy(), setWindowRect: true, strictFileInteractability: false, timeouts: {implicit: 0, pageLoad: 300000, script: 30000}, unhandledPromptBehavior: dismiss and notify, webauthn:virtualAuthenticators: true}
Session ID: d83e1e71684a6cd0346165cd6579df41
*** Element info: {Using=xpath, value=//a[contains(.,&apos;PBX Setting&apos;)]}
</system-out>
    <system-err>Starting ChromeDriver 83.0.4103.14 (be04594a2b8411758b860104bc0a1033417178be-refs/branch-heads/4103@{#119}) on port 2109
Only local connections are allowed.
Please see https://chromedriver.chromium.org/security-considerations for suggestions on keeping ChromeDriver safe.
ChromeDriver was started successfully.
[1597325302.741][WARNING]: This version of ChromeDriver has not been tested with Chrome version 84.
Aug 13, 2020 6:58:25 PM org.openqa.selenium.remote.ProtocolHandshake createSession
INFO: Detected dialect: W3C
</system-err>
  </testcase>
  <testcase classname="testcases.MusiconHoldPage_Test" name="musiconhold_validation" time="6.541"/>
  <testcase classname="testcases.AddCustomerPage_Test" name="add_customersip" time="17.036">
    <failure type="java.lang.NullPointerException">java.lang.NullPointerException
	at reusefunctions.ReuseFunctions.takeScreenshotAtEndOfTest(ReuseFunctions.java:57)
	at webeventlistner.WebEventListener.onException(WebEventListener.java:63)
	at sun.reflect.NativeMethodAccessorImpl.invoke0(Native Method)
	at sun.reflect.NativeMethodAccessorImpl.invoke(Unknown Source)
	at sun.reflect.DelegatingMethodAccessorImpl.invoke(Unknown Source)
	at java.lang.reflect.Method.invoke(Unknown Source)
	at org.openqa.selenium.support.events.EventFiringWebDriver.lambda$new$0(EventFiringWebDriver.java:84)
	at com.sun.proxy.$Proxy9.onException(Unknown Source)
	at org.openqa.selenium.support.events.EventFiringWebDriver.lambda$new$1(EventFiringWebDriver.java:107)
	at com.sun.proxy.$Proxy10.findElement(Unknown Source)
	at org.openqa.selenium.support.events.EventFiringWebDriver.findElement(EventFiringWebDriver.java:194)
	at org.openqa.selenium.support.pagefactory.DefaultElementLocator.findElement(DefaultElementLocator.java:69)
	at org.openqa.selenium.support.pagefactory.internal.LocatingElementHandler.invoke(LocatingElementHandler.java:38)
	at com.sun.proxy.$Proxy14.sendKeys(Unknown Source)
	at webpages.AddCustomerPage.add_customersip(AddCustomerPage.java:86)
	at testcases.AddCustomerPage_Test.add_customersip(AddCustomerPage_Test.java:44)
</failure>
    <system-out>Trying to find Element By : By.xpath: //input[contains(@name,&apos;uname&apos;)]
Exception occured: org.openqa.selenium.WebDriverException: chrome not reachable
  (Session info: chrome=84.0.4147.125)
Build info: version: &apos;3.141.5&apos;, revision: &apos;d54ebd709a&apos;, time: &apos;2018-11-06T11:42:16&apos;
System info: host: &apos;DESKTOP-4C220HH&apos;, ip: &apos;192.168.29.189&apos;, os.name: &apos;Windows 10&apos;, os.arch: &apos;amd64&apos;, os.version: &apos;10.0&apos;, java.version: &apos;1.8.0_251&apos;
Driver info: org.openqa.selenium.chrome.ChromeDriver
Capabilities {acceptInsecureCerts: false, browserName: chrome, browserVersion: 84.0.4147.125, chrome: {chromedriverVersion: 83.0.4103.14 (be04594a2b841..., userDataDir: C:\Users\Surendra\AppData\L...}, goog:chromeOptions: {debuggerAddress: localhost:51791}, javascriptEnabled: true, networkConnectionEnabled: false, pageLoadStrategy: normal, platform: WINDOWS, platformName: WINDOWS, proxy: Proxy(), setWindowRect: true, strictFileInteractability: false, timeouts: {implicit: 0, pageLoad: 300000, script: 30000}, unhandledPromptBehavior: dismiss and notify, webauthn:virtualAuthenticators: true}
Session ID: cb5c711c33f692db66bbf964e33ad001
*** Element info: {Using=xpath, value=//input[contains(@name,&apos;uname&apos;)]}
</system-out>
    <system-err>[1597325375.519][WARNING]: Timed out connecting to Chrome, retrying...
</system-err>
  </testcase>
  <testcase classname="testcases.UserDirectoryPage_Test" name="add_directroy" time="21.094">
    <failure type="java.lang.NullPointerException">java.lang.NullPointerException
	at reusefunctions.ReuseFunctions.takeScreenshotAtEndOfTest(ReuseFunctions.java:57)
	at webeventlistner.WebEventListener.onException(WebEventListener.java:63)
	at sun.reflect.NativeMethodAccessorImpl.invoke0(Native Method)
	at sun.reflect.NativeMethodAccessorImpl.invoke(Unknown Source)
	at sun.reflect.DelegatingMethodAccessorImpl.invoke(Unknown Source)
	at java.lang.reflect.Method.invoke(Unknown Source)
	at org.openqa.selenium.support.events.EventFiringWebDriver.lambda$new$0(EventFiringWebDriver.java:84)
	at com.sun.proxy.$Proxy9.onException(Unknown Source)
	at org.openqa.selenium.support.events.EventFiringWebDriver.lambda$new$1(EventFiringWebDriver.java:107)
	at com.sun.proxy.$Proxy10.findElement(Unknown Source)
	at org.openqa.selenium.support.events.EventFiringWebDriver.findElement(EventFiringWebDriver.java:194)
	at org.openqa.selenium.support.pagefactory.DefaultElementLocator.findElement(DefaultElementLocator.java:69)
	at org.openqa.selenium.support.pagefactory.internal.LocatingElementHandler.invoke(LocatingElementHandler.java:38)
	at com.sun.proxy.$Proxy14.click(Unknown Source)
	at webpages.UserDirectoryPage.add_directroy(UserDirectoryPage.java:73)
	at testcases.UserDirectoryPage_Test.add_directroy(UserDirectoryPage_Test.java:48)
</failure>
    <system-out>Trying to find Element By : By.xpath: //button[contains(.,&apos;Action&apos;)]
Exception occured: org.openqa.selenium.NoSuchElementException: no such element: Unable to locate element: {&quot;method&quot;:&quot;xpath&quot;,&quot;selector&quot;:&quot;//button[contains(.,&apos;Action&apos;)]&quot;}
  (Session info: chrome=84.0.4147.125)
For documentation on this error, please visit: http://seleniumhq.org/exceptions/no_such_element.html
Build info: version: &apos;3.141.5&apos;, revision: &apos;d54ebd709a&apos;, time: &apos;2018-11-06T11:42:16&apos;
System info: host: &apos;DESKTOP-4C220HH&apos;, ip: &apos;192.168.29.189&apos;, os.name: &apos;Windows 10&apos;, os.arch: &apos;amd64&apos;, os.version: &apos;10.0&apos;, java.version: &apos;1.8.0_251&apos;
Driver info: org.openqa.selenium.chrome.ChromeDriver
Capabilities {acceptInsecureCerts: false, browserName: chrome, browserVersion: 84.0.4147.125, chrome: {chromedriverVersion: 83.0.4103.14 (be04594a2b841..., userDataDir: C:\Users\Surendra\AppData\L...}, goog:chromeOptions: {debuggerAddress: localhost:51866}, javascriptEnabled: true, networkConnectionEnabled: false, pageLoadStrategy: normal, platform: WINDOWS, platformName: WINDOWS, proxy: Proxy(), setWindowRect: true, strictFileInteractability: false, timeouts: {implicit: 0, pageLoad: 300000, script: 30000}, unhandledPromptBehavior: dismiss and notify, webauthn:virtualAuthenticators: true}
Session ID: d83e1e71684a6cd0346165cd6579df41
*** Element info: {Using=xpath, value=//button[contains(.,&apos;Action&apos;)]}
</system-out>
  </testcase>
  <testcase classname="testcases.MusiconHoldPage_Test" name="add_musichold" time="23.109">
    <failure type="java.lang.NullPointerException">java.lang.NullPointerException
	at reusefunctions.ReuseFunctions.takeScreenshotAtEndOfTest(ReuseFunctions.java:57)
	at webeventlistner.WebEventListener.onException(WebEventListener.java:63)
	at sun.reflect.NativeMethodAccessorImpl.invoke0(Native Method)
	at sun.reflect.NativeMethodAccessorImpl.invoke(Unknown Source)
	at sun.reflect.DelegatingMethodAccessorImpl.invoke(Unknown Source)
	at java.lang.reflect.Method.invoke(Unknown Source)
	at org.openqa.selenium.support.events.EventFiringWebDriver.lambda$new$0(EventFiringWebDriver.java:84)
	at com.sun.proxy.$Proxy9.onException(Unknown Source)
	at org.openqa.selenium.support.events.EventFiringWebDriver.lambda$new$1(EventFiringWebDriver.java:107)
	at com.sun.proxy.$Proxy10.findElement(Unknown Source)
	at org.openqa.selenium.support.events.EventFiringWebDriver.findElement(EventFiringWebDriver.java:194)
	at org.openqa.selenium.support.pagefactory.DefaultElementLocator.findElement(DefaultElementLocator.java:69)
	at org.openqa.selenium.support.pagefactory.internal.LocatingElementHandler.invoke(LocatingElementHandler.java:38)
	at com.sun.proxy.$Proxy14.getText(Unknown Source)
	at webpages.MusiconHoldPage.add_musichold(MusiconHoldPage.java:83)
	at testcases.MusiconHoldPage_Test.add_musichold(MusiconHoldPage_Test.java:42)
</failure>
    <system-out>Trying to find Element By : By.xpath: //button[contains(.,&apos;Action&apos;)]
Found Element By : By.xpath: //button[contains(.,&apos;Action&apos;)]
Trying to click on: [[ChromeDriver: chrome on WINDOWS (2b6a21eb581cd6ce8e103735c7191bdf)] -&gt; xpath: //button[contains(.,&apos;Action&apos;)]]
Clicked on: [[ChromeDriver: chrome on WINDOWS (2b6a21eb581cd6ce8e103735c7191bdf)] -&gt; xpath: //button[contains(.,&apos;Action&apos;)]]
Trying to find Element By : By.xpath: //a[contains(@ng-click,&apos;addMusic();&apos;)]
Found Element By : By.xpath: //a[contains(@ng-click,&apos;addMusic();&apos;)]
Trying to click on: [[ChromeDriver: chrome on WINDOWS (2b6a21eb581cd6ce8e103735c7191bdf)] -&gt; xpath: //a[contains(@ng-click,&apos;addMusic();&apos;)]]
Clicked on: [[ChromeDriver: chrome on WINDOWS (2b6a21eb581cd6ce8e103735c7191bdf)] -&gt; xpath: //a[contains(@ng-click,&apos;addMusic();&apos;)]]
Trying to find Element By : By.xpath: //input[@name=&apos;name&apos;]
Found Element By : By.xpath: //input[@name=&apos;name&apos;]
Trying to find Element By : By.xpath: //input[@type=&apos;file&apos;]
Found Element By : By.xpath: //input[@type=&apos;file&apos;]
Trying to find Element By : By.xpath: //input[@value=&apos;Submit&apos;]
Found Element By : By.xpath: //input[@value=&apos;Submit&apos;]
Trying to click on: [[ChromeDriver: chrome on WINDOWS (2b6a21eb581cd6ce8e103735c7191bdf)] -&gt; xpath: //input[@value=&apos;Submit&apos;]]
Clicked on: [[ChromeDriver: chrome on WINDOWS (2b6a21eb581cd6ce8e103735c7191bdf)] -&gt; xpath: //input[@value=&apos;Submit&apos;]]
Trying to find Element By : By.xpath: //h4[@class=&apos;ng-binding&apos;][contains(.,&apos;Added successfully&apos;)]
Exception occured: org.openqa.selenium.NoSuchElementException: no such element: Unable to locate element: {&quot;method&quot;:&quot;xpath&quot;,&quot;selector&quot;:&quot;//h4[@class=&apos;ng-binding&apos;][contains(.,&apos;Added successfully&apos;)]&quot;}
  (Session info: chrome=84.0.4147.125)
For documentation on this error, please visit: http://seleniumhq.org/exceptions/no_such_element.html
Build info: version: &apos;3.141.5&apos;, revision: &apos;d54ebd709a&apos;, time: &apos;2018-11-06T11:42:16&apos;
System info: host: &apos;DESKTOP-4C220HH&apos;, ip: &apos;192.168.29.189&apos;, os.name: &apos;Windows 10&apos;, os.arch: &apos;amd64&apos;, os.version: &apos;10.0&apos;, java.version: &apos;1.8.0_251&apos;
Driver info: org.openqa.selenium.chrome.ChromeDriver
Capabilities {acceptInsecureCerts: false, browserName: chrome, browserVersion: 84.0.4147.125, chrome: {chromedriverVersion: 83.0.4103.14 (be04594a2b841..., userDataDir: C:\Users\Surendra\AppData\L...}, goog:chromeOptions: {debuggerAddress: localhost:51947}, javascriptEnabled: true, networkConnectionEnabled: false, pageLoadStrategy: normal, platform: WINDOWS, platformName: WINDOWS, proxy: Proxy(), setWindowRect: true, strictFileInteractability: false, timeouts: {implicit: 0, pageLoad: 300000, script: 30000}, unhandledPromptBehavior: dismiss and notify, webauthn:virtualAuthenticators: true}
Session ID: 2b6a21eb581cd6ce8e103735c7191bdf
*** Element info: {Using=xpath, value=//h4[@class=&apos;ng-binding&apos;][contains(.,&apos;Added successfully&apos;)]}
</system-out>
  </testcase>
  <testcase classname="testcases.AddCustomerPage_Test" name="add_customerUserDevice" time="17.03">
    <failure type="java.lang.NullPointerException">java.lang.NullPointerException
	at reusefunctions.ReuseFunctions.takeScreenshotAtEndOfTest(ReuseFunctions.java:57)
	at webeventlistner.WebEventListener.onException(WebEventListener.java:63)
	at sun.reflect.NativeMethodAccessorImpl.invoke0(Native Method)
	at sun.reflect.NativeMethodAccessorImpl.invoke(Unknown Source)
	at sun.reflect.DelegatingMethodAccessorImpl.invoke(Unknown Source)
	at java.lang.reflect.Method.invoke(Unknown Source)
	at org.openqa.selenium.support.events.EventFiringWebDriver.lambda$new$0(EventFiringWebDriver.java:84)
	at com.sun.proxy.$Proxy9.onException(Unknown Source)
	at org.openqa.selenium.support.events.EventFiringWebDriver.lambda$new$1(EventFiringWebDriver.java:107)
	at com.sun.proxy.$Proxy10.findElement(Unknown Source)
	at org.openqa.selenium.support.events.EventFiringWebDriver.findElement(EventFiringWebDriver.java:194)
	at org.openqa.selenium.support.pagefactory.DefaultElementLocator.findElement(DefaultElementLocator.java:69)
	at org.openqa.selenium.support.pagefactory.internal.LocatingElementHandler.invoke(LocatingElementHandler.java:38)
	at com.sun.proxy.$Proxy14.sendKeys(Unknown Source)
	at webpages.AddCustomerPage.add_customerUserDevice(AddCustomerPage.java:119)
	at testcases.AddCustomerPage_Test.add_customerUserDevice(AddCustomerPage_Test.java:50)
</failure>
    <system-out>Trying to find Element By : By.xpath: //input[contains(@name,&apos;uname&apos;)]
Exception occured: org.openqa.selenium.WebDriverException: chrome not reachable
  (Session info: chrome=84.0.4147.125)
Build info: version: &apos;3.141.5&apos;, revision: &apos;d54ebd709a&apos;, time: &apos;2018-11-06T11:42:16&apos;
System info: host: &apos;DESKTOP-4C220HH&apos;, ip: &apos;192.168.29.189&apos;, os.name: &apos;Windows 10&apos;, os.arch: &apos;amd64&apos;, os.version: &apos;10.0&apos;, java.version: &apos;1.8.0_251&apos;
Driver info: org.openqa.selenium.chrome.ChromeDriver
Capabilities {acceptInsecureCerts: false, browserName: chrome, browserVersion: 84.0.4147.125, chrome: {chromedriverVersion: 83.0.4103.14 (be04594a2b841..., userDataDir: C:\Users\Surendra\AppData\L...}, goog:chromeOptions: {debuggerAddress: localhost:51791}, javascriptEnabled: true, networkConnectionEnabled: false, pageLoadStrategy: normal, platform: WINDOWS, platformName: WINDOWS, proxy: Proxy(), setWindowRect: true, strictFileInteractability: false, timeouts: {implicit: 0, pageLoad: 300000, script: 30000}, unhandledPromptBehavior: dismiss and notify, webauthn:virtualAuthenticators: true}
Session ID: cb5c711c33f692db66bbf964e33ad001
*** Element info: {Using=xpath, value=//input[contains(@name,&apos;uname&apos;)]}
</system-out>
    <system-err>[1597325436.760][WARNING]: Timed out connecting to Chrome, retrying...
</system-err>
  </testcase>
  <testcase classname="testcases.AnnouncementsPage_Test" name="announcement_validation" time="8.672"/>
  <testcase classname="testcases.AnnouncementsPage_Test" name="add_announcement" time="11.428"/>
  <testcase classname="testcases.UserDirectoryPage_Test" name="assign_directroy" time="25.051">
    <failure type="java.lang.NullPointerException">java.lang.NullPointerException
	at reusefunctions.ReuseFunctions.takeScreenshotAtEndOfTest(ReuseFunctions.java:57)
	at webeventlistner.WebEventListener.onException(WebEventListener.java:63)
	at sun.reflect.NativeMethodAccessorImpl.invoke0(Native Method)
	at sun.reflect.NativeMethodAccessorImpl.invoke(Unknown Source)
	at sun.reflect.DelegatingMethodAccessorImpl.invoke(Unknown Source)
	at java.lang.reflect.Method.invoke(Unknown Source)
	at org.openqa.selenium.support.events.EventFiringWebDriver.lambda$new$0(EventFiringWebDriver.java:84)
	at com.sun.proxy.$Proxy9.onException(Unknown Source)
	at org.openqa.selenium.support.events.EventFiringWebDriver.lambda$new$1(EventFiringWebDriver.java:107)
	at com.sun.proxy.$Proxy10.findElement(Unknown Source)
	at org.openqa.selenium.support.events.EventFiringWebDriver.findElement(EventFiringWebDriver.java:194)
	at org.openqa.selenium.support.pagefactory.DefaultElementLocator.findElement(DefaultElementLocator.java:69)
	at org.openqa.selenium.support.pagefactory.internal.LocatingElementHandler.invoke(LocatingElementHandler.java:38)
	at com.sun.proxy.$Proxy14.click(Unknown Source)
	at webpages.UserDirectoryPage.assign_directory(UserDirectoryPage.java:101)
	at testcases.UserDirectoryPage_Test.assign_directroy(UserDirectoryPage_Test.java:64)
</failure>
    <system-out>Trying to find Element By : By.xpath: //td[contains(.,&apos;newdirectory&apos;)]
Exception occured: org.openqa.selenium.NoSuchElementException: no such element: Unable to locate element: {&quot;method&quot;:&quot;xpath&quot;,&quot;selector&quot;:&quot;//td[contains(.,&apos;newdirectory&apos;)]&quot;}
  (Session info: chrome=84.0.4147.125)
For documentation on this error, please visit: http://seleniumhq.org/exceptions/no_such_element.html
Build info: version: &apos;3.141.5&apos;, revision: &apos;d54ebd709a&apos;, time: &apos;2018-11-06T11:42:16&apos;
System info: host: &apos;DESKTOP-4C220HH&apos;, ip: &apos;192.168.29.189&apos;, os.name: &apos;Windows 10&apos;, os.arch: &apos;amd64&apos;, os.version: &apos;10.0&apos;, java.version: &apos;1.8.0_251&apos;
Driver info: org.openqa.selenium.chrome.ChromeDriver
Capabilities {acceptInsecureCerts: false, browserName: chrome, browserVersion: 84.0.4147.125, chrome: {chromedriverVersion: 83.0.4103.14 (be04594a2b841..., userDataDir: C:\Users\Surendra\AppData\L...}, goog:chromeOptions: {debuggerAddress: localhost:51866}, javascriptEnabled: true, networkConnectionEnabled: false, pageLoadStrategy: normal, platform: WINDOWS, platformName: WINDOWS, proxy: Proxy(), setWindowRect: true, strictFileInteractability: false, timeouts: {implicit: 0, pageLoad: 300000, script: 30000}, unhandledPromptBehavior: dismiss and notify, webauthn:virtualAuthenticators: true}
Session ID: d83e1e71684a6cd0346165cd6579df41
*** Element info: {Using=xpath, value=//td[contains(.,&apos;newdirectory&apos;)]}
</system-out>
  </testcase>
  <testcase classname="testcases.AnnouncementsPage_Test" name="edit_announcement" time="9.533"/>
  <testcase classname="testcases.MusiconHoldPage_Test" name="edit_musichold" time="25.127">
    <failure type="java.lang.NullPointerException">java.lang.NullPointerException
	at reusefunctions.ReuseFunctions.takeScreenshotAtEndOfTest(ReuseFunctions.java:57)
	at webeventlistner.WebEventListener.onException(WebEventListener.java:63)
	at sun.reflect.NativeMethodAccessorImpl.invoke0(Native Method)
	at sun.reflect.NativeMethodAccessorImpl.invoke(Unknown Source)
	at sun.reflect.DelegatingMethodAccessorImpl.invoke(Unknown Source)
	at java.lang.reflect.Method.invoke(Unknown Source)
	at org.openqa.selenium.support.events.EventFiringWebDriver.lambda$new$0(EventFiringWebDriver.java:84)
	at com.sun.proxy.$Proxy9.onException(Unknown Source)
	at org.openqa.selenium.support.events.EventFiringWebDriver$EventFiringWebElement.lambda$new$0(EventFiringWebDriver.java:406)
	at com.sun.proxy.$Proxy15.click(Unknown Source)
	at org.openqa.selenium.support.events.EventFiringWebDriver$EventFiringWebElement.click(EventFiringWebDriver.java:417)
	at sun.reflect.GeneratedMethodAccessor9.invoke(Unknown Source)
	at sun.reflect.DelegatingMethodAccessorImpl.invoke(Unknown Source)
	at java.lang.reflect.Method.invoke(Unknown Source)
	at org.openqa.selenium.support.pagefactory.internal.LocatingElementHandler.invoke(LocatingElementHandler.java:51)
	at com.sun.proxy.$Proxy14.click(Unknown Source)
	at webpages.MusiconHoldPage.edit_musichold(MusiconHoldPage.java:90)
	at testcases.MusiconHoldPage_Test.edit_musichold(MusiconHoldPage_Test.java:49)
</failure>
    <system-out>Trying to find Element By : By.xpath: //td[contains(.,&apos;someexample&apos;)]
Found Element By : By.xpath: //td[contains(.,&apos;someexample&apos;)]
Trying to click on: [[ChromeDriver: chrome on WINDOWS (2b6a21eb581cd6ce8e103735c7191bdf)] -&gt; xpath: //td[contains(.,&apos;someexample&apos;)]]
Exception occured: org.openqa.selenium.ElementNotInteractableException: element not interactable
  (Session info: chrome=84.0.4147.125)
Build info: version: &apos;3.141.5&apos;, revision: &apos;d54ebd709a&apos;, time: &apos;2018-11-06T11:42:16&apos;
System info: host: &apos;DESKTOP-4C220HH&apos;, ip: &apos;192.168.29.189&apos;, os.name: &apos;Windows 10&apos;, os.arch: &apos;amd64&apos;, os.version: &apos;10.0&apos;, java.version: &apos;1.8.0_251&apos;
Driver info: org.openqa.selenium.chrome.ChromeDriver
Capabilities {acceptInsecureCerts: false, browserName: chrome, browserVersion: 84.0.4147.125, chrome: {chromedriverVersion: 83.0.4103.14 (be04594a2b841..., userDataDir: C:\Users\Surendra\AppData\L...}, goog:chromeOptions: {debuggerAddress: localhost:51947}, javascriptEnabled: true, networkConnectionEnabled: false, pageLoadStrategy: normal, platform: WINDOWS, platformName: WINDOWS, proxy: Proxy(), setWindowRect: true, strictFileInteractability: false, timeouts: {implicit: 0, pageLoad: 300000, script: 30000}, unhandledPromptBehavior: dismiss and notify, webauthn:virtualAuthenticators: true}
Session ID: 2b6a21eb581cd6ce8e103735c7191bdf
</system-out>
  </testcase>
  <testcase classname="testcases.AnnouncementsPage_Test" name="delete_announcement" time="25.034">
    <failure type="java.lang.NullPointerException">java.lang.NullPointerException
	at reusefunctions.ReuseFunctions.takeScreenshotAtEndOfTest(ReuseFunctions.java:57)
	at webeventlistner.WebEventListener.onException(WebEventListener.java:63)
	at sun.reflect.NativeMethodAccessorImpl.invoke0(Native Method)
	at sun.reflect.NativeMethodAccessorImpl.invoke(Unknown Source)
	at sun.reflect.DelegatingMethodAccessorImpl.invoke(Unknown Source)
	at java.lang.reflect.Method.invoke(Unknown Source)
	at org.openqa.selenium.support.events.EventFiringWebDriver.lambda$new$0(EventFiringWebDriver.java:84)
	at com.sun.proxy.$Proxy9.onException(Unknown Source)
	at org.openqa.selenium.support.events.EventFiringWebDriver.lambda$new$1(EventFiringWebDriver.java:107)
	at com.sun.proxy.$Proxy10.findElement(Unknown Source)
	at org.openqa.selenium.support.events.EventFiringWebDriver.findElement(EventFiringWebDriver.java:194)
	at org.openqa.selenium.support.pagefactory.DefaultElementLocator.findElement(DefaultElementLocator.java:69)
	at org.openqa.selenium.support.pagefactory.internal.LocatingElementHandler.invoke(LocatingElementHandler.java:38)
	at com.sun.proxy.$Proxy14.click(Unknown Source)
	at webpages.AnnouncementsPage.delete_announcement(AnnouncementsPage.java:132)
	at testcases.AnnouncementsPage_Test.delete_announcement(AnnouncementsPage_Test.java:61)
</failure>
    <system-out>Trying to find Element By : By.xpath: //td[@class=&apos;ng-binding&apos;][contains(.,&apos;newtest&apos;)]
Exception occured: org.openqa.selenium.NoSuchElementException: no such element: Unable to locate element: {&quot;method&quot;:&quot;xpath&quot;,&quot;selector&quot;:&quot;//td[@class=&apos;ng-binding&apos;][contains(.,&apos;newtest&apos;)]&quot;}
  (Session info: chrome=84.0.4147.125)
For documentation on this error, please visit: http://seleniumhq.org/exceptions/no_such_element.html
Build info: version: &apos;3.141.5&apos;, revision: &apos;d54ebd709a&apos;, time: &apos;2018-11-06T11:42:16&apos;
System info: host: &apos;DESKTOP-4C220HH&apos;, ip: &apos;192.168.29.189&apos;, os.name: &apos;Windows 10&apos;, os.arch: &apos;amd64&apos;, os.version: &apos;10.0&apos;, java.version: &apos;1.8.0_251&apos;
Driver info: org.openqa.selenium.chrome.ChromeDriver
Capabilities {acceptInsecureCerts: false, browserName: chrome, browserVersion: 84.0.4147.125, chrome: {chromedriverVersion: 83.0.4103.14 (be04594a2b841..., userDataDir: C:\Users\Surendra\AppData\L...}, goog:chromeOptions: {debuggerAddress: localhost:52105}, javascriptEnabled: true, networkConnectionEnabled: false, pageLoadStrategy: normal, platform: WINDOWS, platformName: WINDOWS, proxy: Proxy(), setWindowRect: true, strictFileInteractability: false, timeouts: {implicit: 0, pageLoad: 300000, script: 30000}, unhandledPromptBehavior: dismiss and notify, webauthn:virtualAuthenticators: true}
Session ID: 137757fb5bc4ac5f229d32b07e8b1516
*** Element info: {Using=xpath, value=//td[@class=&apos;ng-binding&apos;][contains(.,&apos;newtest&apos;)]}
</system-out>
  </testcase>
  <testcase classname="testcases.AnnouncementsPjsipPage_Test" name="announcement_validation" time="9.134"/>
  <testcase classname="testcases.AnnouncementsPjsipPage_Test" name="add_announcement" time="6.456"/>
  <testcase classname="testcases.AnnouncementsPjsipPage_Test" name="edit_announcement" time="9.554"/>
  <testcase classname="testcases.AnnouncementsPjsipPage_Test" name="delete_announcement" time="7.357"/>
  <testcase classname="testcases.ConferencePage_Test" name="conferencepage_validation" time="11.996"/>
  <testcase classname="testcases.ConferencePage_Test" name="add_conferencepage" time="7.479"/>
  <testcase classname="testcases.MusiconHoldPage_Test" name="delete_musichold" time="25.07">
    <failure type="java.lang.NullPointerException">java.lang.NullPointerException
	at reusefunctions.ReuseFunctions.takeScreenshotAtEndOfTest(ReuseFunctions.java:57)
	at webeventlistner.WebEventListener.onException(WebEventListener.java:63)
	at sun.reflect.NativeMethodAccessorImpl.invoke0(Native Method)
	at sun.reflect.NativeMethodAccessorImpl.invoke(Unknown Source)
	at sun.reflect.DelegatingMethodAccessorImpl.invoke(Unknown Source)
	at java.lang.reflect.Method.invoke(Unknown Source)
	at org.openqa.selenium.support.events.EventFiringWebDriver.lambda$new$0(EventFiringWebDriver.java:84)
	at com.sun.proxy.$Proxy9.onException(Unknown Source)
	at org.openqa.selenium.support.events.EventFiringWebDriver.lambda$new$1(EventFiringWebDriver.java:107)
	at com.sun.proxy.$Proxy10.findElement(Unknown Source)
	at org.openqa.selenium.support.events.EventFiringWebDriver.findElement(EventFiringWebDriver.java:194)
	at org.openqa.selenium.support.pagefactory.DefaultElementLocator.findElement(DefaultElementLocator.java:69)
	at org.openqa.selenium.support.pagefactory.internal.LocatingElementHandler.invoke(LocatingElementHandler.java:38)
	at com.sun.proxy.$Proxy14.click(Unknown Source)
	at webpages.MusiconHoldPage.delete_musichold(MusiconHoldPage.java:111)
	at testcases.MusiconHoldPage_Test.delete_musichold(MusiconHoldPage_Test.java:56)
</failure>
    <system-out>Trying to find Element By : By.xpath: //td[contains(.,&apos;newmusic&apos;)]
Exception occured: org.openqa.selenium.NoSuchElementException: no such element: Unable to locate element: {&quot;method&quot;:&quot;xpath&quot;,&quot;selector&quot;:&quot;//td[contains(.,&apos;newmusic&apos;)]&quot;}
  (Session info: chrome=84.0.4147.125)
For documentation on this error, please visit: http://seleniumhq.org/exceptions/no_such_element.html
Build info: version: &apos;3.141.5&apos;, revision: &apos;d54ebd709a&apos;, time: &apos;2018-11-06T11:42:16&apos;
System info: host: &apos;DESKTOP-4C220HH&apos;, ip: &apos;192.168.29.189&apos;, os.name: &apos;Windows 10&apos;, os.arch: &apos;amd64&apos;, os.version: &apos;10.0&apos;, java.version: &apos;1.8.0_251&apos;
Driver info: org.openqa.selenium.chrome.ChromeDriver
Capabilities {acceptInsecureCerts: false, browserName: chrome, browserVersion: 84.0.4147.125, chrome: {chromedriverVersion: 83.0.4103.14 (be04594a2b841..., userDataDir: C:\Users\Surendra\AppData\L...}, goog:chromeOptions: {debuggerAddress: localhost:51947}, javascriptEnabled: true, networkConnectionEnabled: false, pageLoadStrategy: normal, platform: WINDOWS, platformName: WINDOWS, proxy: Proxy(), setWindowRect: true, strictFileInteractability: false, timeouts: {implicit: 0, pageLoad: 300000, script: 30000}, unhandledPromptBehavior: dismiss and notify, webauthn:virtualAuthenticators: true}
Session ID: 2b6a21eb581cd6ce8e103735c7191bdf
*** Element info: {Using=xpath, value=//td[contains(.,&apos;newmusic&apos;)]}
</system-out>
  </testcase>
  <testcase classname="testcases.ConferencePage_Test" name="edit_conferencepage" time="14.002"/>
  <testcase classname="testcases.UserDirectoryPage_Test" name="edit_directroy" time="25.041">
    <failure type="java.lang.NullPointerException">java.lang.NullPointerException
	at reusefunctions.ReuseFunctions.takeScreenshotAtEndOfTest(ReuseFunctions.java:57)
	at webeventlistner.WebEventListener.onException(WebEventListener.java:63)
	at sun.reflect.NativeMethodAccessorImpl.invoke0(Native Method)
	at sun.reflect.NativeMethodAccessorImpl.invoke(Unknown Source)
	at sun.reflect.DelegatingMethodAccessorImpl.invoke(Unknown Source)
	at java.lang.reflect.Method.invoke(Unknown Source)
	at org.openqa.selenium.support.events.EventFiringWebDriver.lambda$new$0(EventFiringWebDriver.java:84)
	at com.sun.proxy.$Proxy9.onException(Unknown Source)
	at org.openqa.selenium.support.events.EventFiringWebDriver.lambda$new$1(EventFiringWebDriver.java:107)
	at com.sun.proxy.$Proxy10.findElement(Unknown Source)
	at org.openqa.selenium.support.events.EventFiringWebDriver.findElement(EventFiringWebDriver.java:194)
	at org.openqa.selenium.support.pagefactory.DefaultElementLocator.findElement(DefaultElementLocator.java:69)
	at org.openqa.selenium.support.pagefactory.internal.LocatingElementHandler.invoke(LocatingElementHandler.java:38)
	at com.sun.proxy.$Proxy14.click(Unknown Source)
	at webpages.UserDirectoryPage.edit_directory(UserDirectoryPage.java:84)
	at testcases.UserDirectoryPage_Test.edit_directroy(UserDirectoryPage_Test.java:56)
</failure>
    <system-out>Trying to find Element By : By.xpath: //td[contains(.,&apos;newdirectory&apos;)]
Exception occured: org.openqa.selenium.NoSuchElementException: no such element: Unable to locate element: {&quot;method&quot;:&quot;xpath&quot;,&quot;selector&quot;:&quot;//td[contains(.,&apos;newdirectory&apos;)]&quot;}
  (Session info: chrome=84.0.4147.125)
For documentation on this error, please visit: http://seleniumhq.org/exceptions/no_such_element.html
Build info: version: &apos;3.141.5&apos;, revision: &apos;d54ebd709a&apos;, time: &apos;2018-11-06T11:42:16&apos;
System info: host: &apos;DESKTOP-4C220HH&apos;, ip: &apos;192.168.29.189&apos;, os.name: &apos;Windows 10&apos;, os.arch: &apos;amd64&apos;, os.version: &apos;10.0&apos;, java.version: &apos;1.8.0_251&apos;
Driver info: org.openqa.selenium.chrome.ChromeDriver
Capabilities {acceptInsecureCerts: false, browserName: chrome, browserVersion: 84.0.4147.125, chrome: {chromedriverVersion: 83.0.4103.14 (be04594a2b841..., userDataDir: C:\Users\Surendra\AppData\L...}, goog:chromeOptions: {debuggerAddress: localhost:51866}, javascriptEnabled: true, networkConnectionEnabled: false, pageLoadStrategy: normal, platform: WINDOWS, platformName: WINDOWS, proxy: Proxy(), setWindowRect: true, strictFileInteractability: false, timeouts: {implicit: 0, pageLoad: 300000, script: 30000}, unhandledPromptBehavior: dismiss and notify, webauthn:virtualAuthenticators: true}
Session ID: d83e1e71684a6cd0346165cd6579df41
*** Element info: {Using=xpath, value=//td[contains(.,&apos;newdirectory&apos;)]}
</system-out>
  </testcase>
  <testcase classname="testcases.UserDirectoryPage_Test" name="delete_directroy" time="25.092">
    <failure type="java.lang.NullPointerException">java.lang.NullPointerException
	at reusefunctions.ReuseFunctions.takeScreenshotAtEndOfTest(ReuseFunctions.java:57)
	at webeventlistner.WebEventListener.onException(WebEventListener.java:63)
	at sun.reflect.NativeMethodAccessorImpl.invoke0(Native Method)
	at sun.reflect.NativeMethodAccessorImpl.invoke(Unknown Source)
	at sun.reflect.DelegatingMethodAccessorImpl.invoke(Unknown Source)
	at java.lang.reflect.Method.invoke(Unknown Source)
	at org.openqa.selenium.support.events.EventFiringWebDriver.lambda$new$0(EventFiringWebDriver.java:84)
	at com.sun.proxy.$Proxy9.onException(Unknown Source)
	at org.openqa.selenium.support.events.EventFiringWebDriver.lambda$new$1(EventFiringWebDriver.java:107)
	at com.sun.proxy.$Proxy10.findElement(Unknown Source)
	at org.openqa.selenium.support.events.EventFiringWebDriver.findElement(EventFiringWebDriver.java:194)
	at org.openqa.selenium.support.pagefactory.DefaultElementLocator.findElement(DefaultElementLocator.java:69)
	at org.openqa.selenium.support.pagefactory.internal.LocatingElementHandler.invoke(LocatingElementHandler.java:38)
	at com.sun.proxy.$Proxy14.click(Unknown Source)
	at webpages.UserDirectoryPage.delete_directory(UserDirectoryPage.java:114)
	at testcases.UserDirectoryPage_Test.delete_directroy(UserDirectoryPage_Test.java:72)
</failure>
    <system-out>Trying to find Element By : By.xpath: //td[contains(.,&apos;newdirectoryy&apos;)]
Exception occured: org.openqa.selenium.NoSuchElementException: no such element: Unable to locate element: {&quot;method&quot;:&quot;xpath&quot;,&quot;selector&quot;:&quot;//td[contains(.,&apos;newdirectoryy&apos;)]&quot;}
  (Session info: chrome=84.0.4147.125)
For documentation on this error, please visit: http://seleniumhq.org/exceptions/no_such_element.html
Build info: version: &apos;3.141.5&apos;, revision: &apos;d54ebd709a&apos;, time: &apos;2018-11-06T11:42:16&apos;
System info: host: &apos;DESKTOP-4C220HH&apos;, ip: &apos;192.168.29.189&apos;, os.name: &apos;Windows 10&apos;, os.arch: &apos;amd64&apos;, os.version: &apos;10.0&apos;, java.version: &apos;1.8.0_251&apos;
Driver info: org.openqa.selenium.chrome.ChromeDriver
Capabilities {acceptInsecureCerts: false, browserName: chrome, browserVersion: 84.0.4147.125, chrome: {chromedriverVersion: 83.0.4103.14 (be04594a2b841..., userDataDir: C:\Users\Surendra\AppData\L...}, goog:chromeOptions: {debuggerAddress: localhost:51866}, javascriptEnabled: true, networkConnectionEnabled: false, pageLoadStrategy: normal, platform: WINDOWS, platformName: WINDOWS, proxy: Proxy(), setWindowRect: true, strictFileInteractability: false, timeouts: {implicit: 0, pageLoad: 300000, script: 30000}, unhandledPromptBehavior: dismiss and notify, webauthn:virtualAuthenticators: true}
Session ID: d83e1e71684a6cd0346165cd6579df41
*** Element info: {Using=xpath, value=//td[contains(.,&apos;newdirectoryy&apos;)]}
</system-out>
  </testcase>
  <testcase classname="testcases.MusiconHoldPage_Test" name="field_validation" time="25.148">
    <failure type="java.lang.NullPointerException">java.lang.NullPointerException
	at reusefunctions.ReuseFunctions.takeScreenshotAtEndOfTest(ReuseFunctions.java:57)
	at webeventlistner.WebEventListener.onException(WebEventListener.java:63)
	at sun.reflect.NativeMethodAccessorImpl.invoke0(Native Method)
	at sun.reflect.NativeMethodAccessorImpl.invoke(Unknown Source)
	at sun.reflect.DelegatingMethodAccessorImpl.invoke(Unknown Source)
	at java.lang.reflect.Method.invoke(Unknown Source)
	at org.openqa.selenium.support.events.EventFiringWebDriver.lambda$new$0(EventFiringWebDriver.java:84)
	at com.sun.proxy.$Proxy9.onException(Unknown Source)
	at org.openqa.selenium.support.events.EventFiringWebDriver$EventFiringWebElement.lambda$new$0(EventFiringWebDriver.java:406)
	at com.sun.proxy.$Proxy15.click(Unknown Source)
	at org.openqa.selenium.support.events.EventFiringWebDriver$EventFiringWebElement.click(EventFiringWebDriver.java:417)
	at sun.reflect.GeneratedMethodAccessor9.invoke(Unknown Source)
	at sun.reflect.DelegatingMethodAccessorImpl.invoke(Unknown Source)
	at java.lang.reflect.Method.invoke(Unknown Source)
	at org.openqa.selenium.support.pagefactory.internal.LocatingElementHandler.invoke(LocatingElementHandler.java:51)
	at com.sun.proxy.$Proxy14.click(Unknown Source)
	at webpages.MusiconHoldPage.field_validation(MusiconHoldPage.java:124)
	at testcases.MusiconHoldPage_Test.field_validation(MusiconHoldPage_Test.java:63)
</failure>
    <system-out>Trying to find Element By : By.xpath: //button[contains(.,&apos;Action&apos;)]
Found Element By : By.xpath: //button[contains(.,&apos;Action&apos;)]
Trying to click on: [[ChromeDriver: chrome on WINDOWS (2b6a21eb581cd6ce8e103735c7191bdf)] -&gt; xpath: //button[contains(.,&apos;Action&apos;)]]
Exception occured: org.openqa.selenium.ElementNotInteractableException: element not interactable
  (Session info: chrome=84.0.4147.125)
Build info: version: &apos;3.141.5&apos;, revision: &apos;d54ebd709a&apos;, time: &apos;2018-11-06T11:42:16&apos;
System info: host: &apos;DESKTOP-4C220HH&apos;, ip: &apos;192.168.29.189&apos;, os.name: &apos;Windows 10&apos;, os.arch: &apos;amd64&apos;, os.version: &apos;10.0&apos;, java.version: &apos;1.8.0_251&apos;
Driver info: org.openqa.selenium.chrome.ChromeDriver
Capabilities {acceptInsecureCerts: false, browserName: chrome, browserVersion: 84.0.4147.125, chrome: {chromedriverVersion: 83.0.4103.14 (be04594a2b841..., userDataDir: C:\Users\Surendra\AppData\L...}, goog:chromeOptions: {debuggerAddress: localhost:51947}, javascriptEnabled: true, networkConnectionEnabled: false, pageLoadStrategy: normal, platform: WINDOWS, platformName: WINDOWS, proxy: Proxy(), setWindowRect: true, strictFileInteractability: false, timeouts: {implicit: 0, pageLoad: 300000, script: 30000}, unhandledPromptBehavior: dismiss and notify, webauthn:virtualAuthenticators: true}
Session ID: 2b6a21eb581cd6ce8e103735c7191bdf
</system-out>
  </testcase>
  <testcase classname="testcases.ConferencePage_Test" name="radiodelete_conferencepage" time="0.001"/>
  <testcase classname="testcases.ConferencePage_Test" name="delete_conferencepage" time="5.583"/>
  <testcase classname="testcases.ConferencePjsipPage_Test" name="conferencepage_validation" time="11.993"/>
  <testcase classname="testcases.ConferencePjsipPage_Test" name="add_conferencepage" time="7.258"/>
  <testcase classname="testcases.ConferencePjsipPage_Test" name="edit_conferencepage" time="33.877">
    <failure type="java.lang.NullPointerException">java.lang.NullPointerException
	at reusefunctions.ReuseFunctions.takeScreenshotAtEndOfTest(ReuseFunctions.java:57)
	at webeventlistner.WebEventListener.onException(WebEventListener.java:63)
	at sun.reflect.NativeMethodAccessorImpl.invoke0(Native Method)
	at sun.reflect.NativeMethodAccessorImpl.invoke(Unknown Source)
	at sun.reflect.DelegatingMethodAccessorImpl.invoke(Unknown Source)
	at java.lang.reflect.Method.invoke(Unknown Source)
	at org.openqa.selenium.support.events.EventFiringWebDriver.lambda$new$0(EventFiringWebDriver.java:84)
	at com.sun.proxy.$Proxy9.onException(Unknown Source)
	at org.openqa.selenium.support.events.EventFiringWebDriver.lambda$new$1(EventFiringWebDriver.java:107)
	at com.sun.proxy.$Proxy10.findElement(Unknown Source)
	at org.openqa.selenium.support.events.EventFiringWebDriver.findElement(EventFiringWebDriver.java:194)
	at org.openqa.selenium.support.pagefactory.DefaultElementLocator.findElement(DefaultElementLocator.java:69)
	at org.openqa.selenium.support.pagefactory.internal.LocatingElementHandler.invoke(LocatingElementHandler.java:38)
	at com.sun.proxy.$Proxy14.getText(Unknown Source)
	at webpages.ConferencePjsipPage.edit_conferencepage(ConferencePjsipPage.java:106)
	at testcases.ConferencePjsipPage_Test.edit_conferencepage(ConferencePjsipPage_Test.java:50)
</failure>
    <system-out>Trying to find Element By : By.xpath: //td[contains(.,&apos;965965&apos;)]
Found Element By : By.xpath: //td[contains(.,&apos;965965&apos;)]
Trying to click on: [[ChromeDriver: chrome on WINDOWS (88f184c380caa747c41e521117c2a8ed)] -&gt; xpath: //td[contains(.,&apos;965965&apos;)]]
Clicked on: [[ChromeDriver: chrome on WINDOWS (88f184c380caa747c41e521117c2a8ed)] -&gt; xpath: //td[contains(.,&apos;965965&apos;)]]
Trying to find Element By : By.xpath: //button[@data-toggle=&apos;dropdown&apos;][contains(.,&apos;Action&apos;)]
Found Element By : By.xpath: //button[@data-toggle=&apos;dropdown&apos;][contains(.,&apos;Action&apos;)]
Trying to click on: [[ChromeDriver: chrome on WINDOWS (88f184c380caa747c41e521117c2a8ed)] -&gt; xpath: //button[@data-toggle=&apos;dropdown&apos;][contains(.,&apos;Action&apos;)]]
Clicked on: [[ChromeDriver: chrome on WINDOWS (88f184c380caa747c41e521117c2a8ed)] -&gt; xpath: //button[@data-toggle=&apos;dropdown&apos;][contains(.,&apos;Action&apos;)]]
Trying to find Element By : By.xpath: //a[contains(.,&apos;Edit&apos;)]
Found Element By : By.xpath: //a[contains(.,&apos;Edit&apos;)]
Trying to click on: [[ChromeDriver: chrome on WINDOWS (88f184c380caa747c41e521117c2a8ed)] -&gt; xpath: //a[contains(.,&apos;Edit&apos;)]]
Clicked on: [[ChromeDriver: chrome on WINDOWS (88f184c380caa747c41e521117c2a8ed)] -&gt; xpath: //a[contains(.,&apos;Edit&apos;)]]
Trying to find Element By : By.xpath: //input[@name=&apos;name&apos;]
Found Element By : By.xpath: //input[@name=&apos;name&apos;]
Trying to find Element By : By.xpath: //input[@name=&apos;name&apos;]
Found Element By : By.xpath: //input[@name=&apos;name&apos;]
Trying to find Element By : By.xpath: //input[@name=&apos;pin&apos;]
Found Element By : By.xpath: //input[@name=&apos;pin&apos;]
Trying to find Element By : By.xpath: //input[@name=&apos;pin&apos;]
Found Element By : By.xpath: //input[@name=&apos;pin&apos;]
Trying to find Element By : By.xpath: //input[contains(@name,&apos;apin&apos;)]
Found Element By : By.xpath: //input[contains(@name,&apos;apin&apos;)]
Trying to find Element By : By.xpath: //input[contains(@name,&apos;apin&apos;)]
Found Element By : By.xpath: //input[contains(@name,&apos;apin&apos;)]
Trying to find Element By : By.xpath: //input[@value=&apos;Update&apos;]
Found Element By : By.xpath: //input[@value=&apos;Update&apos;]
Trying to click on: [[ChromeDriver: chrome on WINDOWS (88f184c380caa747c41e521117c2a8ed)] -&gt; xpath: //input[@value=&apos;Update&apos;]]
Clicked on: [[ChromeDriver: chrome on WINDOWS (88f184c380caa747c41e521117c2a8ed)] -&gt; xpath: //input[@value=&apos;Update&apos;]]
Trying to find Element By : By.xpath: //h4[@class=&apos;ng-binding&apos;][contains(.,&apos;Conference Updated successfully&apos;)]
Exception occured: org.openqa.selenium.NoSuchElementException: no such element: Unable to locate element: {&quot;method&quot;:&quot;xpath&quot;,&quot;selector&quot;:&quot;//h4[@class=&apos;ng-binding&apos;][contains(.,&apos;Conference Updated successfully&apos;)]&quot;}
  (Session info: chrome=84.0.4147.125)
For documentation on this error, please visit: http://seleniumhq.org/exceptions/no_such_element.html
Build info: version: &apos;3.141.5&apos;, revision: &apos;d54ebd709a&apos;, time: &apos;2018-11-06T11:42:16&apos;
System info: host: &apos;DESKTOP-4C220HH&apos;, ip: &apos;192.168.29.189&apos;, os.name: &apos;Windows 10&apos;, os.arch: &apos;amd64&apos;, os.version: &apos;10.0&apos;, java.version: &apos;1.8.0_251&apos;
Driver info: org.openqa.selenium.chrome.ChromeDriver
Capabilities {acceptInsecureCerts: false, browserName: chrome, browserVersion: 84.0.4147.125, chrome: {chromedriverVersion: 83.0.4103.14 (be04594a2b841..., userDataDir: C:\Users\Surendra\AppData\L...}, goog:chromeOptions: {debuggerAddress: localhost:52472}, javascriptEnabled: true, networkConnectionEnabled: false, pageLoadStrategy: normal, platform: WINDOWS, platformName: WINDOWS, proxy: Proxy(), setWindowRect: true, strictFileInteractability: false, timeouts: {implicit: 0, pageLoad: 300000, script: 30000}, unhandledPromptBehavior: dismiss and notify, webauthn:virtualAuthenticators: true}
Session ID: 88f184c380caa747c41e521117c2a8ed
*** Element info: {Using=xpath, value=//h4[@class=&apos;ng-binding&apos;][contains(.,&apos;Conference Updated successfully&apos;)]}
</system-out>
  </testcase>
  <testcase classname="testcases.ConferencePjsipPage_Test" name="delete_conferencepage" time="25.157">
    <failure type="java.lang.NullPointerException">java.lang.NullPointerException
	at reusefunctions.ReuseFunctions.takeScreenshotAtEndOfTest(ReuseFunctions.java:57)
	at webeventlistner.WebEventListener.onException(WebEventListener.java:63)
	at sun.reflect.NativeMethodAccessorImpl.invoke0(Native Method)
	at sun.reflect.NativeMethodAccessorImpl.invoke(Unknown Source)
	at sun.reflect.DelegatingMethodAccessorImpl.invoke(Unknown Source)
	at java.lang.reflect.Method.invoke(Unknown Source)
	at org.openqa.selenium.support.events.EventFiringWebDriver.lambda$new$0(EventFiringWebDriver.java:84)
	at com.sun.proxy.$Proxy9.onException(Unknown Source)
	at org.openqa.selenium.support.events.EventFiringWebDriver$EventFiringWebElement.lambda$new$0(EventFiringWebDriver.java:406)
	at com.sun.proxy.$Proxy15.click(Unknown Source)
	at org.openqa.selenium.support.events.EventFiringWebDriver$EventFiringWebElement.click(EventFiringWebDriver.java:417)
	at sun.reflect.GeneratedMethodAccessor9.invoke(Unknown Source)
	at sun.reflect.DelegatingMethodAccessorImpl.invoke(Unknown Source)
	at java.lang.reflect.Method.invoke(Unknown Source)
	at org.openqa.selenium.support.pagefactory.internal.LocatingElementHandler.invoke(LocatingElementHandler.java:51)
	at com.sun.proxy.$Proxy14.click(Unknown Source)
	at webpages.ConferencePjsipPage.delete_conferencepage(ConferencePjsipPage.java:114)
	at testcases.ConferencePjsipPage_Test.delete_conferencepage(ConferencePjsipPage_Test.java:56)
</failure>
    <system-out>Trying to find Element By : By.xpath: //td[contains(.,&apos;965965&apos;)]
Found Element By : By.xpath: //td[contains(.,&apos;965965&apos;)]
Trying to click on: [[ChromeDriver: chrome on WINDOWS (88f184c380caa747c41e521117c2a8ed)] -&gt; xpath: //td[contains(.,&apos;965965&apos;)]]
Exception occured: org.openqa.selenium.ElementNotInteractableException: element not interactable
  (Session info: chrome=84.0.4147.125)
Build info: version: &apos;3.141.5&apos;, revision: &apos;d54ebd709a&apos;, time: &apos;2018-11-06T11:42:16&apos;
System info: host: &apos;DESKTOP-4C220HH&apos;, ip: &apos;192.168.29.189&apos;, os.name: &apos;Windows 10&apos;, os.arch: &apos;amd64&apos;, os.version: &apos;10.0&apos;, java.version: &apos;1.8.0_251&apos;
Driver info: org.openqa.selenium.chrome.ChromeDriver
Capabilities {acceptInsecureCerts: false, browserName: chrome, browserVersion: 84.0.4147.125, chrome: {chromedriverVersion: 83.0.4103.14 (be04594a2b841..., userDataDir: C:\Users\Surendra\AppData\L...}, goog:chromeOptions: {debuggerAddress: localhost:52472}, javascriptEnabled: true, networkConnectionEnabled: false, pageLoadStrategy: normal, platform: WINDOWS, platformName: WINDOWS, proxy: Proxy(), setWindowRect: true, strictFileInteractability: false, timeouts: {implicit: 0, pageLoad: 300000, script: 30000}, unhandledPromptBehavior: dismiss and notify, webauthn:virtualAuthenticators: true}
Session ID: 88f184c380caa747c41e521117c2a8ed
</system-out>
  </testcase>
  <testcase classname="testcases.CustomerPage_Test" name="Addcustomer" time="53.742"/>
  <testcase classname="testcases.DirectoryPage_Test" name="directory_validation" time="9.607"/>
  <testcase classname="testcases.DirectoryPage_Test" name="add_directroy" time="1.744"/>
  <testcase classname="testcases.DirectoryPage_Test" name="assign_directroy" time="25.361">
    <failure type="java.lang.NullPointerException">java.lang.NullPointerException
	at reusefunctions.ReuseFunctions.takeScreenshotAtEndOfTest(ReuseFunctions.java:57)
	at webeventlistner.WebEventListener.onException(WebEventListener.java:63)
	at sun.reflect.NativeMethodAccessorImpl.invoke0(Native Method)
	at sun.reflect.NativeMethodAccessorImpl.invoke(Unknown Source)
	at sun.reflect.DelegatingMethodAccessorImpl.invoke(Unknown Source)
	at java.lang.reflect.Method.invoke(Unknown Source)
	at org.openqa.selenium.support.events.EventFiringWebDriver.lambda$new$0(EventFiringWebDriver.java:84)
	at com.sun.proxy.$Proxy9.onException(Unknown Source)
	at org.openqa.selenium.support.events.EventFiringWebDriver$EventFiringWebElement.lambda$new$0(EventFiringWebDriver.java:406)
	at com.sun.proxy.$Proxy15.click(Unknown Source)
	at org.openqa.selenium.support.events.EventFiringWebDriver$EventFiringWebElement.click(EventFiringWebDriver.java:417)
	at sun.reflect.GeneratedMethodAccessor9.invoke(Unknown Source)
	at sun.reflect.DelegatingMethodAccessorImpl.invoke(Unknown Source)
	at java.lang.reflect.Method.invoke(Unknown Source)
	at org.openqa.selenium.support.pagefactory.internal.LocatingElementHandler.invoke(LocatingElementHandler.java:51)
	at com.sun.proxy.$Proxy14.click(Unknown Source)
	at webpages.DirectoryPage.assign_directory(DirectoryPage.java:112)
	at testcases.DirectoryPage_Test.assign_directroy(DirectoryPage_Test.java:64)
</failure>
    <system-out>Trying to find Element By : By.xpath: //td[@class=&apos;ng-binding&apos;][contains(.,&apos;newdirectory&apos;)]
Found Element By : By.xpath: //td[@class=&apos;ng-binding&apos;][contains(.,&apos;newdirectory&apos;)]
Trying to click on: [[ChromeDriver: chrome on WINDOWS (78af1a965f8fdf9375749982c34db110)] -&gt; xpath: //td[@class=&apos;ng-binding&apos;][contains(.,&apos;newdirectory&apos;)]]
Clicked on: [[ChromeDriver: chrome on WINDOWS (78af1a965f8fdf9375749982c34db110)] -&gt; xpath: //td[@class=&apos;ng-binding&apos;][contains(.,&apos;newdirectory&apos;)]]
Trying to find Element By : By.xpath: //button[@data-toggle=&apos;dropdown&apos;][contains(.,&apos;Action&apos;)]
Found Element By : By.xpath: //button[@data-toggle=&apos;dropdown&apos;][contains(.,&apos;Action&apos;)]
Trying to click on: [[ChromeDriver: chrome on WINDOWS (78af1a965f8fdf9375749982c34db110)] -&gt; xpath: //button[@data-toggle=&apos;dropdown&apos;][contains(.,&apos;Action&apos;)]]
Clicked on: [[ChromeDriver: chrome on WINDOWS (78af1a965f8fdf9375749982c34db110)] -&gt; xpath: //button[@data-toggle=&apos;dropdown&apos;][contains(.,&apos;Action&apos;)]]
Trying to find Element By : By.xpath: //a[contains(@ng-click,&apos;assignedExtList();&apos;)]
Found Element By : By.xpath: //a[contains(@ng-click,&apos;assignedExtList();&apos;)]
Trying to click on: [[ChromeDriver: chrome on WINDOWS (78af1a965f8fdf9375749982c34db110)] -&gt; xpath: //a[contains(@ng-click,&apos;assignedExtList();&apos;)]]
Clicked on: [[ChromeDriver: chrome on WINDOWS (78af1a965f8fdf9375749982c34db110)] -&gt; xpath: //a[contains(@ng-click,&apos;assignedExtList();&apos;)]]
Trying to find Element By : By.xpath: (//input[@name=&apos;extlistdirectorys&apos;])[1]
Found Element By : By.xpath: (//input[@name=&apos;extlistdirectorys&apos;])[1]
Trying to click on: [[ChromeDriver: chrome on WINDOWS (78af1a965f8fdf9375749982c34db110)] -&gt; xpath: (//input[@name=&apos;extlistdirectorys&apos;])[1]]
Exception occured: org.openqa.selenium.ElementNotInteractableException: element not interactable
  (Session info: chrome=84.0.4147.125)
Build info: version: &apos;3.141.5&apos;, revision: &apos;d54ebd709a&apos;, time: &apos;2018-11-06T11:42:16&apos;
System info: host: &apos;DESKTOP-4C220HH&apos;, ip: &apos;192.168.29.189&apos;, os.name: &apos;Windows 10&apos;, os.arch: &apos;amd64&apos;, os.version: &apos;10.0&apos;, java.version: &apos;1.8.0_251&apos;
Driver info: org.openqa.selenium.chrome.ChromeDriver
Capabilities {acceptInsecureCerts: false, browserName: chrome, browserVersion: 84.0.4147.125, chrome: {chromedriverVersion: 83.0.4103.14 (be04594a2b841..., userDataDir: C:\Users\Surendra\AppData\L...}, goog:chromeOptions: {debuggerAddress: localhost:52649}, javascriptEnabled: true, networkConnectionEnabled: false, pageLoadStrategy: normal, platform: WINDOWS, platformName: WINDOWS, proxy: Proxy(), setWindowRect: true, strictFileInteractability: false, timeouts: {implicit: 0, pageLoad: 300000, script: 30000}, unhandledPromptBehavior: dismiss and notify, webauthn:virtualAuthenticators: true}
Session ID: 78af1a965f8fdf9375749982c34db110
</system-out>
  </testcase>
  <testcase classname="testcases.DirectoryPage_Test" name="edit_directroy" time="6.139">
    <failure type="java.lang.NullPointerException">java.lang.NullPointerException
	at reusefunctions.ReuseFunctions.takeScreenshotAtEndOfTest(ReuseFunctions.java:57)
	at webeventlistner.WebEventListener.onException(WebEventListener.java:63)
	at sun.reflect.NativeMethodAccessorImpl.invoke0(Native Method)
	at sun.reflect.NativeMethodAccessorImpl.invoke(Unknown Source)
	at sun.reflect.DelegatingMethodAccessorImpl.invoke(Unknown Source)
	at java.lang.reflect.Method.invoke(Unknown Source)
	at org.openqa.selenium.support.events.EventFiringWebDriver.lambda$new$0(EventFiringWebDriver.java:84)
	at com.sun.proxy.$Proxy9.onException(Unknown Source)
	at org.openqa.selenium.support.events.EventFiringWebDriver$EventFiringWebElement.lambda$new$0(EventFiringWebDriver.java:406)
	at com.sun.proxy.$Proxy15.click(Unknown Source)
	at org.openqa.selenium.support.events.EventFiringWebDriver$EventFiringWebElement.click(EventFiringWebDriver.java:417)
	at sun.reflect.GeneratedMethodAccessor9.invoke(Unknown Source)
	at sun.reflect.DelegatingMethodAccessorImpl.invoke(Unknown Source)
	at java.lang.reflect.Method.invoke(Unknown Source)
	at org.openqa.selenium.support.pagefactory.internal.LocatingElementHandler.invoke(LocatingElementHandler.java:51)
	at com.sun.proxy.$Proxy14.click(Unknown Source)
	at webpages.DirectoryPage.edit_directory(DirectoryPage.java:91)
	at testcases.DirectoryPage_Test.edit_directroy(DirectoryPage_Test.java:56)
</failure>
    <system-out>Trying to find Element By : By.xpath: //td[@class=&apos;ng-binding&apos;][contains(.,&apos;newdirectory&apos;)]
Found Element By : By.xpath: //td[@class=&apos;ng-binding&apos;][contains(.,&apos;newdirectory&apos;)]
Trying to click on: [[ChromeDriver: chrome on WINDOWS (78af1a965f8fdf9375749982c34db110)] -&gt; xpath: //td[@class=&apos;ng-binding&apos;][contains(.,&apos;newdirectory&apos;)]]
Exception occured: org.openqa.selenium.ElementClickInterceptedException: element click intercepted: Element &lt;td class=&quot;ng-binding&quot;&gt;...&lt;/td&gt; is not clickable at point (1214, 527). Other element would receive the click: &lt;div ng-show=&quot;loader&quot; class=&quot;modal text-center&quot; style=&quot;display:block; width:100%; background-color:rgba(0,0,0,0.8); overflow:hidden; top:0px; padding-top:20%; z-index:9999;&quot;&gt;...&lt;/div&gt;
  (Session info: chrome=84.0.4147.125)
Build info: version: &apos;3.141.5&apos;, revision: &apos;d54ebd709a&apos;, time: &apos;2018-11-06T11:42:16&apos;
System info: host: &apos;DESKTOP-4C220HH&apos;, ip: &apos;192.168.29.189&apos;, os.name: &apos;Windows 10&apos;, os.arch: &apos;amd64&apos;, os.version: &apos;10.0&apos;, java.version: &apos;1.8.0_251&apos;
Driver info: org.openqa.selenium.chrome.ChromeDriver
Capabilities {acceptInsecureCerts: false, browserName: chrome, browserVersion: 84.0.4147.125, chrome: {chromedriverVersion: 83.0.4103.14 (be04594a2b841..., userDataDir: C:\Users\Surendra\AppData\L...}, goog:chromeOptions: {debuggerAddress: localhost:52649}, javascriptEnabled: true, networkConnectionEnabled: false, pageLoadStrategy: normal, platform: WINDOWS, platformName: WINDOWS, proxy: Proxy(), setWindowRect: true, strictFileInteractability: false, timeouts: {implicit: 0, pageLoad: 300000, script: 30000}, unhandledPromptBehavior: dismiss and notify, webauthn:virtualAuthenticators: true}
Session ID: 78af1a965f8fdf9375749982c34db110
</system-out>
  </testcase>
  <testcase classname="testcases.DirectoryPage_Test" name="delete_directroy" time="25.073">
    <failure type="java.lang.NullPointerException">java.lang.NullPointerException
	at reusefunctions.ReuseFunctions.takeScreenshotAtEndOfTest(ReuseFunctions.java:57)
	at webeventlistner.WebEventListener.onException(WebEventListener.java:63)
	at sun.reflect.GeneratedMethodAccessor19.invoke(Unknown Source)
	at sun.reflect.DelegatingMethodAccessorImpl.invoke(Unknown Source)
	at java.lang.reflect.Method.invoke(Unknown Source)
	at org.openqa.selenium.support.events.EventFiringWebDriver.lambda$new$0(EventFiringWebDriver.java:84)
	at com.sun.proxy.$Proxy9.onException(Unknown Source)
	at org.openqa.selenium.support.events.EventFiringWebDriver.lambda$new$1(EventFiringWebDriver.java:107)
	at com.sun.proxy.$Proxy10.findElement(Unknown Source)
	at org.openqa.selenium.support.events.EventFiringWebDriver.findElement(EventFiringWebDriver.java:194)
	at org.openqa.selenium.support.pagefactory.DefaultElementLocator.findElement(DefaultElementLocator.java:69)
	at org.openqa.selenium.support.pagefactory.internal.LocatingElementHandler.invoke(LocatingElementHandler.java:38)
	at com.sun.proxy.$Proxy14.click(Unknown Source)
	at webpages.DirectoryPage.delete_directory(DirectoryPage.java:123)
	at testcases.DirectoryPage_Test.delete_directroy(DirectoryPage_Test.java:72)
</failure>
    <system-out>Trying to find Element By : By.xpath: //td[@class=&apos;ng-binding&apos;][contains(.,&apos;newdirectoryy&apos;)]
Exception occured: org.openqa.selenium.NoSuchElementException: no such element: Unable to locate element: {&quot;method&quot;:&quot;xpath&quot;,&quot;selector&quot;:&quot;//td[@class=&apos;ng-binding&apos;][contains(.,&apos;newdirectoryy&apos;)]&quot;}
  (Session info: chrome=84.0.4147.125)
For documentation on this error, please visit: http://seleniumhq.org/exceptions/no_such_element.html
Build info: version: &apos;3.141.5&apos;, revision: &apos;d54ebd709a&apos;, time: &apos;2018-11-06T11:42:16&apos;
System info: host: &apos;DESKTOP-4C220HH&apos;, ip: &apos;192.168.29.189&apos;, os.name: &apos;Windows 10&apos;, os.arch: &apos;amd64&apos;, os.version: &apos;10.0&apos;, java.version: &apos;1.8.0_251&apos;
Driver info: org.openqa.selenium.chrome.ChromeDriver
Capabilities {acceptInsecureCerts: false, browserName: chrome, browserVersion: 84.0.4147.125, chrome: {chromedriverVersion: 83.0.4103.14 (be04594a2b841..., userDataDir: C:\Users\Surendra\AppData\L...}, goog:chromeOptions: {debuggerAddress: localhost:52649}, javascriptEnabled: true, networkConnectionEnabled: false, pageLoadStrategy: normal, platform: WINDOWS, platformName: WINDOWS, proxy: Proxy(), setWindowRect: true, strictFileInteractability: false, timeouts: {implicit: 0, pageLoad: 300000, script: 30000}, unhandledPromptBehavior: dismiss and notify, webauthn:virtualAuthenticators: true}
Session ID: 78af1a965f8fdf9375749982c34db110
*** Element info: {Using=xpath, value=//td[@class=&apos;ng-binding&apos;][contains(.,&apos;newdirectoryy&apos;)]}
</system-out>
  </testcase>
  <testcase classname="testcases.MusiconHoldPage_Test" name="file_field_validation" time="25.174">
    <failure type="java.lang.NullPointerException">java.lang.NullPointerException
	at reusefunctions.ReuseFunctions.takeScreenshotAtEndOfTest(ReuseFunctions.java:57)
	at webeventlistner.WebEventListener.onException(WebEventListener.java:63)
	at sun.reflect.GeneratedMethodAccessor19.invoke(Unknown Source)
	at sun.reflect.DelegatingMethodAccessorImpl.invoke(Unknown Source)
	at java.lang.reflect.Method.invoke(Unknown Source)
	at org.openqa.selenium.support.events.EventFiringWebDriver.lambda$new$0(EventFiringWebDriver.java:84)
	at com.sun.proxy.$Proxy9.onException(Unknown Source)
	at org.openqa.selenium.support.events.EventFiringWebDriver$EventFiringWebElement.lambda$new$0(EventFiringWebDriver.java:406)
	at com.sun.proxy.$Proxy15.click(Unknown Source)
	at org.openqa.selenium.support.events.EventFiringWebDriver$EventFiringWebElement.click(EventFiringWebDriver.java:417)
	at sun.reflect.GeneratedMethodAccessor9.invoke(Unknown Source)
	at sun.reflect.DelegatingMethodAccessorImpl.invoke(Unknown Source)
	at java.lang.reflect.Method.invoke(Unknown Source)
	at org.openqa.selenium.support.pagefactory.internal.LocatingElementHandler.invoke(LocatingElementHandler.java:51)
	at com.sun.proxy.$Proxy14.click(Unknown Source)
	at webpages.MusiconHoldPage.file_field_validation(MusiconHoldPage.java:136)
	at testcases.MusiconHoldPage_Test.file_field_validation(MusiconHoldPage_Test.java:70)
</failure>
    <system-out>Trying to find Element By : By.xpath: //button[contains(.,&apos;Action&apos;)]
Found Element By : By.xpath: //button[contains(.,&apos;Action&apos;)]
Trying to click on: [[ChromeDriver: chrome on WINDOWS (2b6a21eb581cd6ce8e103735c7191bdf)] -&gt; xpath: //button[contains(.,&apos;Action&apos;)]]
Exception occured: org.openqa.selenium.ElementNotInteractableException: element not interactable
  (Session info: chrome=84.0.4147.125)
Build info: version: &apos;3.141.5&apos;, revision: &apos;d54ebd709a&apos;, time: &apos;2018-11-06T11:42:16&apos;
System info: host: &apos;DESKTOP-4C220HH&apos;, ip: &apos;192.168.29.189&apos;, os.name: &apos;Windows 10&apos;, os.arch: &apos;amd64&apos;, os.version: &apos;10.0&apos;, java.version: &apos;1.8.0_251&apos;
Driver info: org.openqa.selenium.chrome.ChromeDriver
Capabilities {acceptInsecureCerts: false, browserName: chrome, browserVersion: 84.0.4147.125, chrome: {chromedriverVersion: 83.0.4103.14 (be04594a2b841..., userDataDir: C:\Users\Surendra\AppData\L...}, goog:chromeOptions: {debuggerAddress: localhost:51947}, javascriptEnabled: true, networkConnectionEnabled: false, pageLoadStrategy: normal, platform: WINDOWS, platformName: WINDOWS, proxy: Proxy(), setWindowRect: true, strictFileInteractability: false, timeouts: {implicit: 0, pageLoad: 300000, script: 30000}, unhandledPromptBehavior: dismiss and notify, webauthn:virtualAuthenticators: true}
Session ID: 2b6a21eb581cd6ce8e103735c7191bdf
</system-out>
  </testcase>
  <testcase classname="testcases.MusiconHoldPjsipPage_Test" name="musiconhold_validation" time="6.92"/>
  <testcase classname="testcases.MusiconHoldPjsipPage_Test" name="add_musichold" time="5.953"/>
  <testcase classname="testcases.MusiconHoldPjsipPage_Test" name="edit_musichold" time="16.056"/>
  <testcase classname="testcases.MusiconHoldPjsipPage_Test" name="delete_musichold" time="7.434"/>
  <testcase classname="testcases.MusiconHoldPjsipPage_Test" name="field_validation" time="7.849"/>
  <testcase classname="testcases.PagingIntercomPage_Test" name="paging_validation" time="6.597"/>
  <testcase classname="testcases.PagingIntercomPage_Test" name="add_paging" time="6.917"/>
  <testcase classname="testcases.PagingIntercomPage_Test" name="edit_paging" time="9.752"/>
  <testcase classname="testcases.PagingIntercomPage_Test" name="delete_paging" time="7.341"/>
  <testcase classname="testcases.PagingIntercomPjsipPage_Test" name="paging_validation" time="6.474"/>
  <testcase classname="testcases.PagingIntercomPjsipPage_Test" name="add_paging" time="6.862"/>
  <testcase classname="testcases.PagingIntercomPjsipPage_Test" name="edit_paging" time="9.724"/>
  <testcase classname="testcases.PagingIntercomPjsipPage_Test" name="delete_paging" time="7.333"/>
  <testcase classname="testcases.QueuesPage_Test" name="queues_validation" time="6.533"/>
  <testcase classname="testcases.QueuesPage_Test" name="add_queues" time="29.076"/>
  <testcase classname="testcases.QueuesPage_Test" name="edit_queues" time="21.183"/>
  <testcase classname="testcases.QueuesPage_Test" name="delete_queues" time="7.317"/>
  <testcase classname="testcases.QueuesPjsipPage_Test" name="queues_validation" time="7.187"/>
  <testcase classname="testcases.QueuesPjsipPage_Test" name="add_queues" time="28.06"/>
  <testcase classname="testcases.QueuesPjsipPage_Test" name="edit_queues" time="21.381"/>
  <testcase classname="testcases.QueuesPjsipPage_Test" name="delete_queues" time="8.777"/>
  <testcase classname="testcases.RingGroupsPage_Test" name="ringgroup_validation" time="8.791"/>
  <testcase classname="testcases.RingGroupsPage_Test" name="add_ringgroup" time="7.451"/>
  <testcase classname="testcases.RingGroupsPage_Test" name="edit_ringgroup" time="17.951"/>
  <testcase classname="testcases.RingGroupsPage_Test" name="delete_ringgroup" time="7.367"/>
  <testcase classname="testcases.RingGroupsPjsipPage_Test" name="ringgroup_validation" time="6.917"/>
  <testcase classname="testcases.RingGroupsPjsipPage_Test" name="add_ringgroup" time="7.175"/>
  <testcase classname="testcases.RingGroupsPjsipPage_Test" name="edit_ringgroup" time="23.34"/>
  <testcase classname="testcases.RingGroupsPjsipPage_Test" name="delete_ringgroup" time="7.38"/>
  <testcase classname="testcases.SystemRecordingPage_Test" name="systemrecord_validation" time="9.074"/>
  <testcase classname="testcases.SystemRecordingPage_Test" name="add_systemrecord" time="8.475"/>
  <testcase classname="testcases.SystemRecordingPage_Test" name="edit_systemrecord" time="7.906"/>
  <testcase classname="testcases.SystemRecordingPage_Test" name="delete_systemrecord" time="8.395"/>
  <testcase classname="testcases.SystemRecordingPage_Test" name="withoutselectradioedit" time="5.156"/>
  <testcase classname="testcases.DirectoryPage_Test" name="withoutradiodelete" time="5.019">
    <failure type="java.lang.NullPointerException">java.lang.NullPointerException
	at reusefunctions.ReuseFunctions.takeScreenshotAtEndOfTest(ReuseFunctions.java:57)
	at webeventlistner.WebEventListener.onException(WebEventListener.java:63)
	at sun.reflect.GeneratedMethodAccessor19.invoke(Unknown Source)
	at sun.reflect.DelegatingMethodAccessorImpl.invoke(Unknown Source)
	at java.lang.reflect.Method.invoke(Unknown Source)
	at org.openqa.selenium.support.events.EventFiringWebDriver.lambda$new$0(EventFiringWebDriver.java:84)
	at com.sun.proxy.$Proxy9.onException(Unknown Source)
	at org.openqa.selenium.support.events.EventFiringWebDriver.lambda$new$1(EventFiringWebDriver.java:107)
	at com.sun.proxy.$Proxy10.findElement(Unknown Source)
	at org.openqa.selenium.support.events.EventFiringWebDriver.findElement(EventFiringWebDriver.java:194)
	at org.openqa.selenium.support.pagefactory.DefaultElementLocator.findElement(DefaultElementLocator.java:69)
	at org.openqa.selenium.support.pagefactory.internal.LocatingElementHandler.invoke(LocatingElementHandler.java:38)
	at com.sun.proxy.$Proxy14.click(Unknown Source)
	at webpages.DirectoryPage.withoutradioedit(DirectoryPage.java:138)
	at testcases.DirectoryPage_Test.withoutradiodelete(DirectoryPage_Test.java:89)
</failure>
    <system-out>Trying to find Element By : By.xpath: //button[@data-toggle=&apos;dropdown&apos;][contains(.,&apos;Action&apos;)]
Exception occured: org.openqa.selenium.NoSuchSessionException: invalid session id
Build info: version: &apos;3.141.5&apos;, revision: &apos;d54ebd709a&apos;, time: &apos;2018-11-06T11:42:16&apos;
System info: host: &apos;DESKTOP-4C220HH&apos;, ip: &apos;192.168.29.189&apos;, os.name: &apos;Windows 10&apos;, os.arch: &apos;amd64&apos;, os.version: &apos;10.0&apos;, java.version: &apos;1.8.0_251&apos;
Driver info: org.openqa.selenium.chrome.ChromeDriver
Capabilities {acceptInsecureCerts: false, browserName: chrome, browserVersion: 84.0.4147.125, chrome: {chromedriverVersion: 83.0.4103.14 (be04594a2b841..., userDataDir: C:\Users\Surendra\AppData\L...}, goog:chromeOptions: {debuggerAddress: localhost:52649}, javascriptEnabled: true, networkConnectionEnabled: false, pageLoadStrategy: normal, platform: WINDOWS, platformName: WINDOWS, proxy: Proxy(), setWindowRect: true, strictFileInteractability: false, timeouts: {implicit: 0, pageLoad: 300000, script: 30000}, unhandledPromptBehavior: dismiss and notify, webauthn:virtualAuthenticators: true}
Session ID: 78af1a965f8fdf9375749982c34db110
*** Element info: {Using=xpath, value=//button[@data-toggle=&apos;dropdown&apos;][contains(.,&apos;Action&apos;)]}
</system-out>
  </testcase>
  <testcase classname="testcases.UserDirectoryPage_Test" name="withoutradiodelete" time="25.036">
    <failure type="java.lang.NullPointerException">java.lang.NullPointerException
	at reusefunctions.ReuseFunctions.takeScreenshotAtEndOfTest(ReuseFunctions.java:57)
	at webeventlistner.WebEventListener.onException(WebEventListener.java:63)
	at sun.reflect.GeneratedMethodAccessor19.invoke(Unknown Source)
	at sun.reflect.DelegatingMethodAccessorImpl.invoke(Unknown Source)
	at java.lang.reflect.Method.invoke(Unknown Source)
	at org.openqa.selenium.support.events.EventFiringWebDriver.lambda$new$0(EventFiringWebDriver.java:84)
	at com.sun.proxy.$Proxy9.onException(Unknown Source)
	at org.openqa.selenium.support.events.EventFiringWebDriver.lambda$new$1(EventFiringWebDriver.java:107)
	at com.sun.proxy.$Proxy10.findElement(Unknown Source)
	at org.openqa.selenium.support.events.EventFiringWebDriver.findElement(EventFiringWebDriver.java:194)
	at org.openqa.selenium.support.pagefactory.DefaultElementLocator.findElement(DefaultElementLocator.java:69)
	at org.openqa.selenium.support.pagefactory.internal.LocatingElementHandler.invoke(LocatingElementHandler.java:38)
	at com.sun.proxy.$Proxy14.click(Unknown Source)
	at webpages.UserDirectoryPage.withoutradioedit(UserDirectoryPage.java:125)
	at testcases.UserDirectoryPage_Test.withoutradiodelete(UserDirectoryPage_Test.java:89)
</failure>
    <system-out>Trying to find Element By : By.xpath: //button[contains(.,&apos;Action&apos;)]
Exception occured: org.openqa.selenium.NoSuchElementException: no such element: Unable to locate element: {&quot;method&quot;:&quot;xpath&quot;,&quot;selector&quot;:&quot;//button[contains(.,&apos;Action&apos;)]&quot;}
  (Session info: chrome=84.0.4147.125)
For documentation on this error, please visit: http://seleniumhq.org/exceptions/no_such_element.html
Build info: version: &apos;3.141.5&apos;, revision: &apos;d54ebd709a&apos;, time: &apos;2018-11-06T11:42:16&apos;
System info: host: &apos;DESKTOP-4C220HH&apos;, ip: &apos;192.168.29.189&apos;, os.name: &apos;Windows 10&apos;, os.arch: &apos;amd64&apos;, os.version: &apos;10.0&apos;, java.version: &apos;1.8.0_251&apos;
Driver info: org.openqa.selenium.chrome.ChromeDriver
Capabilities {acceptInsecureCerts: false, browserName: chrome, browserVersion: 84.0.4147.125, chrome: {chromedriverVersion: 83.0.4103.14 (be04594a2b841..., userDataDir: C:\Users\Surendra\AppData\L...}, goog:chromeOptions: {debuggerAddress: localhost:51866}, javascriptEnabled: true, networkConnectionEnabled: false, pageLoadStrategy: normal, platform: WINDOWS, platformName: WINDOWS, proxy: Proxy(), setWindowRect: true, strictFileInteractability: false, timeouts: {implicit: 0, pageLoad: 300000, script: 30000}, unhandledPromptBehavior: dismiss and notify, webauthn:virtualAuthenticators: true}
Session ID: d83e1e71684a6cd0346165cd6579df41
*** Element info: {Using=xpath, value=//button[contains(.,&apos;Action&apos;)]}
</system-out>
  </testcase>
  <testcase classname="testcases.DirectoryPage_Test" name="withoutradioedit" time="5.011">
    <failure type="java.lang.NullPointerException">java.lang.NullPointerException
	at reusefunctions.ReuseFunctions.takeScreenshotAtEndOfTest(ReuseFunctions.java:57)
	at webeventlistner.WebEventListener.onException(WebEventListener.java:63)
	at sun.reflect.GeneratedMethodAccessor19.invoke(Unknown Source)
	at sun.reflect.DelegatingMethodAccessorImpl.invoke(Unknown Source)
	at java.lang.reflect.Method.invoke(Unknown Source)
	at org.openqa.selenium.support.events.EventFiringWebDriver.lambda$new$0(EventFiringWebDriver.java:84)
	at com.sun.proxy.$Proxy9.onException(Unknown Source)
	at org.openqa.selenium.support.events.EventFiringWebDriver.lambda$new$1(EventFiringWebDriver.java:107)
	at com.sun.proxy.$Proxy10.findElement(Unknown Source)
	at org.openqa.selenium.support.events.EventFiringWebDriver.findElement(EventFiringWebDriver.java:194)
	at org.openqa.selenium.support.pagefactory.DefaultElementLocator.findElement(DefaultElementLocator.java:69)
	at org.openqa.selenium.support.pagefactory.internal.LocatingElementHandler.invoke(LocatingElementHandler.java:38)
	at com.sun.proxy.$Proxy14.click(Unknown Source)
	at webpages.DirectoryPage.withoutradioedit(DirectoryPage.java:138)
	at testcases.DirectoryPage_Test.withoutradioedit(DirectoryPage_Test.java:80)
</failure>
    <system-out>Trying to find Element By : By.xpath: //button[@data-toggle=&apos;dropdown&apos;][contains(.,&apos;Action&apos;)]
Exception occured: org.openqa.selenium.NoSuchSessionException: invalid session id
Build info: version: &apos;3.141.5&apos;, revision: &apos;d54ebd709a&apos;, time: &apos;2018-11-06T11:42:16&apos;
System info: host: &apos;DESKTOP-4C220HH&apos;, ip: &apos;192.168.29.189&apos;, os.name: &apos;Windows 10&apos;, os.arch: &apos;amd64&apos;, os.version: &apos;10.0&apos;, java.version: &apos;1.8.0_251&apos;
Driver info: org.openqa.selenium.chrome.ChromeDriver
Capabilities {acceptInsecureCerts: false, browserName: chrome, browserVersion: 84.0.4147.125, chrome: {chromedriverVersion: 83.0.4103.14 (be04594a2b841..., userDataDir: C:\Users\Surendra\AppData\L...}, goog:chromeOptions: {debuggerAddress: localhost:52649}, javascriptEnabled: true, networkConnectionEnabled: false, pageLoadStrategy: normal, platform: WINDOWS, platformName: WINDOWS, proxy: Proxy(), setWindowRect: true, strictFileInteractability: false, timeouts: {implicit: 0, pageLoad: 300000, script: 30000}, unhandledPromptBehavior: dismiss and notify, webauthn:virtualAuthenticators: true}
Session ID: 78af1a965f8fdf9375749982c34db110
*** Element info: {Using=xpath, value=//button[@data-toggle=&apos;dropdown&apos;][contains(.,&apos;Action&apos;)]}
</system-out>
  </testcase>
  <testcase classname="testcases.DirectoryPjsipPage_Test" name="directory_validation" time="8.888"/>
  <testcase classname="testcases.DirectoryPjsipPage_Test" name="add_directroy" time="1.679"/>
  <testcase classname="testcases.DirectoryPjsipPage_Test" name="assign_directroy" time="6.036"/>
  <testcase classname="testcases.DirectoryPjsipPage_Test" name="edit_directroy" time="9.983"/>
  <testcase classname="testcases.DirectoryPjsipPage_Test" name="delete_directroy" time="7.319"/>
  <testcase classname="testcases.DirectoryPjsipPage_Test" name="withoutradiodelete" time="5.182"/>
  <testcase classname="testcases.DirectoryPjsipPage_Test" name="withoutradioedit" time="5.251"/>
  <testcase classname="testcases.FeatureCodePage_Test" name="featurecode_validation" time="7.042"/>
  <testcase classname="testcases.FeatureCodePage_Test" name="deactive_validation" time="21.241">
    <failure type="java.lang.NullPointerException">java.lang.NullPointerException
	at reusefunctions.ReuseFunctions.takeScreenshotAtEndOfTest(ReuseFunctions.java:57)
	at webeventlistner.WebEventListener.onException(WebEventListener.java:63)
	at sun.reflect.GeneratedMethodAccessor19.invoke(Unknown Source)
	at sun.reflect.DelegatingMethodAccessorImpl.invoke(Unknown Source)
	at java.lang.reflect.Method.invoke(Unknown Source)
	at org.openqa.selenium.support.events.EventFiringWebDriver.lambda$new$0(EventFiringWebDriver.java:84)
	at com.sun.proxy.$Proxy9.onException(Unknown Source)
	at org.openqa.selenium.support.events.EventFiringWebDriver$EventFiringWebElement.lambda$new$0(EventFiringWebDriver.java:406)
	at com.sun.proxy.$Proxy15.click(Unknown Source)
	at org.openqa.selenium.support.events.EventFiringWebDriver$EventFiringWebElement.click(EventFiringWebDriver.java:417)
	at sun.reflect.GeneratedMethodAccessor9.invoke(Unknown Source)
	at sun.reflect.DelegatingMethodAccessorImpl.invoke(Unknown Source)
	at java.lang.reflect.Method.invoke(Unknown Source)
	at org.openqa.selenium.support.pagefactory.internal.LocatingElementHandler.invoke(LocatingElementHandler.java:51)
	at com.sun.proxy.$Proxy14.click(Unknown Source)
	at webpages.FeatureCodePage.deactive_validation(FeatureCodePage.java:59)
	at testcases.FeatureCodePage_Test.deactive_validation(FeatureCodePage_Test.java:41)
</failure>
    <system-out>Trying to find Element By : By.xpath: //td[contains(.,&apos;*72&apos;)]
Found Element By : By.xpath: //td[contains(.,&apos;*72&apos;)]
Trying to click on: [[ChromeDriver: chrome on WINDOWS (48695faea216ec1700514aeded5b8e30)] -&gt; xpath: //td[contains(.,&apos;*72&apos;)]]
Clicked on: [[ChromeDriver: chrome on WINDOWS (48695faea216ec1700514aeded5b8e30)] -&gt; xpath: //td[contains(.,&apos;*72&apos;)]]
Trying to find Element By : By.xpath: //button[contains(.,&apos;Action&apos;)]
Found Element By : By.xpath: //button[contains(.,&apos;Action&apos;)]
Trying to click on: [[ChromeDriver: chrome on WINDOWS (48695faea216ec1700514aeded5b8e30)] -&gt; xpath: //button[contains(.,&apos;Action&apos;)]]
Clicked on: [[ChromeDriver: chrome on WINDOWS (48695faea216ec1700514aeded5b8e30)] -&gt; xpath: //button[contains(.,&apos;Action&apos;)]]
Trying to find Element By : By.xpath: //a[contains(.,&apos;Deactivate&apos;)]
Found Element By : By.xpath: //a[contains(.,&apos;Deactivate&apos;)]
Trying to click on: [[ChromeDriver: chrome on WINDOWS (48695faea216ec1700514aeded5b8e30)] -&gt; xpath: //a[contains(.,&apos;Deactivate&apos;)]]
Exception occured: org.openqa.selenium.ElementNotInteractableException: element not interactable
  (Session info: chrome=84.0.4147.125)
Build info: version: &apos;3.141.5&apos;, revision: &apos;d54ebd709a&apos;, time: &apos;2018-11-06T11:42:16&apos;
System info: host: &apos;DESKTOP-4C220HH&apos;, ip: &apos;192.168.29.189&apos;, os.name: &apos;Windows 10&apos;, os.arch: &apos;amd64&apos;, os.version: &apos;10.0&apos;, java.version: &apos;1.8.0_251&apos;
Driver info: org.openqa.selenium.chrome.ChromeDriver
[...]
	at webeventlistner.WebEventListener.onException(WebEventListener.java:63)
	at sun.reflect.GeneratedMethodAccessor19.invoke(Unknown Source)
	at sun.reflect.DelegatingMethodAccessorImpl.invoke(Unknown Source)
	at java.lang.reflect.Method.invoke(Unknown Source)
	at org.openqa.selenium.support.events.EventFiringWebDriver.lambda$new$0(EventFiringWebDriver.java:84)
	at com.sun.proxy.$Proxy9.onException(Unknown Source)
	at org.openqa.selenium.support.events.EventFiringWebDriver.lambda$new$1(EventFiringWebDriver.java:107)
	at com.sun.proxy.$Proxy10.findElement(Unknown Source)
	at org.openqa.selenium.support.events.EventFiringWebDriver.findElement(EventFiringWebDriver.java:194)
	at org.openqa.selenium.support.pagefactory.DefaultElementLocator.findElement(DefaultElementLocator.java:69)
	at org.openqa.selenium.support.pagefactory.internal.LocatingElementHandler.invoke(LocatingElementHandler.java:38)
	at com.sun.proxy.$Proxy14.click(Unknown Source)
	at webpages.UserAnnouncementPage.add_announcement(UserAnnouncementPage.java:70)
	at testcases.UserAnnouncementPage_Test.add_announcement(UserAnnouncementPage_Test.java:50)
</failure>
    <system-out>Trying to find Element By : By.xpath: //button[@data-toggle=&apos;dropdown&apos;][contains(.,&apos;Action&apos;)]
Exception occured: org.openqa.selenium.NoSuchElementException: no such element: Unable to locate element: {&quot;method&quot;:&quot;xpath&quot;,&quot;selector&quot;:&quot;//button[@data-toggle=&apos;dropdown&apos;][contains(.,&apos;Action&apos;)]&quot;}
  (Session info: chrome=84.0.4147.125)
For documentation on this error, please visit: http://seleniumhq.org/exceptions/no_such_element.html
Build info: version: &apos;3.141.5&apos;, revision: &apos;d54ebd709a&apos;, time: &apos;2018-11-06T11:42:16&apos;
System info: host: &apos;DESKTOP-4C220HH&apos;, ip: &apos;192.168.29.189&apos;, os.name: &apos;Windows 10&apos;, os.arch: &apos;amd64&apos;, os.version: &apos;10.0&apos;, java.version: &apos;1.8.0_251&apos;
Driver info: org.openqa.selenium.chrome.ChromeDriver
Capabilities {acceptInsecureCerts: false, browserName: chrome, browserVersion: 84.0.4147.125, chrome: {chromedriverVersion: 83.0.4103.14 (be04594a2b841..., userDataDir: C:\Users\Surendra\AppData\L...}, goog:chromeOptions: {debuggerAddress: localhost:55300}, javascriptEnabled: true, networkConnectionEnabled: false, pageLoadStrategy: normal, platform: WINDOWS, platformName: WINDOWS, proxy: Proxy(), setWindowRect: true, strictFileInteractability: false, timeouts: {implicit: 0, pageLoad: 300000, script: 30000}, unhandledPromptBehavior: dismiss and notify, webauthn:virtualAuthenticators: true}
Session ID: 18a7afd894d423baad46409c163be3bf
*** Element info: {Using=xpath, value=//button[@data-toggle=&apos;dropdown&apos;][contains(.,&apos;Action&apos;)]}
</system-out>
  </testcase>
  <testcase classname="testcases.UserAnnouncementPage_Test" name="edit_announcement" time="25.064">
    <failure type="java.lang.NullPointerException">java.lang.NullPointerException
	at reusefunctions.ReuseFunctions.takeScreenshotAtEndOfTest(ReuseFunctions.java:57)
	at webeventlistner.WebEventListener.onException(WebEventListener.java:63)
	at sun.reflect.GeneratedMethodAccessor19.invoke(Unknown Source)
	at sun.reflect.DelegatingMethodAccessorImpl.invoke(Unknown Source)
	at java.lang.reflect.Method.invoke(Unknown Source)
	at org.openqa.selenium.support.events.EventFiringWebDriver.lambda$new$0(EventFiringWebDriver.java:84)
	at com.sun.proxy.$Proxy9.onException(Unknown Source)
	at org.openqa.selenium.support.events.EventFiringWebDriver.lambda$new$1(EventFiringWebDriver.java:107)
	at com.sun.proxy.$Proxy10.findElement(Unknown Source)
	at org.openqa.selenium.support.events.EventFiringWebDriver.findElement(EventFiringWebDriver.java:194)
	at org.openqa.selenium.support.pagefactory.DefaultElementLocator.findElement(DefaultElementLocator.java:69)
	at org.openqa.selenium.support.pagefactory.internal.LocatingElementHandler.invoke(LocatingElementHandler.java:38)
	at com.sun.proxy.$Proxy14.click(Unknown Source)
	at webpages.UserAnnouncementPage.edit_announcement(UserAnnouncementPage.java:92)
	at testcases.UserAnnouncementPage_Test.edit_announcement(UserAnnouncementPage_Test.java:58)
</failure>
    <system-out>Trying to find Element By : By.xpath: //td[@class=&apos;ng-binding&apos;][contains(.,&apos;newtest&apos;)]
Exception occured: org.openqa.selenium.NoSuchElementException: no such element: Unable to locate element: {&quot;method&quot;:&quot;xpath&quot;,&quot;selector&quot;:&quot;//td[@class=&apos;ng-binding&apos;][contains(.,&apos;newtest&apos;)]&quot;}
  (Session info: chrome=84.0.4147.125)
For documentation on this error, please visit: http://seleniumhq.org/exceptions/no_such_element.html
Build info: version: &apos;3.141.5&apos;, revision: &apos;d54ebd709a&apos;, time: &apos;2018-11-06T11:42:16&apos;
System info: host: &apos;DESKTOP-4C220HH&apos;, ip: &apos;192.168.29.189&apos;, os.name: &apos;Windows 10&apos;, os.arch: &apos;amd64&apos;, os.version: &apos;10.0&apos;, java.version: &apos;1.8.0_251&apos;
Driver info: org.openqa.selenium.chrome.ChromeDriver
Capabilities {acceptInsecureCerts: false, browserName: chrome, browserVersion: 84.0.4147.125, chrome: {chromedriverVersion: 83.0.4103.14 (be04594a2b841..., userDataDir: C:\Users\Surendra\AppData\L...}, goog:chromeOptions: {debuggerAddress: localhost:55300}, javascriptEnabled: true, networkConnectionEnabled: false, pageLoadStrategy: normal, platform: WINDOWS, platformName: WINDOWS, proxy: Proxy(), setWindowRect: true, strictFileInteractability: false, timeouts: {implicit: 0, pageLoad: 300000, script: 30000}, unhandledPromptBehavior: dismiss and notify, webauthn:virtualAuthenticators: true}
Session ID: 18a7afd894d423baad46409c163be3bf
*** Element info: {Using=xpath, value=//td[@class=&apos;ng-binding&apos;][contains(.,&apos;newtest&apos;)]}
</system-out>
  </testcase>
  <testcase classname="testcases.UserAnnouncementPage_Test" name="delete_announcement" time="25.064">
    <failure type="java.lang.NullPointerException">java.lang.NullPointerException
	at reusefunctions.ReuseFunctions.takeScreenshotAtEndOfTest(ReuseFunctions.java:57)
	at webeventlistner.WebEventListener.onException(WebEventListener.java:63)
	at sun.reflect.GeneratedMethodAccessor19.invoke(Unknown Source)
	at sun.reflect.DelegatingMethodAccessorImpl.invoke(Unknown Source)
	at java.lang.reflect.Method.invoke(Unknown Source)
	at org.openqa.selenium.support.events.EventFiringWebDriver.lambda$new$0(EventFiringWebDriver.java:84)
	at com.sun.proxy.$Proxy9.onException(Unknown Source)
	at org.openqa.selenium.support.events.EventFiringWebDriver.lambda$new$1(EventFiringWebDriver.java:107)
	at com.sun.proxy.$Proxy10.findElement(Unknown Source)
	at org.openqa.selenium.support.events.EventFiringWebDriver.findElement(EventFiringWebDriver.java:194)
	at org.openqa.selenium.support.pagefactory.DefaultElementLocator.findElement(DefaultElementLocator.java:69)
	at org.openqa.selenium.support.pagefactory.internal.LocatingElementHandler.invoke(LocatingElementHandler.java:38)
	at com.sun.proxy.$Proxy14.click(Unknown Source)
	at webpages.UserAnnouncementPage.delete_announcement(UserAnnouncementPage.java:109)
	at testcases.UserAnnouncementPage_Test.delete_announcement(UserAnnouncementPage_Test.java:66)
</failure>
    <system-out>Trying to find Element By : By.xpath: //td[@class=&apos;ng-binding&apos;][contains(.,&apos;newtest&apos;)]
Exception occured: org.openqa.selenium.NoSuchElementException: no such element: Unable to locate element: {&quot;method&quot;:&quot;xpath&quot;,&quot;selector&quot;:&quot;//td[@class=&apos;ng-binding&apos;][contains(.,&apos;newtest&apos;)]&quot;}
  (Session info: chrome=84.0.4147.125)
For documentation on this error, please visit: http://seleniumhq.org/exceptions/no_such_element.html
Build info: version: &apos;3.141.5&apos;, revision: &apos;d54ebd709a&apos;, time: &apos;2018-11-06T11:42:16&apos;
System info: host: &apos;DESKTOP-4C220HH&apos;, ip: &apos;192.168.29.189&apos;, os.name: &apos;Windows 10&apos;, os.arch: &apos;amd64&apos;, os.version: &apos;10.0&apos;, java.version: &apos;1.8.0_251&apos;
Driver info: org.openqa.selenium.chrome.ChromeDriver
Capabilities {acceptInsecureCerts: false, browserName: chrome, browserVersion: 84.0.4147.125, chrome: {chromedriverVersion: 83.0.4103.14 (be04594a2b841..., userDataDir: C:\Users\Surendra\AppData\L...}, goog:chromeOptions: {debuggerAddress: localhost:55300}, javascriptEnabled: true, networkConnectionEnabled: false, pageLoadStrategy: normal, platform: WINDOWS, platformName: WINDOWS, proxy: Proxy(), setWindowRect: true, strictFileInteractability: false, timeouts: {implicit: 0, pageLoad: 300000, script: 30000}, unhandledPromptBehavior: dismiss and notify, webauthn:virtualAuthenticators: true}
Session ID: 18a7afd894d423baad46409c163be3bf
*** Element info: {Using=xpath, value=//td[@class=&apos;ng-binding&apos;][contains(.,&apos;newtest&apos;)]}
</system-out>
  </testcase>
  <testcase classname="testcases.ListofExtensionsSipPage_Test" name="delete_extension" time="5.019">
    <failure type="java.lang.NullPointerException">java.lang.NullPointerException
	at reusefunctions.ReuseFunctions.takeScreenshotAtEndOfTest(ReuseFunctions.java:57)
	at webeventlistner.WebEventListener.onException(WebEventListener.java:63)
	at sun.reflect.GeneratedMethodAccessor19.invoke(Unknown Source)
	at sun.reflect.DelegatingMethodAccessorImpl.invoke(Unknown Source)
	at java.lang.reflect.Method.invoke(Unknown Source)
	at org.openqa.selenium.support.events.EventFiringWebDriver.lambda$new$0(EventFiringWebDriver.java:84)
	at com.sun.proxy.$Proxy9.onException(Unknown Source)
	at org.openqa.selenium.support.events.EventFiringWebDriver.lambda$new$1(EventFiringWebDriver.java:107)
	at com.sun.proxy.$Proxy10.findElement(Unknown Source)
	at org.openqa.selenium.support.events.EventFiringWebDriver.findElement(EventFiringWebDriver.java:194)
	at org.openqa.selenium.support.pagefactory.DefaultElementLocator.findElement(DefaultElementLocator.java:69)
	at org.openqa.selenium.support.pagefactory.internal.LocatingElementHandler.invoke(LocatingElementHandler.java:38)
	at com.sun.proxy.$Proxy14.click(Unknown Source)
	at webpages.ListofExtensionsSipPage.delete_extension(ListofExtensionsSipPage.java:239)
	at testcases.ListofExtensionsSipPage_Test.delete_extension(ListofExtensionsSipPage_Test.java:86)
</failure>
    <system-out>Trying to find Element By : By.xpath: //td[@class=&apos;ng-binding&apos;][contains(.,&apos;786&apos;)]
Exception occured: org.openqa.selenium.NoSuchSessionException: invalid session id
Build info: version: &apos;3.141.5&apos;, revision: &apos;d54ebd709a&apos;, time: &apos;2018-11-06T11:42:16&apos;
System info: host: &apos;DESKTOP-4C220HH&apos;, ip: &apos;192.168.29.189&apos;, os.name: &apos;Windows 10&apos;, os.arch: &apos;amd64&apos;, os.version: &apos;10.0&apos;, java.version: &apos;1.8.0_251&apos;
Driver info: org.openqa.selenium.chrome.ChromeDriver
Capabilities {acceptInsecureCerts: false, browserName: chrome, browserVersion: 84.0.4147.125, chrome: {chromedriverVersion: 83.0.4103.14 (be04594a2b841..., userDataDir: C:\Users\Surendra\AppData\L...}, goog:chromeOptions: {debuggerAddress: localhost:54094}, javascriptEnabled: true, networkConnectionEnabled: false, pageLoadStrategy: normal, platform: WINDOWS, platformName: WINDOWS, proxy: Proxy(), setWindowRect: true, strictFileInteractability: false, timeouts: {implicit: 0, pageLoad: 300000, script: 30000}, unhandledPromptBehavior: dismiss and notify, webauthn:virtualAuthenticators: true}
Session ID: 83a262e702ef4447bca83ba33276256e
*** Element info: {Using=xpath, value=//td[@class=&apos;ng-binding&apos;][contains(.,&apos;786&apos;)]}
</system-out>
  </testcase>
  <testcase classname="testcases.ListofExtensionsSipPage_Test" name="teardown" time="5.023">
    <failure type="java.lang.NullPointerException">java.lang.NullPointerException
	at reusefunctions.ReuseFunctions.takeScreenshotAtEndOfTest(ReuseFunctions.java:57)
	at webeventlistner.WebEventListener.onException(WebEventListener.java:63)
	at sun.reflect.GeneratedMethodAccessor19.invoke(Unknown Source)
	at sun.reflect.DelegatingMethodAccessorImpl.invoke(Unknown Source)
	at java.lang.reflect.Method.invoke(Unknown Source)
	at org.openqa.selenium.support.events.EventFiringWebDriver.lambda$new$0(EventFiringWebDriver.java:84)
	at com.sun.proxy.$Proxy9.onException(Unknown Source)
	at org.openqa.selenium.support.events.EventFiringWebDriver.lambda$new$1(EventFiringWebDriver.java:107)
	at com.sun.proxy.$Proxy10.close(Unknown Source)
	at org.openqa.selenium.support.events.EventFiringWebDriver.close(EventFiringWebDriver.java:206)
	at testcases.ListofExtensionsSipPage_Test.teardown(ListofExtensionsSipPage_Test.java:93)
</failure>
    <system-out>Exception occured: org.openqa.selenium.NoSuchSessionException: invalid session id
Build info: version: &apos;3.141.5&apos;, revision: &apos;d54ebd709a&apos;, time: &apos;2018-11-06T11:42:16&apos;
System info: host: &apos;DESKTOP-4C220HH&apos;, ip: &apos;192.168.29.189&apos;, os.name: &apos;Windows 10&apos;, os.arch: &apos;amd64&apos;, os.version: &apos;10.0&apos;, java.version: &apos;1.8.0_251&apos;
Driver info: org.openqa.selenium.chrome.ChromeDriver
Capabilities {acceptInsecureCerts: false, browserName: chrome, browserVersion: 84.0.4147.125, chrome: {chromedriverVersion: 83.0.4103.14 (be04594a2b841..., userDataDir: C:\Users\Surendra\AppData\L...}, goog:chromeOptions: {debuggerAddress: localhost:55300}, javascriptEnabled: true, networkConnectionEnabled: false, pageLoadStrategy: normal, platform: WINDOWS, platformName: WINDOWS, proxy: Proxy(), setWindowRect: true, strictFileInteractability: false, timeouts: {implicit: 0, pageLoad: 300000, script: 30000}, unhandledPromptBehavior: dismiss and notify, webauthn:virtualAuthenticators: true}
Session ID: 18a7afd894d423baad46409c163be3bf
</system-out>
  </testcase>
  <testcase classname="testcases.ListofExtensionsUserDevice_Test" name="extension_validation" time="6.782"/>
  <testcase classname="testcases.ListofExtensionsUserDevice_Test" name="add_extension" time="6.439"/>
  <testcase classname="testcases.ListofExtensionsUserDevice_Test" name="edit_extension" time="9.867"/>
  <testcase classname="testcases.ListofExtensionsUserDevice_Test" name="followme_extension" time="10.902"/>
  <testcase classname="testcases.ListofExtensionsUserDevice_Test" name="edit_follow_extension" time="12.198"/>
  <testcase classname="testcases.ListofExtensionsUserDevice_Test" name="check_bulk_extension" time="8.021"/>
  <testcase classname="testcases.ListofExtensionsUserDevice_Test" name="delete_extension" time="7.351"/>
  <testcase classname="testcases.LoginPage_Test" name="loginTest" time="13.063">
    <failure type="java.lang.NullPointerException">java.lang.NullPointerException
	at reusefunctions.ReuseFunctions.takeScreenshotAtEndOfTest(ReuseFunctions.java:57)
	at webeventlistner.WebEventListener.onException(WebEventListener.java:63)
	at sun.reflect.GeneratedMethodAccessor19.invoke(Unknown Source)
	at sun.reflect.DelegatingMethodAccessorImpl.invoke(Unknown Source)
	at java.lang.reflect.Method.invoke(Unknown Source)
	at org.openqa.selenium.support.events.EventFiringWebDriver.lambda$new$0(EventFiringWebDriver.java:84)
	at com.sun.proxy.$Proxy9.onException(Unknown Source)
	at org.openqa.selenium.support.events.EventFiringWebDriver.lambda$new$1(EventFiringWebDriver.java:107)
	at com.sun.proxy.$Proxy10.findElement(Unknown Source)
	at org.openqa.selenium.support.events.EventFiringWebDriver.findElement(EventFiringWebDriver.java:194)
	at org.openqa.selenium.support.pagefactory.DefaultElementLocator.findElement(DefaultElementLocator.java:69)
	at org.openqa.selenium.support.pagefactory.internal.LocatingElementHandler.invoke(LocatingElementHandler.java:38)
	at com.sun.proxy.$Proxy14.sendKeys(Unknown Source)
	at webpages.LoginPage.login(LoginPage.java:31)
	at testcases.LoginPage_Test.loginTest(LoginPage_Test.java:39)
</failure>
    <system-out>Trying to find Element By : By.xpath: //input[@ng-model=&apos;formdata.username&apos;]
Exception occured: org.openqa.selenium.WebDriverException: chrome not reachable
  (Session info: chrome=84.0.4147.125)
Build info: version: &apos;3.141.5&apos;, revision: &apos;d54ebd709a&apos;, time: &apos;2018-11-06T11:42:16&apos;
System info: host: &apos;DESKTOP-4C220HH&apos;, ip: &apos;192.168.29.189&apos;, os.name: &apos;Windows 10&apos;, os.arch: &apos;amd64&apos;, os.version: &apos;10.0&apos;, java.version: &apos;1.8.0_251&apos;
Driver info: org.openqa.selenium.chrome.ChromeDriver
Capabilities {acceptInsecureCerts: false, browserName: chrome, browserVersion: 84.0.4147.125, chrome: {chromedriverVersion: 83.0.4103.14 (be04594a2b841..., userDataDir: C:\Users\Surendra\AppData\L...}, goog:chromeOptions: {debuggerAddress: localhost:51696}, javascriptEnabled: true, networkConnectionEnabled: false, pageLoadStrategy: normal, platform: WINDOWS, platformName: WINDOWS, proxy: Proxy(), setWindowRect: true, strictFileInteractability: false, timeouts: {implicit: 0, pageLoad: 300000, script: 30000}, unhandledPromptBehavior: dismiss and notify, webauthn:virtualAuthenticators: true}
Session ID: 035d9fa39ffa65d912a78dddb995af21
*** Element info: {Using=xpath, value=//input[@ng-model=&apos;formdata.username&apos;]}
</system-out>
    <system-err>[1597328136.506][WARNING]: Timed out connecting to Chrome, retrying...
</system-err>
  </testcase>
  <testcase classname="testcases.LoginPage_Test" name="getmethodstatus" time="13.07">
    <failure type="java.lang.NullPointerException">java.lang.NullPointerException
	at reusefunctions.ReuseFunctions.takeScreenshotAtEndOfTest(ReuseFunctions.java:57)
	at webeventlistner.WebEventListener.onException(WebEventListener.java:63)
	at sun.reflect.GeneratedMethodAccessor19.invoke(Unknown Source)
	at sun.reflect.DelegatingMethodAccessorImpl.invoke(Unknown Source)
	at java.lang.reflect.Method.invoke(Unknown Source)
	at org.openqa.selenium.support.events.EventFiringWebDriver.lambda$new$0(EventFiringWebDriver.java:84)
	at com.sun.proxy.$Proxy9.onException(Unknown Source)
	at org.openqa.selenium.support.events.EventFiringWebDriver.lambda$new$1(EventFiringWebDriver.java:107)
	at com.sun.proxy.$Proxy10.getScreenshotAs(Unknown Source)
	at org.openqa.selenium.support.events.EventFiringWebDriver.getScreenshotAs(EventFiringWebDriver.java:302)
	at reusefunctions.ReuseFunctions.getScreenshot(ReuseFunctions.java:101)
	at webpages.BaseTest.getResult(BaseTest.java:100)
	at testcases.LoginPage_Test.getmethodstatus(LoginPage_Test.java:46)
</failure>
    <system-out>Exception occured: org.openqa.selenium.NoSuchSessionException: invalid session id
Build info: version: &apos;3.141.5&apos;, revision: &apos;d54ebd709a&apos;, time: &apos;2018-11-06T11:42:16&apos;
System info: host: &apos;DESKTOP-4C220HH&apos;, ip: &apos;192.168.29.189&apos;, os.name: &apos;Windows 10&apos;, os.arch: &apos;amd64&apos;, os.version: &apos;10.0&apos;, java.version: &apos;1.8.0_251&apos;
Driver info: org.openqa.selenium.chrome.ChromeDriver
Capabilities {acceptInsecureCerts: false, browserName: chrome, browserVersion: 84.0.4147.125, chrome: {chromedriverVersion: 83.0.4103.14 (be04594a2b841..., userDataDir: C:\Users\Surendra\AppData\L...}, goog:chromeOptions: {debuggerAddress: localhost:55374}, javascriptEnabled: true, networkConnectionEnabled: false, pageLoadStrategy: normal, platform: WINDOWS, platformName: WINDOWS, proxy: Proxy(), setWindowRect: true, strictFileInteractability: false, timeouts: {implicit: 0, pageLoad: 300000, script: 30000}, unhandledPromptBehavior: dismiss and notify, webauthn:virtualAuthenticators: true}
Session ID: 5be3268b2ad1bafe978afc06013d0c56
</system-out>
  </testcase>
  <testcase classname="testcases.LoginPage_Test" name="endreport" time="14.504">
    <skipped/>
  </testcase>
  <testcase classname="testcases.UserLoginPage_Test" name="endreport" time="14.504">
    <skipped/>
  </testcase>
</testsuite>